..........xxx..................................................................
...............................................................................
...............................................................................
..........................xxxx.................................................
...............................................................................
...............................................................................
...............................................................................
...................................................xxx.........................
...................................................xxx.........................
.....................................................x.........................
...............................................................................
...............................................................................
...............................................................................
.....................................x.x.......................................
.....................................x.........................................
.......................................x.......................................
...............................................................................
...............................................................................
.........................xxx...................................................
...............................................................................
.........................xxx.............................................xxx...
...............................................................................
...............................................................................
..........................................................................xxx..
