.......x..x..........................x.......x...........xx...............xxx.x
....xx.............................xx......x.........x.x..................x.x..
..x..xx.x.........................xxx......x..xx.x..x..x.......................
.x...x...xx.........................x.........xxx..x...x...xx.........xx.xx....
.x..x...........................................xx.........xxx........xx.xx....
x............................x.............xx....x..x......x..x.......x...x....
.xx..........................x.............xx......x........x.x........xxx.....
.............................x..............................xxx................
...............................................................................
......xx.......................................................................
......xx.....xx................xx..............................................
............x..x...............xx..............................................
............x.x............................................................xx..
.............x.....................xx......................................xx..
...................................xx..........................................
x..............................................................................
.x...........................................................................xx
...........................................................xx................xx
..xx.......................................................xx..................
...xx..........................................................................
....x............................xx............................................
..xx............................xxx............................................
.xx....xx......................................x........x......................
xx.....x.x............................xx.....xxx.........xx................x.x.
