...............................................................................
........x..............x...............x...............x...............x.......
.........x..............x...............x...............x...............x......
.......xxx............xxx.............xxx.............xxx.............xxx......
...............................................................................
...............................................................................
...............................................................................
............x..............x...............x...............x...............x...
.............x..............x...............x...............x...............x..
...........xxx............xxx.............xxx.............xxx.............xxx..
...............................................................................
...............................................................................
...............................................................................
x...............x..............x...............x...............x...............
.x...............x..............x...............x...............x..............
xx.............xxx............xxx.............xxx.............xxx.............x
...............................................................................
...............................................................................
...............................................................................
....x...............x..............x...............x...............x...........
.....x...............x..............x...............x...............x..........
...xxx.............xxx............xxx.............xxx.............xxx..........
...............................................................................
...............................................................................
