...............................................................................
...............................................................................
.............................xx................................................
............................x.x................................................
..............x............xxx....xx.xxx.......................................
..............xxxx........xxx....x..xxxx.......................................
....xx.........xxxx........xxx....xx...........................................
....xx.........x..x.........x.x................................................
.........x.....xxxx..........xx................................................
.........x....xxxx........x....................................................
..............x............x...................................................
.........................xxx...................................................
...............................................................................
...............................................................................
...............................................................................
...............................................................................
...............................................................................
..................................x............................................
................................x..............................................
.................................x..x..........................................
....................................x..........................................
...................................x...........................................
....................................xxx........................................
......................................x........................................
