...............................................................................
...............................................................................
...............................................................................
...............................................................................
...............................................................................
...............................................................................
.........xx.....xx................xx.....xx................xx.....xx...........
..........xx...xx..................xx...xx..................xx...xx............
.......x..x.x.x.x..x............x..x.x.x.x..x............x..x.x.x.x..x.........
.......xxx.xx.xx.xxx............xxx.xx.xx.xxx............xxx.xx.xx.xxx.........
........x.x.x.x.x.x..............x.x.x.x.x.x..............x.x.x.x.x.x..........
.........xxx...xxx................xxx...xxx................xxx...xxx...........
...............................................................................
.........xxx...xxx................xxx...xxx................xxx...xxx...........
........x.x.x.x.x.x..............x.x.x.x.x.x..............x.x.x.x.x.x..........
.......xxx.xx.xx.xxx............xxx.xx.xx.xxx............xxx.xx.xx.xxx.........
.......x..x.x.x.x..x............x..x.x.x.x..x............x..x.x.x.x..x.........
..........xx...xx..................xx...xx..................xx...xx............
.........xx.....xx................xx.....xx................xx.....xx...........
...............................................................................
...............................................................................
...............................................................................
...............................................................................
...............................................................................
