#################################################
#.#***#*****#*****#*******#*****#*****#*********#
#.###*#*###*#*###*#*#*###*###*#*#*#####*#*#####*#
#...#*****#*****#***#***#*****#***#*****#***#***#
###.###################*#######*###*#######*#####
#.#.#***#*********#***#*#*#*****#***#.....#*****#
#.#.#*#*#*#######*#*#*#*#*#*#####*#####.#.#####*#
#.#.#*#*#*#*****#***#***#*******#*#.....#.#...#*#
#.#.#*#*#*#*###*#####*#####*#####*#.#.###.#.#.#*#
#...#*#***#*#*#*****#*#***#*#*****#.#.#.#...#.#*#
#.###*#####*#*#####*###*#*###*#######.#.#.#####*#
#.#***#***#***#***#*****#*#***#.......#...#...#*#
#.#*###*#*###*#*#########*#*#####.#####.###.#.#*#
#.#*****#***#*#*********#***......#...#...#.#..*#
#.#*#######*#*#####*#*###########.#.#.###.#.###*#
#.#*#.....#*#***#***#*#...#.......#.#...#.#.#*#*#
#.###.###.#*###*#*###*#.#.#.#######.###.###.#*#*#
#.....#*#.#***#*#*#***#.#.#.#.....#...#.#...#***#
#######*#.#*###*#*#####.#.#.#.###.###.#.#.###*###
#*******#.#*******#.....#.#...#.#...#.#.#...#***#
#*###*#*#.#####*###.#####.#####.###.#.#.#.#.###*#
#***#*#*#.#...#*#...#***#.....#.....#.#.#.#.#***#
###*#*###.#.#.#*#.###*#*#####.#.#####.#.###.#*###
#***#***#...#.#*#.#*#*#*****#.#...#...#.....#***#
#*#####*#####.#*#.#*#*#*###*#.#.###.###########*#
#*****#*****#.#*#.#*#*#*#***#.#.#...#*******#*#*#
#####*#####*#.###.#*#*#*#*###.#.#.###*#####*#*#*#
#*****#*#***#.....#***#*#***#.#.#...#*****#*#*#*#
#*#####*#*#########*###*###*#.#####.#*###*#*#*#*#
#*******#*#*********#***#***#.......#***#*#***#*#
#######*#*#*#########*###*#############*#*###*#*#
#*******#*#***#*****#***#*****#***#*****#*#***#*#
#*#######*###*#*###*###*#####*#*#*#*#####*#####*#
#*#*****#***#***#***#*#*****#***#*#*#***#*****#*#
#*#####*###*#####*###*#####*#######*#*#*#####*#*#
#*********#***************#***********#*****#***#
#############################################*###

Voce escapou de todos! Ninguem conseguiu te segurar!
Veja abaixo os detalhes da sua fuga:
----Pessoas te procurando: 949
----Numero total de caminhos validos:   864
----Numero total de caminhos visitados: 602
----Exploracao total do labirinto: 69.0%
