###################################################
#.....#...........#...........#.........#*********#
#####.#.#####.###.###.#######.###.#####.#####*#####
#.....#.#.....#...#...#.....#...#.....#.....#*****#
#.#####.#.#####.###.###.###.###.#.###.#####.#*###*#
#.#...#.#...#...#...#.#.#...#...#...#.#.....#*#***#
#.#.###.###.#.###.###.#.#.#.#.###.###.#.#####*#*#*#
#.#.....#.#.#...#.#.#...#.#.#...#.#...#.#*****#*#*#
#.#.#####.#.###.#.#.#.###.#.###.###.###.#####*#*###
#.#.#.....#...#...#...#...#.#...#...#.#.....#*#***#
#.#.#.#######.#########.###.#.###.###.#####.#*###*#
#.#...#...#...#...#.....#...#.#.....#.....#.#*#***#
#.#####.#.#.###.#.#.#######.#.###.#.#.###.#.#*#*#*#
#.#...#.#.#.....#.#.......#.#...#.#.#.#...#.#*#*#*#
#.#.#.#.#.#######.#######.#.###.###.#.#####.#*#*#*#
#...#.#.#.........#.......#.#...#...#.......#*#*#*#
#####.#.###########.#######.#.###.###.#########*#*#
#.....#.#...#.........#.#...#.#...#.#.#*******#*#*#
#.#####.#.#.#########.#.#.###.###.#.#.###*###*#*#*#
#.#.......#.....#.....#.#...#.....#.#.#***#*#***#*#
#.#####.#######.#.#####.###.#######.#.#*###*#####*#
#.....#.......#.#.....#...#...#.....#.#*#*********#
#####.#########.#.###.###.###.###.#.#.#*###########
#***#.........#.#.#...#...#...#...#.#.#***#*******#
###*#########.#.#.#.###.###.###.###.#.###*#*#####*#
#***#*******#...#.#.#...........#...#...#*****#***#
#*#*#*#####*#####.#.#############.#####.#*#####*#*#
#*#*#***#***#.....#...........#.#.#.#...#*#*****#*#
#*#*###*#*###.###############.#.#.#.#.#####*#####*#
#*#*****#***#.#...#*********#.#.....#.#*****#*#***#
#*#####*#####.#.#.#########*#.###.###.#*#####*#*###
#*#***#*#...#...#.....#*****#...#.#...#*#*********#
#*#*#*#*#.#.#########.#*#######.#.#.###*#########*#
#*#*#***#.#...#...#...#*******#.#.#.#*******#***#*#
#*###*###.#.#.#.###.###*#####*#.###.#*#####*#*#*#*#
#***#*#...#.#...#...#***#*****#.....#*****#***#*#*#
#*#*###.###.###.#.#######*###*#################*#*#
#*#***#.#.#...#.#...#*****#*******#*********#***#*#
#*###*#.#.###.#####.#*###########*#*#######*#*#####
#*#***#.#...#.....#.#*****#***#*****#***#***#*****#
#*#*#*#.###.#####.#.#*###*#*#*#######*#*#*###*###*#
#*#*#*#...#.....#.#.#*#*#***#***#*****#*#*#***#***#
###*#*###.#####.#.#.#*#*#######*#*#####*#*#####*#*#
#***#*#...#.....#...#*#*******#*#*#*#***#*******#*#
#*###*#.###.###.#####*#*#######*#*#*#*###########*#
#***#*#.....#...#*******#*******#***#*#***********#
#*#*#*#######.###########*#####*#####*#*###########
**#*#*#***#*#...#*******#***#***#***#*************#
###*#*#*#*#*###.#*#####*#*#*#*###*#*#########*#####
#***#***#***#...#*#***#*#*#*#***#*#*****#*****#***#
#*#########*#.###*#*#*#*#*#*###*#*#####*#######*#*#
#*....#*#***#.#*****#*#*#*#***#*#***#*#*****#***#*#
#*###.#*#*###.#######*#*#####*#####*#*#####*#*###*#
#***#.#***#...#*******#*******#*******#*****#*#***#
###*#.#####.###*#############*#*#######*#####*#*#*#
#*#*#.#...#...#*****#*******#*#*#*#*****#*****#*#*#
#*#*#.#.#.###.#*###*#*#####*#*#*#*#*#####*#####*###
#***#...#.#...#***#***#***#*#*#*#*#*#*********#***#
#*#######.#.#####*#######*#*###*#*#*#*#######*###*#
#*******#.#...#*#*#*****#*#*#***#*#*****#***#*#***#
#######*#.###.#*#*###*#*#*#*#*###*#######*#*###*#*#
#***#***#...#.#***#***#***#*#*********#***#*****#*#
#*###*#####.#.###*#*#####*#*#####*#####*#########*#
#*#***#*#...#...#***#***#*#*****#*#*****#*******#*#
#*#*###*#.#.###.#####*#*#*###*#*#*#*#####*#####*#*#
#***#***#.#...#.#***#*#*****#*#*#*#*#***#*#***#*#*#
#*#####*#.#####.#*###*#######*###*#*#*#*#*#*#*#*#*#
#***#***#.....#.#*#*******#***#***#*#*#***#*#***#*#
###*#*#*#####.#.#*#*#####*#*###*###*#*#####*#####*#
#***#*#*****#...#***#***#*#*****#*#***#***#*#***#*#
#*###*#####*#########*#*#*#######*#####*#*#*#*#*#*#
#***#*#....*#....***#*#*#***************#*#*#*#*#*#
###*#*#####*#####*#*#*#*###*###############*#*#*#*#
#***#*****#***#***#*#*#*#***#*******#*****#*#*#*#*#
#*#######*###*#*###*#*#*#####*#####*#*###*#*#*###*#
#*********#..***#..***#*******#....***#..***#*****#
###################################################

Voce escapou de todos! Ninguem conseguiu te segurar!
Veja abaixo os detalhes da sua fuga:
----Pessoas te procurando: 2027
----Numero total de caminhos validos:   1900
----Numero total de caminhos visitados: 1108
----Exploracao total do labirinto: 58.0%
