#########################
#*#..***#........***#***#
#*###*#*#.#######*#*#*#*#
#***#*#*#.#*****#*#***#*#
###*#*#*#.#*###*#*#####*#
#.#***#*#.#*#.#***#*****#
#.#####*###*#.#####*#####
#.#*****#***#...#.#*#***#
#.#*#####*###.#.#.#*###*#
#.#*#..***#...#.#.#***#*#
#.#*###*###.###.#.###*#*#
#.#***#*#...#.#.#...#*#*#
#.###*#*#.#.#.#.#.#.#*#*#
#.#***#*#.#.#.#.#.#.#***#
#.#*###*#.#.#.#.#.#.###*#
#.#*#***#.#.#.....#...#*#
#.#*#*#####.#####.#####*#
#.#*#*#...#.#***#.#***#*#
#.#*#*#.#.#.#*#*###*#*#*#
#.#***#.#...#*#*****#***#
#.#####.###.#*###########
#.......#...#***#***#***#
#.###.#########*#*#*#*#*#
#...#..........***#***#*#
#######################*#

Voce escapou de todos! Ninguem conseguiu te segurar!
Veja abaixo os detalhes da sua fuga:
----Pessoas te procurando: 337
----Numero total de caminhos validos:   288
----Numero total de caminhos visitados: 162
----Exploracao total do labirinto: 56.0%
