#########################################################################################################################
#*******#.........#...#...................#.......#.......#..*****#***#*************#*********#*****#***************#***#
#######*#####.#.#.#.#.#.#############.###.#.#######.#####.#.#*###*#*#*###*#####*#*###*###*###*###*#*#*#############*###*#
#*******#***#.#.#...#.#.....#.......#...#...#.....#.#.....#.#*#*#*#*#***#*#***#*#*#***#***#*#***#*#***#*****#*****#*#***#
#*#######*#*###.#####.#####.###.###.###.#####.###.#.#.###.#.#*#*#*#*###*###*#*###*#*###*###*###*#*#####*#####*###*#*#*#*#
#*****#..*#*#...#...#.#.....#...#.....#...#...#.#...#.#...#.#*#*#***#*#***#*#***#*#***#***#***#***#*#*********#***#***#*#
#####*###*#*#.#####.#.#.#####.#########.#.#.###.#####.#####.#*#*#####*###*#*###*#*#*#####*#*#######*#*#########*#######*#
#...#*****#*#.....#...#.....#.#***#***#.#.......#...#.......#*#*********#*#*#*#*#*#*#*****#*******#***#*****#***#*****#*#
###.#######*#####.#########.#.#*#*#*#*#########.#.#.#########*#*###*#####*#*#*#*#*#*#*#####*#####*#*###*#*###*###*###*#*#
#.....#...#*****#.....#...#...#*#***#***#*****#...#...#.#***#*#***#*#*****#*#*****#*#***#*****#***#***#*#***#*****#*#*#*#
#.###.#.#.#####*#####.#.#.#.###*#######*#*###*#######.#.#*#*#*###*#*#*#####*#*#####*###*#####*#*#####*#####*#######*#*#*#
#.#...#.#...#***#***#...#...#***#..*****#*#..***#...#...#*#*#***#*#*#*#*****#***#***#*#*****#*#*****#*******#*******#***#
#.#####.#.###*###*#*###.#####*#####*#####*#####*###.###.#*#*###*#*###*#*###*#####*###*#####*#*#####*#######*#######*#####
#.#.....#...#*#***#***#.#...#*****#*#....***#*#***#...#.#*#*#***#***#*#***#*************#*#*#*#***#*******#*************#
#.#.#######.#*#*#####*#.#.#.#####*#*#######*#*###*#.#.#.#*#*#*#####*#*#######*#########*#*#*#*#*#*#####*#*###*#########*#
#...#.....#.#*#*****#*#...#.#...#*#*********#*****#.#...#*#***#*****#*******#*#***#***#***#*#***#*****#*#*#***#*****#***#
#####.###.#.#*#####*#*#####.###.#*###########*#####.#####*#####*###*#######*###*#*#*#*#####*#*#########*###*###*###*###*#
#.....#.....#*#*****#***#.....#.#*#*********#***#.......#*****#***#*****#*#*#***#***#*****#*#*#*******#***#***#***#***#*#
#.#########.#*#*#######*#####.#.#*#######*#*###*#######.#####*#*#*#####*#*#*#*###########*#*###*#####*###*###*###*###*#*#
#.#.....#...#*#*****#..*****#.#.#*#***#***#*#***#***#.#.#...#*#*#***#*****#*#*****#*****#*#*********#***#***#*#***#*#*#*#
#.#.###.#.###*###*#*#######*#.#.#*#*#*#*###*#*###*#*#.#.###.#*#####*#####*#*#.###*#*#*#*#*#########*###*#*###*#*###*#*###
#.....#.#...#***#*#***#***#*#...#*#*#***#***#*****#*#.#.....#*#***#*****#*#*#.#***#*#*#*#***#*****#***#*#*****#*****#***#
#.#####.###.###*#####*#*###*#.###*#*###############*#.###.###*#*#*#####*#*#*###*#####*#*###*#*###*#####*#*#########*###*#
#.#.....#.#.#***#*****#*#***#.#***#***************#*#.....#***#*#*#*****#*#*****#*****#*#*#***#*#*#*****#*#*********#***#
#.#.#####.#.#*###*#####*#*#####*###*###########*###*#######*#.#*#*#*#####*#######*#*###*#*#####*#*#*#######*#########*#*#
#.#.#.....#.#***#*#...#***#***#***#***#*******#*#***#*****#*#.#*#*#*#***#*#*****#*#***#*****#*****#*********#*********#*#
#.#.#####.#.###*#*###.#*###*#*###*#*###*#####*#*#*###*###*#*###*#*#*###*#*#####*#*###*#######*#####*#########*#########*#
#.#.....#.....#*#***#..*#***#***#*#*#***#*******#*#.#***#***#***#*#***#*#*******#***#*********#*#*****#***#***#*****#***#
#.#####.#######*#.#*###*#*#####*#*###*#####*#####*#.#.#*#####*###*###*#*###*#######*###########*#*#####*#*#*###*#*###*###
#.#...#.......#*#.#***#***#*****#***#*****#***#***#...#*********#*#***#*****#*****#*#*#*********#*#*****#***#*#*#*****#*#
#.#.#.#######.#*#####*#####*#######*#*###*#####*#################*#*#########*#*###*#*#*#####*#*#*#*#########*#*#######*#
#.#.#.#.#.....#*******#*****#..*****#*#***#***#*#..*******#*****#*#*#*********#*****#***#***#*#*#*#*********#*#*#***#***#
#.#.#.#.#.#.###########*#######*#######*###*#*#*###*#####*#*###*#*#*#*###############*###*#*#*###*#########*#*#*###*#*#*#
#.#.#...#.#.#.........#*#....***#..*****#***#***#***#...#***#.#***#***#..***#*******#***#*#*#*********#*****#*#***#***#*#
#.#.###.#.###.#.#######*#.###*#####*#*###*#######*###.#######.#####*#####*#*#*#####*###*###*###########*#####*###*#####*#
#.#.#...#...#.#.......#*#...#*****#*#*****#....***#.#.............#***#***#***#*****#*#*#*******#***#***#*#*****#*****#*#
#.#.#######.#.#######.#*#########*#*###########*###.#.#.###.#####.###*#*#######*#####*#*#*###*###*#*#*###*#*###*#####*#*#
#...#...#...#.....#.#.#*********#*#*#..***#*****#...#.#.#...#...#...#***#...#***#***#*****#***#***#***#***#***#***#***#*#
###.#.#.#.#######.#.#.#########*#*#*###*#*#*#####.#.#.#.#####.#.###.#######.#*###*###*#########*#######*#####*#*#*#*###*#
#...#.#.#.#.......#.#.....#...#***#*****#***#...#.#...#.......#.#...#.......#*#***#***#*********#***#***#***#*#*#*#***#*#
#####.#.#.#.#######.#####.#.#.###############.#.#.#############.###.#.#.###.#*#*#*#*###*###########*#*#*#*#*#*#*#*###*#*#
#.....#...#.#...........#...#.#.........#.#...#...#...........#...#.#.#...#.#*#*#***#***#***********#*#***#***#*#*#***#*#
#.#######.#.#####.###.#######.#.#####.#.#.#.#######.#########.###.#.#####.#.#*#######*#######*#######*#########*###*###*#
#.....#...#.....#...#.......#...#.....#...#.#.......#.........#...#.......#.#*******#*#*****#***************#***#***#***#
#.###.###.#####.#####.#.#########.#######.#.#.#######.#.#######.#########.#########*#*#*###*#####*###########*###*#####*#
#.#.#...#.....#.#...#.#.#...#...#.#.....#.#.#...#.....#.#.....#...#.....#.#*****#***#*#*#*#*****#*#***********#***#*****#
#.#.###.###.###.#.#.###.#.#.#.#.#.#.###.###.###.#.#####.#.###.###.#.###.#.#*#*###*###*#*#*#####*###*#########*#*###*###*#
#.....#...#.#...#.#...#...#.#.#...#.#.#.....#.#.#.....#.#...#...#.#.#.#.#.#*#*****#***#*#*****#***#*#*******#*#***#***#*#
#####.###.###.###.###.#.###.#.###.#.#.#######.#.#####.###.#####.#.#.#.#.###*#######*###*#*###*###*#*###*###*#*###*#*#*#*#
#.....#.#...#.....#.#.#.#...#...#.#.#.#...#...#.#.#...#...#...#.#.....#.#***#*******#***#*#*#*****#***#*#*#*#***#*#*#*#*#
#.#####.###.#######.#.###.#####.###.#.#.#.#.#.#.#.#.###.###.#.#.#######.#*###*#######*#*#*#*#######*#*#*#*#*###*#*###*###
#.#.....#...#...#...#...#.....#...#.#...#...#...#.#.......#.#.......#...#*****#...#***#*#*#*********#*#*#*#*****#***#***#
#.###.#.#.###.#.#.#.###.#####.###.#.#######.#####.#########.###.#####.#########.###*###*#*###########*#*#*#########*###*#
#...#.#.#...#.#...#.....#.......#.#.......#...#.........#...#...#.....#.........#*****#*#*******#***#*#*********#***#***#
###.###.###.#.###########.#####.#.#######.###.###.#.#####.#.#####.###.#.#.#####.#*#####*#######*#*#*#*#####*#####*###*###
#.#...#...#.#...#.......#.#.....#.......#.#.......#.#.....#.#...#.#...#.#.#.....#*#*****#*****#***#***#*****#*****#*****#
#.###.#.#.#.###.#.#####.#.#.###########.#.###########.###.###.#.#.#.###.#.#.#####*#*#######*#*#########*#####*#########*#
#...#.#.#.#.......#...#.#.#.....#...#...#...#.........#...#...#...#.#...#.#...#***#***#*****#*****#*****#***#*#*********#
#.#.#.#.###########.###.#.#######.#.#.#####.#.#######.#####.###.#####.###.#.###*#####*###*#*#######*#####*#*#*#*#*#####*#
#.#...#...#...#...#.#...#.....#...#...#...#...#...#...#.....#...#.......#.#.#***#***#***#*#*#*********#***#***#*#*#*#***#
#.#######.#.#.#.#.#.#.#######.#.#####.#.#.###.#.#.###.#.#########.#######.#.#*#####*###*#*###*#######*#*#########*#*#*###
#...#...#.#.#...#.#...........#...#...#.#.....#.#...#.#...#.......#...#...#.#***#***#***#*****#***#***#*#*#*******#*#*#*#
###.#.#.#.#.#####.###############.#####.#######.###.#####.#.#######.###.#######*#*#*#*###*#####*#*#####*#*#*###*###*#*#*#
#...#.#.#.#.....#.#.....#...#...#.#.....#.......#.#.......#.#.....#.#...#*****#***#*#***#*#*****#*#*****#***#***#***#***#
#.###.#.#.#####.#.#.###.#.#.#.#.#.#.#####.#######.###.#####.#.###.#.#.###*###*###*#####*#*#*#####*#*#####*###*#####*###*#
#.....#...#...#.#...#.#.#.#...#.#...#...#.#.....#.#...#.....#.#.#...#...#***#*..#*#*****#*#*#***#*#*#***#*#*#*#***#***#*#
#########.#.#.#.#####.#.#.#####.#####.#.#.#.###.#.#.###.#####.#.#.#####.###*#*###*#*#####*#*###*#*#*#*#*#*#*#*#*#*###*#*#
#.....#.#...#.#.#.#...#...#...#.....#.#.#.#.#...#.#...#...#...#.#.#...#...#*#*****#***#***#*****#*#*#*#*****#***#***#***#
#.#.#.#.###.###.#.#.#.#####.#######.#.#.#.#.#.###.###.###.#.###.#.#.#.#.#.#*#########*#########*#*#*#*###########*#*#####
#.#.#.....#.#...#.#.#...........#...#.#...#.#.#.....#.#.#...#.#...#.#...#.#*#....***#***********#***#*#*****#***#*#*****#
#.#.#######.#.###.#.#########.#.#.###.###.#.#.#.#.###.#.#####.#.###.#######*#####*#*###################*###*#*#*#######*#
#.#.....#...#.#.....#...#...#.#.#.#...#...#.#.#.#...#.....#...#...#.#.....#*#*****#*#***#....*********#*#.#***#***#*****#
#.#####.#.###.#######.#.#.#.###.#.#.###.###.#.#####.#####.#.#.###.#.#.###.#*#*#####*#*#*#####*#######*#*#.#######*#*###*#
#.#...#...#.#...#.....#.#.#.....#.#.#...#.#.#.....#.....#.#.#.#...#.....#.#*#***#..***#*****#*****#.#***#...#*****#*#***#
#.###.#####.###.#.#####.#.#######.#.#.###.#.#####.#.#####.#.#.#.#########.#*###*###########*#.###*#.#######.#*#####*#*###
#...#.....#.#...#.#.....#...........#.....#.#...#.#.........#.#...#.#.....#***#***#*****#***#.#***#.......#.#*#.#..*#***#
###.###.#.#.#.###.#.#.###################.#.#.#.#.#####.#########.#.#.#######*###*#*###*#*###.#*###.###.#.#.#*#.#.#*###*#
#.#.....#...#.#...#.#.#...............#.#.#.#.#.#.....#...#...#...#.#.#.....#*#***#***#***#...#*#.....#.#...#*#...#***#*#
#.#########.#.#.###.###.#############.#.#.#.#.#.#####.#####.#.#.###.#.#.#.###*#*#####*#######.#*#######.#.###*#######*#*#
#...#.....#.#.#.#.#.....#...#.....#.#.#...#.#.#...#.#.....#.#...#...#.#.#...#*#*#...#*#..***#.#*******#.#.#***#*******#*#
#.###.#.###.#.#.#.#######.#.###.#.#.#.#####.#.###.#.#####.#.#####.#.#.#.###.#*#*#.#.#*###*#*#########*#.###*###*#######*#
#.....#.....#.............#.....#...#.........#.........#.........#.#.....#..***#.#..*****#***********#....*****#..*****#
###################################################################################################################*#####

Voce escapou de todos! Ninguem conseguiu te segurar!
Veja abaixo os detalhes da sua fuga:
----Pessoas te procurando: 5123
----Numero total de caminhos validos:   4920
----Numero total de caminhos visitados: 2580
----Exploracao total do labirinto: 52.0%
