#################
#.............#*#
#############.#*#
#.........#.#.#*#
#.#.#####.#.#.#*#
#.#...#.....#..*#
#.###.#.#######*#
#...#.#.#*******#
###.#.###*#######
#.#.#.#***#*****#
#.#.#.#*###*###*#
#...#.#***#*#***#
#.###.###*#*#*#*#
#.#...#***#*#*#*#
#.#.###*#####*#*#
#.#....*******#**
#################

Voce escapou de todos! Ninguem conseguiu te segurar!
Veja abaixo os detalhes da sua fuga:
----Pessoas te procurando: 161
----Numero total de caminhos validos:   128
----Numero total de caminhos visitados: 54
----Exploracao total do labirinto: 42.0%
