54
67
38
43
62
35
50
63
45
34
50
47
41
57
38
65
44
53
52
51
38
40
37
36
37
55
55
45
51
50
38
34
46
37
65
37
58
63
33
65
52
53
34
53
48
63
33
42
52
33
64
31
54
35
51
59
59
47
46
33
60
54
41
56
33
62
53
61
36
45
63
44
39
63
57
49
56
37
42
49
58
45
44
56
42
54
58
52
53
61
59
64
44
53
53
68
60
48
35
40
65
52
66
37
55
51
67
34
41
37
53
30
43
51
37
45
43
50
48
56
63
64
55
40
64
57
61
40
36
48
61
47
30
53
46
32
48
65
38
48
59
40
34
39
45
55
57
40
44
38
50
49
47
61
56
33
44
62
58
60
46
47
39
59
57
29
37
40
64
58
42
44
59
39
38
63
62
39
33
43
55
50
59
63
39
49
46
53
52
40
56
57
42
36
47
54
37
45
56
55
56
34
43
66
51
69
56
35
35
41
40
53
45
52
33
47
59
50
45
42
52
40
63
60
57
58
59
34
44
38
39
35
58
59
47
43
34
36
52
58
31
60
36
50
34
50
43
50
33
41
47
48
35
55
37
43
39
45
54
61
37
64
44
52
52
55
55
39
37
44
49
56
68
46
53
50
62
59
41
37
63
36
44
65
34
61
49
46
58
53
48
36
70
64
49
67
53
58
50
34
37
41
57
53
47
40
64
37
52
40
57
33
60
56
60
36
60
55
52
40
41
56
67
61
35
37
56
40
44
42
43
57
41
40
65
63
51
60
47
41
38
61
42
41
55
44
41
33
43
44
36
35
59
36
41
59
48
48
35
62
56
61
67
49
53
45
49
38
35
60
66
49
56
59
50
40
42
37
39
48
44
45
54
58
45
34
67
61
62
46
38
57
54
33
37
51
59
36
45
60
47
62
48
67
50
32
62
62
41
42
46
52
30
52
64
40
59
44
37
46
45
60
62
48
33
41
61
64
55
47
40
33
31
32
66
55
34
55
53
54
47
37
45
59
55
44
42
45
44
51
35
61
64
34
36
46
48
55
68
40
42
36
58
55
60
64
58
50
52
44
49
43
60
34
58
44
58
39
54
36
48
55
61
50
33
62
35
55
37
38
49
46
63
45
50
42
52
50
37
48
49
61
66
37
62
45
46
53
59
49
67
45
43
48
58
42
40
58
36
48
35
35
48
50
66
32
50
54
50
43
40
49
31
35
46
34
53
38
36
61
59
58
41
57
48
53
44
37
57
52
50
33
44
65
52
49
43
56
36
34
52
41
38
58
54
34
41
35
43
63
40
61
63
46
45
55
42
29
60
50
43
59
42
63
36
57
58
29
60
46
62
64
60
65
50
41
64
48
57
33
42
64
46
48
53
49
58
56
37
43
52
36
58
43
53
64
64
53
56
45
47
33
41
49
58
48
36
30
59
40
51
54
40
33
59
58
39
32
64
50
53
45
58
62
47
41
44
61
62
64
37
34
59
52
39
61
60
57
34
36
58
56
40
50
38
41
49
48
52
64
46
66
47
50
32
58
49
61
52
40
42
38
44
39
41
54
45
55
52
36
51
57
57
48
54
44
68
54
52
37
53
65
39
42
61
51
56
56
49
51
47
50
35
66
35
37
34
54
40
35
41
35
60
63
42
54
66
56
58
53
49
52
55
59
60
39
48
55
47
58
58
41
40
40
42
57
38
65
32
43
59
60
45
51
63
35
60
34
56
62
56
46
38
48
36
47
54
43
59
61
43
51
52
40
51
41
71
66
39
48
35
60
34
55
66
36
45
60
38
44
36
59
39
64
40
61
46
57
64
60
48
49
40
61
60
49
52
61
32
61
36
55
52
66
31
35
39
48
45
39
61
54
63
53
60
49
36
65
49
39
40
56
53
31
49
50
42
55
39
40
38
54
52
39
57
57
49
63
55
40
48
31
47
50
51
57
55
50
49
61
34
48
49
41
54
45
42
40
61
55
34
40
62
46
65
55
60
57
39
57
52
55
46
40
51
43
55
45
60
35
64
45
61
53
57
42
40
69
57
51
66
38
50
50
49
42
58
63
42
52
59
41
59
39
52
53
47
35
70
48
40
57
55
49
58
58
66
40
62
35
50
57
55
45
57
44
34
47
49
42
33
43
62
51
31
51
32
65
51
37
36
52
59
56
54
38
43
39
48
47
38
52
39
34
36
47
35
43
56
60
54
56
38
53
43
57
39
50
53
64
40
30
68
50
53
39
43
57
63
67
48
39
53
55
33
50
32
55
33
45
