2230
538
284391
1652
1652
1644
1644
1569
1569
1565
1565
1540
1540
1527
1527
1473
1473
1448
1448
1448
1448
1443
1443
1443
1443
1434
1434
1422
1422
1379
1379
1365
1365
1319
1319
1303
1303
1244
1244
1212
1212
1179
1179
1164
1164
1127
1127
1126
1126
1099
1099
1095
1095
1083
1083
1067
1067
1061
1061
1026
1026
995
995
967
967
958
958
930
930
897
897
873
873
859
859
840
840
815
815
807
807
790
790
759
759
734
734
730
730
720
720
691
691
680
680
680
680
626
626
614
614
608