7419
1792
945924
2601
2601
2457
2457
2398
2398
2394
2394
2309
2309
2268
2268
2255
2255
2161
2161
2073
2073
2060
2060
1994
1994
1965
1965
1880
1880
1762
1762
1751
1751
1698
1698
1684
1684
1656
1656
1627
1627
1611
1611
1581
1581
1466
1466
1461
1461
1460
1460
1423
1423
1419
1419
1385
1385
1352
1352
1347
1347
1284
1284
1274
1274
1244
1244
1235
1235
1155
1155
1135
1135
1104
1104
1103
1103
1080
1080
1076
1076
1056
1056
1036
1036
1029
1029
1026
1026
1017
1017
990
990
980
980
974
974
958
958
944
944
913
913
898
898
881
881
873
873
858
858
826
826
813
813
812
812
812
812
800
800
788
788
788
788
776
776
767
767
735
735
719
719
708
708
688
688
679
679
670
670
628
628
626
626
621
621
608
608
598
598
596
596
594
594
580
580
570
570
562
562
556
556
543
543
532
532
518
518
508
508
503
503
501
501
500
500
500
500
488
488
473
473
461
461
447
447
444
444
434
434
433
433
427
427
420
420
418
418
412
412
409
409
405
405
405
405
399
399
398
398
394
394
392
392
389
389
384
384
380
380
375
375
369
369
365
365
362
362
356
356
356
356
355
355
355
355
351
351
349
349
345
345
342
342
340
340
337
337
336
336
336
336
335
335
335
335
326
326
325
325
311
311
302
302
300
300
298
298
287
287
281
281
274
274
272
272
271
271
265
265
259
259
259
259
257
257
253
253
250
250
249
249
249
249
243
243
242
242
241
241
239