4135
1063
527338
3832
3832
3693
3693
3311
3311
3110
3110
3061
3061
3001
3001
2892
2892
2851
2851
2825
2825
2776
2776
2766
2766
2721
2721
2698
2698
2631
2631
2627
2627
2598
2598
2584
2584
2547
2547
2518
2518
2479
2479
2466
2466
2447
2447
2427
2427
2426
2426
2380
2380
2369
2369
2366
2366
2360
2360
2322
2322
2307
2307
2301
2301
2278
2278
2261
2261
2255
2255
2242
2242
2239
2239
2227
2227
2216
2216
2208
2208
2206
2206
2180
2180
2174
2174
2173
2173
2159
2159
2148
2148
2146
2146
2143
2143
2135
2135
2118
2118
2099
2099
2094
2094
2087
2087
2069
2069
2060
2060
2032
2032
2031
2031
2018
2018
2013
2013
2011
2011
2010
2010
2000
2000
1996
1996
1992
1992
1984
1984
1979
1979
1967
1967
1961
1961
1960
1960
1951
1951
1948
1948
1947
1947
1942
1942
1936
1936
1932
1932
1923
1923
1919
1919
1907
1907
1906
1906
1895
1895
1894
1894
1888
1888
1887
1887
1885
1885
1885
1885
1878
1878
1875
1875
1871
1871
1868
1868
1868
1868
1867
1867
1853
1853
1845
1845
1834
1834
1829
1829
1825
1825
1822
1822
1820
1820
1818
1818
1816
1816
1802
1802
1786
1786
1774
1774
1773
1773
1771
1771
1756
1756
1747
1747
1734
1734
1732
1732
1721
1721
1720
1720
1714
1714
1708
1708
1705
1705
1704
1704
1701
1701
1700
1700
1698
1698
1694
1694
1694
1694
1676
1676
1676
1676
1666
1666
1662
1662
1659
1659
1653
1653
1647
1647
1646
1646
1641
1641
1633
1633
1629
1629
1629
1629
1603
1603
1601
1601
1600
1600
1592
1592
1592
1592
1582
1582
1580
1580
1577
1577
1572
1572
1571
1571
1568
1568
1563
1563
1557
1557
1551
1551
1541
1541
1536
1536
1523
1523
1515
1515
1515
1515
1509
1509
1506
1506
1501
1501
1490
1490
1485
1485
1485
1485
1477
1477
1477
1477
1475
1475
1475
1475
1469
1469
1464
1464
1464
1464
1458
1458
1458
1458
1457
1457
1448
1448
1444
1444
1443
1443
1440
1440
1435
1435
1434
1434
1434
1434
1432
1432
1431
1431
1431
1431
1428
1428
1425
1425
1420
1420
1420
1420
1419
1419
1417
1417
1413
1413
1403
1403
1403
1403
1400
1400
1397
1397
1395
1395
1394
1394
1390
1390
1380
1380
1374
1374
1369
1369
1369
1369
1361
1361
1355
1355
1355
1355
1338
1338
1336
1336
1335
1335
1334
1334
1333
1333
1331
1331
1331
1331
1330
1330
1329
1329
1319
1319
1318
1318
1317
1317
1316
1316
1310
1310
1308
1308
1301
1301
1300
1300
1297
1297
1291
1291
1286
1286
1285
1285
1280
1280
1276
1276
1275
1275
1272
1272
1269
1269
1267
1267
1266
1266
1260
1260
1260
1260
1260
1260
1256
1256
1255
1255
1254
1254
1251
1251
1251
1251
1247
1247
1244
1244
1244
1244
1239
1239
1232
1232
1231
1231
1228
1228
1218
1218
1204
1204
1204
1204
1201
1201
1199
1199
1198
1198
1197
1197
1197
1197
1190
1190
1184
1184
1183
1183
1182
1182
1179
1179
1178
1178
1175
1175
1173
1173
1172
1172
1172
1172
1165
1165
1163
1163
1160
1160
1159
1159
1158
1158
1156
1156
1153
1153
1153
1153
1152
1152
1150
1150
1146
1146
1145
1145
1143
1143
1123
1123
1122
1122
1121
1121
1118
1118
1110
1110
1109
1109
1107
1107
1105
1105
1091
1091
1090
1090
1085
1085
1082
1082
1082
1082
1078
1078
1074
1074
1074
1074
1072
1072
1069
1069
1067
1067
1066
1066
1061
1061
1055
1055
1055
1055
1054
1054
1051
1051
1049
1049
1047
1047
1044
1044
1043
1043
1042
1042
1041
1041
1040
1040
1037
1037
1035
1035
1031
1031
1029
1029
1027
1027
1023
1023
1013
1013
1013
1013
1012
1012
1011
1011
1010
1010
1009
1009
1002
1002
1000
1000
1000
1000
994
994
989
989
986
986
982
982
978
978
977
977
975
975
974
974
970
970
969
969
968
968
965
965
963
963
961
961
960
960
957
957
955
955
953
953
951
951
948
948
946
946
943
943
942
942
935
935
934
934
930
930
928
928
927
927
923
923
921
921
919
919
914
914
914
914
906
906
904
904
901
901
901
901
899
899
896
896
888
888
886
886
882
882
882
882
881
881
881
881
880
880
879
879
869
869
864
864
862
862
861
861
853
853
852
852
849
849
849
849
845
845
843
843
842
842
840
840
834
834
834
834
833
833
832
832
827
827
827
827
827
827
826
826
819
819
819
819
819
819
818
818
816
816
816
816
816
816
813
813
813
813
808
808
807
807
806
806
804
804
801
801
800
800
799
799
799
799
798
798
797
797
794
794
794
794
793
793
790
790
789
789
781
781
781
781
780
780
780
780
766
766
766
766
764
764
760
760
757
757
757
757
755
755
753
753
751
751
750
750
745
745
744
744
741
741
741
741
739
739
739
739
739
739
734
734
733
733
733
733
732
732
730
730
726
726
725
725
724
724
721
721
720
720
719
719
718
718
718
718
714
714
713
713
711
711
706
706
704
704
703
703
701
701
697
697
695
695
694
694
691
691
690
690
689
689
685
685
684
684
684
684
682
682
681
681
681
681
680
680
680
680
679
679
679
679
676
676
674
674
672
672
672
672
672
672
670
670
669
669
669
669
668
668
665
665
663
663
662
662
660
660
659
659
659
659
656
656
652
652
652
652
648
648
648
648
646
646
644
644
643
643
642
642
642
642
640
640
637
637
637
637
636
636
631
631
630
630
629
629
628
628
627
627
625
625
623
623
622
622
621
621
621
621
620
620
619
619
618
618
616
616
616
616
615
615
612
612
612
612
612
612
610
610
610
610
609
609
608
608
607
607
607
607
607
607
607
607
607
607
604
604
604
604
601
601
599
599
598
598
594
594
593
593
592
592
590
590
590
590
587
587
585
585
585
585
583
583
582
582
582
582
580
580
579
579
579
579
577
577
577
577
576
576
574
574
574
574
572
572
572
572
570
570
569
569
568
568
565
565
565
565
565
565
565
565
564
564
563
563
563
563
561
561
561
561
560
560
559
559
559
559
558
558
557
557
556
556
556
556
555
555
554
554
554
554
554
554
553
553
553
553
553
553
551
551
545
545
542
542
541
541
541
541
538
538
537
537
536
536
533
533
532
532
532
532
532
532
531
531
531
531
531
531
529
529
528
528
527
527
525
525
520
520
519
519
517
517
517
517
517
517
515
515
513
513
510
510
510
510
509
509
508
508
507
507
506
506
506
506
505
505
504
504
503
503
503
503
501
501
498
498
495
495
494
494
492
492
492
492
492
492
490
490
490
490
490
490
489
489
487
487
483
483
482
482
481
481
480
480
478
478
477
477
477
477
476
476
476
476
476
476
475
475
475
475
474
474
474
474
470
470
470
470
468
468
468
468
467
467
466
466
463
463
462
462
462
462
462
462
461
461
458
458
454
454
453
453
453
453
453
453
451
451
450
450
449
449
449
449
447
447
445
445
443
443
443
443
443
443
443
443
440
440
440
440
439
439
439
439
438
438
438
438
437
437
437
437
436
436
436
436
434
434
433
433
431
431
430
430
430
430
429
429
429
429
427
427
427
427
425
425
425
425
425
425
424
424
424
424
423
423
422
422
422
422
421
421
419
419
419
419
417
417
415
415
413
413
412
412
412
412
412
412
411
411
410
410
410
410
409
409
408
408
408
408
408
408
407
407
405
405
405
405
405
405
405
405
404
404
404
404
403
403
402
402
402
402
400
400
400
400
399
399
398
398
398
398
398
398
396
396
392
392
391
391
391
391
390
390
389
389
388
388
388
388
387
387
387
387
387
387
387
387
386
386
385
385
384
384
384
384
384
384
384
384
382
382
381
381
380
380
379
379
378
378
378
378
378
378
377
377
376