Musica Paris de Camille adicionada com sucesso.
Musica Roi de Videoclub adicionada com sucesso.
Musica Meme robe qu'hier de Pomme adicionada com sucesso.
Musica A nous souvenirs de Trois Cafes Gourmands adicionada com sucesso.
Musica Balance ton quoi de Angele adicionada com sucesso.
Musica Cool Colorado de La Femme adicionada com sucesso.
Musica Packshot de La Femme adicionada com sucesso.
---- Playlist: Oui oui je parle francais ----
Total de musicas: 7

(1). 'Paris'
Artista: Camille
Duracao: 226 segundos

(2). 'Roi'
Artista: Videoclub
Duracao: 222 segundos

=== NOW PLAYING ===
(3). 'Meme robe qu'hier'
Artista: Pomme
Duracao: 166 segundos

(4). 'A nous souvenirs'
Artista: Trois Cafes Gourmands
Duracao: 192 segundos

(5). 'Balance ton quoi'
Artista: Angele
Duracao: 189 segundos

(6). 'Cool Colorado'
Artista: La Femme
Duracao: 231 segundos

(7). 'Packshot'
Artista: La Femme
Duracao: 176 segundos

Playlist Oui_oui_je_parle_francais.dat salva com sucesso.
20215.510000
