Playlist Oui_oui_je_parle_francais.dat carregada com sucesso.
20215.510000
---- Playlist: Oui oui je parle francais ----
Total de musicas: 7

(1). 'Paris'
Artista: Camille
Duracao: 226 segundos

(2). 'Roi'
Artista: Videoclub
Duracao: 222 segundos

=== NOW PLAYING ===
(3). 'Meme robe qu'hier'
Artista: Pomme
Duracao: 166 segundos

(4). 'A nous souvenirs'
Artista: Trois Cafes Gourmands
Duracao: 192 segundos

(5). 'Balance ton quoi'
Artista: Angele
Duracao: 189 segundos

(6). 'Cool Colorado'
Artista: La Femme
Duracao: 231 segundos

(7). 'Packshot'
Artista: La Femme
Duracao: 176 segundos

Playlist Oui_oui_je_parle_francais.dat salva com sucesso.
20215.510000
---- Playlist: Oui oui je parle francais ----
Total de musicas: 7

(1). 'Paris'
Artista: Camille
Duracao: 226 segundos

(2). 'Roi'
Artista: Videoclub
Duracao: 222 segundos

=== NOW PLAYING ===
(3). 'Meme robe qu'hier'
Artista: Pomme
Duracao: 166 segundos

(4). 'A nous souvenirs'
Artista: Trois Cafes Gourmands
Duracao: 192 segundos

(5). 'Balance ton quoi'
Artista: Angele
Duracao: 189 segundos

(6). 'Cool Colorado'
Artista: La Femme
Duracao: 231 segundos

(7). 'Packshot'
Artista: La Femme
Duracao: 176 segundos

