Musica word.execute(me); de Mili adicionada com sucesso.
Musica RTRT de Mili adicionada com sucesso.
Musica Ga1ahad and Scientific Witchery de Mili adicionada com sucesso.
Musica Space Colony de Mili adicionada com sucesso.
Musica Mitsubachi de Mili adicionada com sucesso.
Playlist Mili.dat salva com sucesso.
8059.350000
---- Playlist: Mili <3 ----
Total de musicas: 5

(1). 'word.execute(me);'
Artista: Mili
Duracao: 212 segundos

=== NOW PLAYING ===
(2). 'RTRT'
Artista: Mili
Duracao: 215 segundos

(3). 'Ga1ahad and Scientific Witchery'
Artista: Mili
Duracao: 221 segundos

(4). 'Space Colony'
Artista: Mili
Duracao: 194 segundos

(5). 'Mitsubachi'
Artista: Mili
Duracao: 178 segundos

