XXXXXXXX1.1X1...........2X2.................
XXXXXXXX1.111...........2X2............111..
XX2111211...............111.111..111...1X1..
XX2.........................2X2..1X1...1221.
XX1..111....................3X3..2X2....1X1.
111..1X1..111...............2X2..1X1....111.
.....111..1X1.111.........11211..111..111...
....111...111.1X1.........1X1.........1X1...
....2X2.......111......11111211......1221...
....2X2................1X1..1X1......2X2....
....111.........111....111..1X1.111..2X2..11
................1X1.........1X1.1X111211..1X
.....111...111.1221.........1X1.1111X1....1X
.....1X1...1X1.1X1.......111111....111...11X
.....111111111.111...111.1XXX1...111.....1XX
........1X1......111.1X1.2XXX1...1X21....12X
........1111121212X1.111.1X211...12X1.....11
...........1XXXXX211.....2X2......111.......
...........112X211.......1X1................
11..111......1X1....111..111................
X31.1X1.....12X1....2X2111..................
XX1.111.....1X21....2XXXX1.111....111.......
221.........111.....11111212X1....1X1.......
.111.....................1XX21....111.....11
.1X1..111....111.........12X1............12X
.111.12X1....1X21.........111.......111..1XX
.....1X21....12X1.......111......1122X1..1XX
.....111......111.......1X1......1XXX21122XX
11......................111......11211.1XXXX
X111211....111........................12XXXX
XXXXXX1....1X1...............111......1XXXXX
XXXXXX1....1X1...............1X1......1XXXXX
