.111.13*3*4*311...11211...111.......111.
.1*1.1**43**4*31..1*2*1...1*1...111.1*1.
.1111344*2234**1.122211.11211...1*1.1121
....1**32313*53223*221212*21..123211122*
....1222*2*4**33**3*2*2*33*1112**2.1*4*3
11..11222324***4*3212122*3221*34*2.12**3
*21.1*2*11*23*4*21.....112*2222*21..13*2
2*1.112122211132311111...123*2221...1221
111.111.2*2...1*2*22*111212*22*1....1*1.
111.1*1.2*2...11212*211*2*321111.1111121
2*31322122211.....111.1122*1.....2*2112*
2*3*2*11*11*1.........1111221..114*42*32
1121222211222.111.....1*212*1..1*4**33*1
11...1*1..1*112*1.1121212*211..12*33*322
*1...111..1222*3211*2*1.111...11212222*1
11....111112*212*11121211...112*223*2111
..111.1*11*3331111....1*1...1*22*3**2122
111*21211112**311.111.11211.223223*311**
*1112*1...124*3*112*11111*1.1*2*22221222
221.111...1*213232*432*1234232312*11*1..
1*211111..111.1*3*4**3221***2*1.123321..
112*11*1..1121324*3344*113*4311..1**1...
..112221..1*3*2*2111**31.12*1....13431..
.1111*1...23*3321..24*31..1121211.1**2..
.1*33321..1*22*1...1*4*1....1*3*1125*411
.12**3*4211222221..12*32111123*211*3*3*1
..1223***212*11*1...112*11*12*31.1121211
11...12322*211112111111112233*2.........
*1...111.11211.12*11*1...1*3*421.....111
11...1*11122*1.1*22221123334*3*1111112*1
11..12333*2*32.1111*1.1***2*22122*22*211
*1.12*2**223*31...111.1232212111*34*3111
11.1*22221.2**111211.111....2*212*3*311*
...111.....12322*3*2.1*222213*433333*111
......111....1*224*31112**3*33***2*211..
11.1112*321113321*4*1..1223*22*64311.111
*1.1*12**2*22**112*21.....12222**11112*2
11.111122212*3222321.......1*113321*12*2
.......122111213**1........111.1*2221111
.1121212**1..1*3*31.111..111...223*1....
.2*4*3*3331..223221.1*1112*21..1*322....
.2*5*534*21112*22*1.1112*32*1.1222*1..11
.113*3**33*11*22*3311..2*323222*1122212*
...12333*21123322*2*111212*2*2*21.1*3*32
....1*1222..1**1224232*1.2231211..12*22*
....1111*1..13432*3*2*2113*2...111.11111
.......11211.1**32*332211**311.2*2......
.........1*1.13*212*11*11222*1.2*2......
