XXXXXXXXXXXXXXXXXXXXXXXXXXXXXXXXXXXXXXXX
XXXXXXXXXXXXXXXXXXXXXXXXXXXXXXXXXXXXXXXX
XXXXXXXXXXXXXXXXXXXXXXXXXXXXXXXXXXXXXXXX
XXXXXXXXXXXXXXXXXXXXXXXXXXXXXXXXXXXXXXXX
XXXXXXXXXXXXXXXXXXXXXXXXXXXXXXXXXXXXXXXX
XXXXXXXXXXXXXXXXXXXXXXXXXXXXXXXXXXXXXXXX
XXXXXXXXXXXXXXXXXXXXXXXXXXX1111XXXXXXXXX
XXXXXXXXXXXXXXXXXXXXXXXXXXX1..1XXXXXXXXX
XXXXXXXXXXXXXXXXXXXXXXXXXX21..1XXXXXXXXX
XXXXXXXXXXXXXXXXXXXXXXXX211...12XXXXXXXX
XXXXXXXXXXXXXXXXXXXXXX221......112XXXXXX
XXXXXXXXXXXXXXXXXXXXXX1..........1XXXXXX
XXXXXXXXXXXXXXXXXXXXXX1...111.1111XXXXXX
XXXXXXXXXXXXXXXXXXX1111...1X1.1XXXXXXXXX
XXXXXXXXXXXXXXXXXXX1....11211.111XXX1111
XXXXXXXXXXXXXXXXXXX323211X1.....1XXX1...
XXXXXXXXXXXXXXXXXXXXXXXXXX1.....1XXX21..
XXXXXXXXXXXXXXXXXXXXXXXXXX21....1XXXX1..
XXXXXXXXXXXXXXXXXXXXXXXXXXX21...1XXXX2..
XXXXXXXXXXXXXXXXXXXXXXXXXXXX21..1XXXX1..
XXXXXXXXXXXXXXXXXXXXXXXXXXXXX1..122211..
XXXXXXXXXXXXXXXXXXXXXXXXXXXXX211........
XXXXXXXXXXXXXXXXXXXXXXXXXXXXXXX1111.....
XXXXXXXXXXXXXXXXXXXXXXXXXXXXXXXXXX21....
XXXXXXXXXXXXXXXXXXXXXXXXXXXXXXXXXXX1....
XXXXXXXXXXXXXXXXXXXXXXXXXXXXXXXXXXX1....
