XXXXXXXX1................1XXXXXXXXX
XXXXXXXX1.........111....1XXXXXXXXX
XXXXXXXX1....111.12X1111.2XXXXXXXXX
XXXXXXXX1....1X1.1X211X211XXXXXXXXX
XXXXXXXX211..111.111.1XXXXXXXXXXXXX
XXXXXXXXXX1.........11XXXXXXXXXXXXX
XXXXXXXXXX2.........1XXXXXXXXXXXXXX
XXXXXXXXXX1.........1111XXXXXXXXXXX
XXXXXXXXX21............1XXXXXXXXXXX
XXXXXX2111.............1XXXXXXXXXXX
XXXXXX2............111.12XXXXXXXXXX
XXXXXX211..........1X1..1111XXXXXXX
XXXXXXXX1......111.111.....111111XX
XX1111111....112X21.............1XX
XX1..........1XXXX1.............2XX
111..111.....111111111.....111..2XX
.....1X321111.....1XX1.....1X1..111
.....12XXXXX1.....1X21.....1221....
......1221111.....111.......1X1....
111............111..........111..11
XX1............1X1...............1X
