.1*1.1*1.1221.2*3111*1..1*1.113*
.1232211.1**1.2*3*1111..111.2*5*
..1**211.1343111322.........2**2
..2332*2212**2122*1..12211111332
..1*112*3*2222*3*42..2**22*1.1*1
..111123*321.113**1..2*32*21.122
....13*312*1...122211122211...1*
....1**313231211..2*311*1.....11
..112222*2*2*3*3213**22332211111
111*1.13331335**2*3323*3**3*11*1
*1111.1**322**3233*1.2*334*32111
221.11234**222112*21.1122*4*2...
1*1.1*11*32211.1*321...1*23*311.
111.11111113*31113*2.11223322*1.
.1121111112***2.14*3.1*22**1111.
.1*2*11*12*44*323**2.12*22321...
.113221223*3212**321..222.1*1...
...1*213*32*21122211..1*1.111...
121212*3*212*21223*1.12321......
*2*1.223111222*2**2212*2*1......
132212*1..1*11233211*22321.111..
.1*11*21..11112*21.2221*2112*1..
.111111111...1*3*1.1*222*22*21..
22112333*1...11211.12*112*211...
**11****21111....1111222221.....
443233321.1*1....2*312*3*21..122
**3*1.....222....2*3*23*4*1..1**
23*21....12*1....123223*32222343
.1221....2*31.....1*12*311*3**2*
123*2...13*2......2234*4223*3221
*2**31..1*21......1*2***2*322...
2323*21.11211...113344*3212*1...
*3222*211.1*1...1*2**422..111.11
3**2112*11221..12334*4*2......1*
4**3.12211*1...1*2*335*2......11
***2.1*1133322111212**3311.111..
3*3212122**3**1.111123*2*322*1..
1223*2.1*6*4221.2*2..1122**211..
.2*4*2.13**3211.2*311..12321111.
.2*311.14*5*2*1.112*2111*2111*1.
.111...1**31211...112*1112*1111.
