Musica Ghost River de Nightwish adicionada com sucesso.
Musica I Want My Tears Back de Nightwish adicionada com sucesso.
Musica Turn Loose The Mermaids de Nightwish adicionada com sucesso.
---- Playlist: A wish in the night sky ----
Total de musicas: 3

(1). 'Ghost River'
Artista: Nightwish
Duracao: 325 segundos

(2). 'I Want My Tears Back'
Artista: Nightwish
Duracao: 308 segundos

=== NOW PLAYING ===
(3). 'Turn Loose The Mermaids'
Artista: Nightwish
Duracao: 259 segundos

Musica Rest Calm de Nightwish adicionada com sucesso.
Musica Last Ride of The Day de Nightwish adicionada com sucesso.
Musica Song of Myself de Nightwish adicionada com sucesso.
---- Playlist: A wish in the night sky ----
Total de musicas: 6

(1). 'Ghost River'
Artista: Nightwish
Duracao: 325 segundos

(2). 'I Want My Tears Back'
Artista: Nightwish
Duracao: 308 segundos

(3). 'Turn Loose The Mermaids'
Artista: Nightwish
Duracao: 259 segundos

=== NOW PLAYING ===
(4). 'Rest Calm'
Artista: Nightwish
Duracao: 419 segundos

(5). 'Last Ride of The Day'
Artista: Nightwish
Duracao: 271 segundos

(6). 'Song of Myself'
Artista: Nightwish
Duracao: 810 segundos

