Musica Livin' On A Prayer de Bon Jovi adicionada com sucesso.
Musica I Want To Break Free de Queen adicionada com sucesso.
Musica Telescope de STARSET adicionada com sucesso.
---- Playlist: Literalmente muita coisa ----
Total de musicas: 3

(1). 'Livin' On A Prayer'
Artista: Bon Jovi
Duracao: 249 segundos

=== NOW PLAYING ===
(2). 'I Want To Break Free'
Artista: Queen
Duracao: 223 segundos

(3). 'Telescope'
Artista: STARSET
Duracao: 331 segundos

Musica Fear of The Dark - 2015 Remaster de Iron Maiden adicionada com sucesso.
Musica Still Loving You de Scorpions adicionada com sucesso.
Musica You Give Love A Bad Name de Bon Jovi adicionada com sucesso.
Musica Paradise City de Guns N' Roses adicionada com sucesso.
---- Playlist: Literalmente muita coisa ----
Total de musicas: 7

(1). 'Livin' On A Prayer'
Artista: Bon Jovi
Duracao: 249 segundos

(2). 'I Want To Break Free'
Artista: Queen
Duracao: 223 segundos

=== NOW PLAYING ===
(3). 'Telescope'
Artista: STARSET
Duracao: 331 segundos

(4). 'Fear of The Dark - 2015 Remaster'
Artista: Iron Maiden
Duracao: 438 segundos

(5). 'Still Loving You'
Artista: Scorpions
Duracao: 403 segundos

(6). 'You Give Love A Bad Name'
Artista: Bon Jovi
Duracao: 223 segundos

(7). 'Paradise City'
Artista: Guns N' Roses
Duracao: 406 segundos

Musica Nothing Else Matters de Metallica adicionada com sucesso.
Musica CASTLE OF GLASS de Linking Park adicionada com sucesso.
Musica High Hopes de Pink Floyd adicionada com sucesso.
Musica You Gonna Go Far, Kid de The Offspring adicionada com sucesso.
Musica Coming Back To Life de Pink Floyd adicionada com sucesso.
Musica Mr. Brightside de The Killers adicionada com sucesso.
Musica Highway to Hell de AC/DC adicionada com sucesso.
Musica Photograph de Nickelback adicionada com sucesso.
Playlist cheia!
---- Playlist: Literalmente muita coisa ----
Total de musicas: 15

(1). 'Livin' On A Prayer'
Artista: Bon Jovi
Duracao: 249 segundos

(2). 'I Want To Break Free'
Artista: Queen
Duracao: 223 segundos

(3). 'Telescope'
Artista: STARSET
Duracao: 331 segundos

=== NOW PLAYING ===
(4). 'Fear of The Dark - 2015 Remaster'
Artista: Iron Maiden
Duracao: 438 segundos

(5). 'Still Loving You'
Artista: Scorpions
Duracao: 403 segundos

(6). 'You Give Love A Bad Name'
Artista: Bon Jovi
Duracao: 223 segundos

(7). 'Paradise City'
Artista: Guns N' Roses
Duracao: 406 segundos

(8). 'Nothing Else Matters'
Artista: Metallica
Duracao: 388 segundos

(9). 'CASTLE OF GLASS'
Artista: Linking Park
Duracao: 209 segundos

(10). 'High Hopes'
Artista: Pink Floyd
Duracao: 511 segundos

(11). 'You Gonna Go Far, Kid'
Artista: The Offspring
Duracao: 178 segundos

(12). 'Coming Back To Life'
Artista: Pink Floyd
Duracao: 379 segundos

(13). 'Mr. Brightside'
Artista: The Killers
Duracao: 178 segundos

(14). 'Highway to Hell'
Artista: AC/DC
Duracao: 208 segundos

(15). 'Photograph'
Artista: Nickelback
Duracao: 259 segundos

