Musica Eduardo E Monica de Legiao Urbana adicionada com sucesso.
---- Playlist: Brasil com Z ----
Total de musicas: 1

=== NOW PLAYING ===
(1). 'Eduardo E Monica'
Artista: Legiao Urbana
Duracao: 271 segundos

Musica Diario de um Detento de Racionais MC's adicionada com sucesso.
Musica Ela Vai Voltar (Todos Os Defeitos De Uma Mulher Perfeita) de Charlie Brown Jr. adicionada com sucesso.
Musica Felicidade de Marcelo Jeneci adicionada com sucesso.
---- Playlist: Brasil com Z ----
Total de musicas: 4

(1). 'Eduardo E Monica'
Artista: Legiao Urbana
Duracao: 271 segundos

=== NOW PLAYING ===
(2). 'Diario de um Detento'
Artista: Racionais MC's
Duracao: 451 segundos

(3). 'Ela Vai Voltar (Todos Os Defeitos De Uma Mulher Perfeita)'
Artista: Charlie Brown Jr.
Duracao: 188 segundos

(4). 'Felicidade'
Artista: Marcelo Jeneci
Duracao: 253 segundos

Musica Do leme ao pontal (Tomo guarana, suco de caju, goiabada para sobremesa) de Tim Maia adicionada com sucesso.
Musica Lanterna dos Afogados de Os Paralamas do Sucesso adicionada com sucesso.
Musica Boate Azul de Joaquim e Manuel adicionada com sucesso.
Musica Sao Paulo de Mallu Magalhaes adicionada com sucesso.
---- Playlist: Brasil com Z ----
Total de musicas: 8

(1). 'Eduardo E Monica'
Artista: Legiao Urbana
Duracao: 271 segundos

(2). 'Diario de um Detento'
Artista: Racionais MC's
Duracao: 451 segundos

(3). 'Ela Vai Voltar (Todos Os Defeitos De Uma Mulher Perfeita)'
Artista: Charlie Brown Jr.
Duracao: 188 segundos

(4). 'Felicidade'
Artista: Marcelo Jeneci
Duracao: 253 segundos

(5). 'Do leme ao pontal (Tomo guarana, suco de caju, goiabada para sobremesa)'
Artista: Tim Maia
Duracao: 300 segundos

=== NOW PLAYING ===
(6). 'Lanterna dos Afogados'
Artista: Os Paralamas do Sucesso
Duracao: 190 segundos

(7). 'Boate Azul'
Artista: Joaquim e Manuel
Duracao: 200 segundos

(8). 'Sao Paulo'
Artista: Mallu Magalhaes
Duracao: 153 segundos

