Musica Four Out Of Five de Arctic Monkeys adicionada com sucesso.
Musica Die In Shanghai de Las Aves adicionada com sucesso.
Musica Clock Tower de Yoann Laulan adicionada com sucesso.
Musica RED de Survive Said The Prophet adicionada com sucesso.
Musica Obstacles de Syd Matters adicionada com sucesso.
Musica Spanish Sahara de Foals adicionada com sucesso.
---- Playlist: Um monte de coisa ----
Total de musicas: 6

(1). 'Four Out Of Five'
Artista: Arctic Monkeys
Duracao: 312 segundos

(2). 'Die In Shanghai'
Artista: Las Aves
Duracao: 226 segundos

(3). 'Clock Tower'
Artista: Yoann Laulan
Duracao: 266 segundos

(4). 'RED'
Artista: Survive Said The Prophet
Duracao: 254 segundos

=== NOW PLAYING ===
(5). 'Obstacles'
Artista: Syd Matters
Duracao: 209 segundos

(6). 'Spanish Sahara'
Artista: Foals
Duracao: 410 segundos

Musica Hopes And Dreams de Toby Fox adicionada com sucesso.
Musica The Right Way Around de Daughter adicionada com sucesso.
Musica Modern Jesus de Portugal. The Man adicionada com sucesso.
Musica Baby Blue - Remastered 2010 de Badfinger adicionada com sucesso.
---- Playlist: Um monte de coisa ----
Total de musicas: 10

(1). 'Four Out Of Five'
Artista: Arctic Monkeys
Duracao: 312 segundos

(2). 'Die In Shanghai'
Artista: Las Aves
Duracao: 226 segundos

(3). 'Clock Tower'
Artista: Yoann Laulan
Duracao: 266 segundos

(4). 'RED'
Artista: Survive Said The Prophet
Duracao: 254 segundos

(5). 'Obstacles'
Artista: Syd Matters
Duracao: 209 segundos

(6). 'Spanish Sahara'
Artista: Foals
Duracao: 410 segundos

(7). 'Hopes And Dreams'
Artista: Toby Fox
Duracao: 181 segundos

(8). 'The Right Way Around'
Artista: Daughter
Duracao: 161 segundos

(9). 'Modern Jesus'
Artista: Portugal. The Man
Duracao: 194 segundos

=== NOW PLAYING ===
(10). 'Baby Blue - Remastered 2010'
Artista: Badfinger
Duracao: 219 segundos

