Arte inicial:
                                  
               _   _              
              / '-' \             
             ;       ;            
          /'-|       |-'\         
         |   |_______|   |        
         \   '-------'   /        
          '.___.....___.'         
             | ;  : ;|            
            _|;__;__.|_           
           |     Y     |    .--.  
  .--.      \ _.'^'._ /    /;   \ 
 /   ;\      |_  ;  _|     |  ' | 
 | ;  |      { `"""` }     |;   | 
 |'   |      {       }     | ;  | 
 |  ; |      {       }     |    | 
 |;   |      ;`-.__.'|     |:  ;| 
 | ;  \      |;  ;   |_____/ ;  | 
 |   '.'-----'      ' -_   .'   / 
 \  '.   - _  ' ;  ;  _  -    .'  
  '.   -     - ;  ;   .------`    
    `--------.      ;|            
             |;  ,   |            
             |     ; |            
             |. ;    |            
             | :    :|            
             |   .   |            
             |;   ;  |            
             |;  ,   |            
             |     ; |            
             |. ;    |            
             |     ; |            
             |. ;    |            
             | :    :|            
             |   .   |            
             |;   ;  |            
             `"-----"`            
                                  

Arte apos a etapa 0:
                                  
               _   _              
              / '-' \             
             ;       ;            
          /'-|       |-'\         
         |   |_______|   |        
         \   '-------'   /        
          '.___.....___.'         
             | ;  : ;|            
            _|;__;__.|_           
           |oooooY     |    .--.  
  .--.      \o_.'^'._ /    /;   \ 
 /   ;\      |_  ;  _|     |  ' | 
 | ;  |      { `"""` }     |;   | 
 |'   |      {       }     | ;  | 
 |  ; |      {       }     |    | 
 |;   |      ;`-.__.'|     |:  ;| 
 | ;  \      |;  ;   |_____/ ;  | 
 |   '.'-----'      ' -_   .'   / 
 \  '.   - _  ' ;  ;  _  -    .'  
  '.   -     - ;  ;   .------`    
    `--------.      ;|            
             |;  ,   |            
             |     ; |            
             |. ;    |            
             | :    :|            
             |   .   |            
             |;   ;  |            
             |;  ,   |            
             |     ; |            
             |. ;    |            
             |     ; |            
             |. ;    |            
             | :    :|            
             |   .   |            
             |;   ;  |            
             `"-----"`            
                                  

Arte apos a etapa 1:
                                  
               _   _              
              / '-' \             
             ;       ;            
          /'-|       |-'\         
         |   |_______|   |        
         \   '-------'   /        
          '.___.....___.'         
             | ;  : ;|            
            _|;__;__.|_           
           |oooooYooooo|    .--.  
  .--.      \o_.'^'._o/    /;   \ 
 /   ;\      |_  ;  _|     |  ' | 
 | ;  |      { `"""` }     |;   | 
 |'   |      {       }     | ;  | 
 |  ; |      {       }     |    | 
 |;   |      ;`-.__.'|     |:  ;| 
 | ;  \      |;  ;   |_____/ ;  | 
 |   '.'-----'      ' -_   .'   / 
 \  '.   - _  ' ;  ;  _  -    .'  
  '.   -     - ;  ;   .------`    
    `--------.      ;|            
             |;  ,   |            
             |     ; |            
             |. ;    |            
             | :    :|            
             |   .   |            
             |;   ;  |            
             |;  ,   |            
             |     ; |            
             |. ;    |            
             |     ; |            
             |. ;    |            
             | :    :|            
             |   .   |            
             |;   ;  |            
             `"-----"`            
                                  

Arte apos a etapa 2:
                                  
               _   _              
              / '-' \             
             ;       ;            
          /'-|       |-'\         
         |   |_______|   |        
         \   '-------'   /        
          '.___.....___.'         
             | ;  : ;|            
            _|;__;__.|_           
           |oooooYooooo|    .--.  
  .--.      \o_.'^'._o/    /;   \ 
 /   ;\      |_  ;  _|     |  ' | 
 | ;  |      {x`"""`x}     |;   | 
 |'   |      {xxxxxxx}     | ;  | 
 |  ; |      {xxxxxxx}     |    | 
 |;   |      ;`-.__.'|     |:  ;| 
 | ;  \      |;  ;   |_____/ ;  | 
 |   '.'-----'      ' -_   .'   / 
 \  '.   - _  ' ;  ;  _  -    .'  
  '.   -     - ;  ;   .------`    
    `--------.      ;|            
             |;  ,   |            
             |     ; |            
             |. ;    |            
             | :    :|            
             |   .   |            
             |;   ;  |            
             |;  ,   |            
             |     ; |            
             |. ;    |            
             |     ; |            
             |. ;    |            
             | :    :|            
             |   .   |            
             |;   ;  |            
             `"-----"`            
                                  

Arte enquadrada:
                 /\
╭——————————————————————————————————╮
|                                  |
|               _   _              |
|              / '-' \             |
|             ;       ;            |
|          /'-|       |-'\         |
|         |   |_______|   |        |
|         \   '-------'   /        |
|          '.___.....___.'         |
|             | ;  : ;|            |
|            _|;__;__.|_           |
|           |oooooYooooo|    .--.  |
|  .--.      \o_.'^'._o/    /;   \ |
| /   ;\      |_  ;  _|     |  ' | |
| | ;  |      {x`"""`x}     |;   | |
| |'   |      {xxxxxxx}     | ;  | |
| |  ; |      {xxxxxxx}     |    | |
| |;   |      ;`-.__.'|     |:  ;| |
| | ;  \      |;  ;   |_____/ ;  | |
| |   '.'-----'      ' -_   .'   / |
| \  '.   - _  ' ;  ;  _  -    .'  |
|  '.   -     - ;  ;   .------`    |
|    `--------.      ;|            |
|             |;  ,   |            |
|             |     ; |            |
|             |. ;    |            |
|             | :    :|            |
|             |   .   |            |
|             |;   ;  |            |
|             |;  ,   |            |
|             |     ; |            |
|             |. ;    |            |
|             |     ; |            |
|             |. ;    |            |
|             | :    :|            |
|             |   .   |            |
|             |;   ;  |            |
|             `"-----"`            |
|                                  |
╰——————————————————————————————————╯
