Arte inicial:
                             
                   _,.,      
                 ,'   ,'     
                /   ,'       
               /   ,         
              /   ,          
             /   '           
            /   ,'           
            '.__|            
             |  |            
             |__|            
             |  |            
             |__|            
             |, |            
             |--|            
             |__|            
             |  |            
             |--|            
             |__|            
             |__|        ,-. 
            _|__|_    _,'  / 
        _,.-      ,_,' o  /  
       /     8888        /   
       |                /    
        1              /     
        `L   8888     /      
         |           /       
        /    ====    \       
       /     ____     \      
      /     (____)  o  \     
     /             o    \    
    /             o     ,'   
   /               _,.'^     
  /        __,.-"~^          
 ',,..--~~^                  
                             
                             

Arte apos a etapa 0:
                             
                   _,.,      
                 ,'~~~,'     
                /~~~,'       
               /~~~,         
              /~~~,          
             /~~~'           
            /~~~,'           
            '.__|            
             |  |            
             |__|            
             |  |            
             |__|            
             |, |            
             |--|            
             |__|            
             |  |            
             |--|            
             |__|            
             |__|        ,-. 
            _|__|_    _,'  / 
        _,.-      ,_,' o  /  
       /     8888        /   
       |                /    
        1              /     
        `L   8888     /      
         |           /       
        /    ====    \       
       /     ____     \      
      /     (____)  o  \     
     /             o    \    
    /             o     ,'   
   /               _,.'^     
  /        __,.-"~^          
 ',,..--~~^                  
                             
                             

Arte apos a etapa 1:
                             
                   _,.,      
                 ,'~~~,'     
                /~~~,'       
               /~~~,         
              /~~~,          
             /~~~'           
            /~~~,'           
            '.__|            
             |  |            
             |__|            
             |  |            
             |__|            
             |, |            
             |--|            
             |__|            
             |  |            
             |--|            
             |__|            
             |__|        ,-. 
            _|__|_    _,'~~/ 
        _,.-~~~~~~,_,'~o~~/  
       /~~~~~8888~~~~~~~~/   
       |~~~~~~~~~~~~~~~~/    
        1~~~~~~~~~~~~~~/     
        `L~~~8888~~~~~/      
         |~~~~~~~~~~~/       
        /~~~~====~~~~\       
       /~~~~~____~~~~~\      
      /~~~~~(____)~~o~~\     
     /~~~~~~~~~~~~~o~~~~\    
    /~~~~~~~~~~~~~o~~~~~,'   
   /~~~~~~~~~~~~~~~_,.'^     
  /~~~~~~~~__,.-"~^          
 ',,..--~~^                  
                             
                             

Arte enquadrada:
               Ʌ
╭—————————————————————————————╮
|                             |
|                   _,.,      |
|                 ,'~~~,'     |
|                /~~~,'       |
|               /~~~,         |
|              /~~~,          |
|             /~~~'           |
|            /~~~,'           |
|            '.__|            |
|             |  |            |
|             |__|            |
|             |  |            |
|             |__|            |
|             |, |            |
|             |--|            |
|             |__|            |
|             |  |            |
|             |--|            |
|             |__|            |
|             |__|        ,-. |
|            _|__|_    _,'~~/ |
|        _,.-~~~~~~,_,'~o~~/  |
|       /~~~~~8888~~~~~~~~/   |
|       |~~~~~~~~~~~~~~~~/    |
|        1~~~~~~~~~~~~~~/     |
|        `L~~~8888~~~~~/      |
|         |~~~~~~~~~~~/       |
|        /~~~~====~~~~\       |
|       /~~~~~____~~~~~\      |
|      /~~~~~(____)~~o~~\     |
|     /~~~~~~~~~~~~~o~~~~\    |
|    /~~~~~~~~~~~~~o~~~~~,'   |
|   /~~~~~~~~~~~~~~~_,.'^     |
|  /~~~~~~~~__,.-"~^          |
| ',,..--~~^                  |
|                             |
|                             |
╰—————————————————————————————╯
