Arte inicial:
                                                            
   //                       \\                              
  / /                       \ \                             
 |  \         _____         /  |                            
 |   \     _/       \_     /   |___________                 
  \_  ----/           \----  _/       x    \\\              
    \    /   /     \   \    /          x   x \\\            
     ----|   0     0   |----            xxx     \           
          |           |    xxx                   \          
           \         /    x   x          xx       |______// 
            \       /    x   x          x  xx     |         
             | O_O | \   x   x          xx   x    |         
              \___/   `----------------   xxx     |         
                         | |  | |      \         /          
                         / |  / |       \______//           
                         \ |  \ |        \ |  \ |           
                       __| |__| |      __| |__| |           
                       |___||___|      |___||___|           
                                                            

Arte apos a etapa 0:
                                                            
   //                       \\                              
  /*/                       \ \                             
 |**\         _____         /  |                            
 |***\     _/       \_     /   |___________                 
  \_**----/           \----  _/       x    \\\              
    \****/   /     \   \    /          x   x \\\            
     ----|   0     0   |----            xxx     \           
          |           |    xxx                   \          
           \         /    x   x          xx       |______// 
            \       /    x   x          x  xx     |         
             | O_O | \   x   x          xx   x    |         
              \___/   `----------------   xxx     |         
                         | |  | |      \         /          
                         / |  / |       \______//           
                         \ |  \ |        \ |  \ |           
                       __| |__| |      __| |__| |           
                       |___||___|      |___||___|           
                                                            

Arte apos a etapa 1:
                                                            
   //                       \\                              
  /*/                       \*\                             
 |**\         _____         /**|                            
 |***\     _/       \_     /***|___________                 
  \_**----/           \----**_/       x    \\\              
    \****/   /     \   \****/          x   x \\\            
     ----|   0     0   |----            xxx     \           
          |           |    xxx                   \          
           \         /    x   x          xx       |______// 
            \       /    x   x          x  xx     |         
             | O_O | \   x   x          xx   x    |         
              \___/   `----------------   xxx     |         
                         | |  | |      \         /          
                         / |  / |       \______//           
                         \ |  \ |        \ |  \ |           
                       __| |__| |      __| |__| |           
                       |___||___|      |___||___|           
                                                            

Arte apos a etapa 2:
                                                            
   //                       \\                              
  /*/                       \*\                             
 |**\         _____         /**|                            
 |***\     _/       \_     /***|___________                 
  \_**----/           \----**_/       x    \\\              
    \****/   /     \   \****/          x   x \\\            
     ----|   0     0   |----            xxx     \           
          |           |    xxx                   \          
           \         /    xxxxx          xx       |______// 
            \       /    xxxxx          x  xx     |         
             | O_O | \   xxxxx          xx   x    |         
              \___/   `----------------   xxx     |         
                         | |  | |      \         /          
                         / |  / |       \______//           
                         \ |  \ |        \ |  \ |           
                       __| |__| |      __| |__| |           
                       |___||___|      |___||___|           
                                                            

Arte apos a etapa 3:
                                                            
   //                       \\                              
  /*/                       \*\                             
 |**\         _____         /**|                            
 |***\     _/       \_     /***|___________                 
  \_**----/           \----**_/       xxxxx\\\              
    \****/   /     \   \****/          xxxxx \\\            
     ----|   0     0   |----            xxx     \           
          |           |    xxx                   \          
           \         /    xxxxx          xx       |______// 
            \       /    xxxxx          x  xx     |         
             | O_O | \   xxxxx          xx   x    |         
              \___/   `----------------   xxx     |         
                         | |  | |      \         /          
                         / |  / |       \______//           
                         \ |  \ |        \ |  \ |           
                       __| |__| |      __| |__| |           
                       |___||___|      |___||___|           
                                                            

Arte apos a etapa 4:
                                                            
   //                       \\                              
  /*/                       \*\                             
 |**\         _____         /**|                            
 |***\     _/       \_     /***|___________                 
  \_**----/           \----**_/       xxxxx\\\              
    \****/   /     \   \****/          xxxxx \\\            
     ----|   0     0   |----            xxx     \           
          |           |    xxx                   \          
           \         /    xxxxx          xx       |______// 
            \       /    xxxxx          xxxxx     |         
             | O_O | \   xxxxx          xxxxxx    |         
              \___/   `----------------   xxx     |         
                         | |  | |      \         /          
                         / |  / |       \______//           
                         \ |  \ |        \ |  \ |           
                       __| |__| |      __| |__| |           
                       |___||___|      |___||___|           
                                                            

Arte enquadrada:
                              /\
╭————————————————————————————————————————————————————————————╮
|                                                            |
|   //                       \\                              |
|  /*/                       \*\                             |
| |**\         _____         /**|                            |
| |***\     _/       \_     /***|___________                 |
|  \_**----/           \----**_/       xxxxx\\\              |
|    \****/   /     \   \****/          xxxxx \\\            |
|     ----|   0     0   |----            xxx     \           |
|          |           |    xxx                   \          |
|           \         /    xxxxx          xx       |______// |
|            \       /    xxxxx          xxxxx     |         |
|             | O_O | \   xxxxx          xxxxxx    |         |
|              \___/   `----------------   xxx     |         |
|                         | |  | |      \         /          |
|                         / |  / |       \______//           |
|                         \ |  \ |        \ |  \ |           |
|                       __| |__| |      __| |__| |           |
|                       |___||___|      |___||___|           |
|                                                            |
╰————————————————————————————————————————————————————————————╯
