Arte inicial:
                                    
         ____                    /| 
         |   \      ____        / | 
   ___   |    \    /\   |      /  ; 
  /\  \  |     \  /  \  |     /  ;  
 /,'\  \ |      \/    \ |    /   ;  
 ~  ;   \|      /      \|   /   ;   
    |    \     /       |   /    ;   
    |     \   /        |  /    ;    
    |      \ /         | /     ;    
    |       /          |/     ;     
    |      /           |      ;     
     \    /            |     ;      
      \  /             |     ;      
       \/              |    ;       
        \______________|___;        
                                    

Arte apos a etapa 0:
                                    
         ____                    /| 
         |   \      ____        / | 
   ___   |    \    /\   |      /  ; 
  /\::\  |     \  /  \  |     /  ;  
 /,'\::\ |      \/    \ |    /   ;  
 ~  ;:::\|      /      \|   /   ;   
    |::::\     /       |   /    ;   
    |:::::\   /        |  /    ;    
    |::::::\ /         | /     ;    
    |:::::::/          |/     ;     
    |::::::/           |      ;     
     \::::/            |     ;      
      \::/             |     ;      
       \/              |    ;       
        \______________|___;        
                                    

Arte apos a etapa 1:
                                    
         ____                    /| 
         |   \      ____        /:| 
   ___   |    \    /\   |      /::; 
  /\::\  |     \  /  \  |     /::;  
 /,'\::\ |      \/    \ |    /:::;  
 ~  ;:::\|      /      \|   /:::;   
    |::::\     /       |   /::::;   
    |:::::\   /        |  /::::;    
    |::::::\ /         | /:::::;    
    |:::::::/          |/:::::;     
    |::::::/           |::::::;     
     \::::/            |:::::;      
      \::/             |:::::;      
       \/              |::::;       
        \______________|___;        
                                    

Arte apos a etapa 2:
                                    
         ____                    /| 
         |>>>\      ____        /:| 
   ___   |>>>>\    /\   |      /::; 
  /\::\  |>>>>>\  /  \  |     /::;  
 /,'\::\ |>>>>>>\/    \ |    /:::;  
 ~  ;:::\|>>>>>>/      \|   /:::;   
    |::::\>>>>>/       |   /::::;   
    |:::::\>>>/        |  /::::;    
    |::::::\>/         | /:::::;    
    |:::::::/          |/:::::;     
    |::::::/           |::::::;     
     \::::/            |:::::;      
      \::/             |:::::;      
       \/              |::::;       
        \______________|___;        
                                    

Arte apos a etapa 3:
                                    
         ____                    /| 
         |>>>\      ____        /:| 
   ___   |>>>>\    /\>>>|      /::; 
  /\::\  |>>>>>\  /  \>>|     /::;  
 /,'\::\ |>>>>>>\/    \>|    /:::;  
 ~  ;:::\|>>>>>>/      \|   /:::;   
    |::::\>>>>>/       |   /::::;   
    |:::::\>>>/        |  /::::;    
    |::::::\>/         | /:::::;    
    |:::::::/          |/:::::;     
    |::::::/           |::::::;     
     \::::/            |:::::;      
      \::/             |:::::;      
       \/              |::::;       
        \______________|___;        
                                    

Arte apos a etapa 4:
                                    
         ____                    /| 
         |>>>\      ____        /:| 
   ___   |>>>>\    /\>>>|      /::; 
  /\::\  |>>>>>\  /..\>>|     /::;  
 /,'\::\ |>>>>>>\/....\>|    /:::;  
 ~  ;:::\|>>>>>>/......\|   /:::;   
    |::::\>>>>>/.......|   /::::;   
    |:::::\>>>/........|  /::::;    
    |::::::\>/.........| /:::::;    
    |:::::::/..........|/:::::;     
    |::::::/...........|::::::;     
     \::::/............|:::::;      
      \::/.............|:::::;      
       \/..............|::::;       
        \______________|___;        
                                    

Arte enquadrada:
                  /\
╭————————————————————————————————————╮
|                                    |
|         ____                    /| |
|         |>>>\      ____        /:| |
|   ___   |>>>>\    /\>>>|      /::; |
|  /\::\  |>>>>>\  /..\>>|     /::;  |
| /,'\::\ |>>>>>>\/....\>|    /:::;  |
| ~  ;:::\|>>>>>>/......\|   /:::;   |
|    |::::\>>>>>/.......|   /::::;   |
|    |:::::\>>>/........|  /::::;    |
|    |::::::\>/.........| /:::::;    |
|    |:::::::/..........|/:::::;     |
|    |::::::/...........|::::::;     |
|     \::::/............|:::::;      |
|      \::/.............|:::::;      |
|       \/..............|::::;       |
|        \______________|___;        |
|                                    |
╰————————————————————————————————————╯
