Arte inicial:
                          
  .--.              .--.  
 : (\ ". _......_ ." /) : 
  '.    `        `    .'  
   /'   _        _   `\   
  /     0}      {0     \  
 |       /      \       | 
 |     /'        `\     | 
  \   | .  .==.  . |   /  
   '._ \.' \__/ './ _.'   
   /  ``'._-''-_.'``  \   
                          

Arte apos a etapa 0:
                          
  .--.              .--.  
 : (\\". _......_ ." /) : 
  '.\\\\`        `    .'  
   /'\\\_        _   `\   
  /\\\\\0}      {0     \  
 |\\\\\\\/      \       | 
 |\\\\\/'        `\     | 
  \\\\| .  .==.  . |   /  
   '._ \.' \__/ './ _.'   
   /  ``'._-''-_.'``  \   
                          

Arte apos a etapa 1:
                          
  .--.              .--.  
 : (\\". _......_ ."//) : 
  '.\\\\`        `////.'  
   /'\\\_        _///`\   
  /\\\\\0}      {0/////\  
 |\\\\\\\/      \///////| 
 |\\\\\/'        `\/////| 
  \\\\| .  .==.  . |////  
   '._ \.' \__/ './ _.'   
   /  ``'._-''-_.'``  \   
                          

Arte enquadrada:
             /\
╭——————————————————————————╮
|                          |
|  .--.              .--.  |
| : (\\". _......_ ."//) : |
|  '.\\\\`        `////.'  |
|   /'\\\_        _///`\   |
|  /\\\\\0}      {0/////\  |
| |\\\\\\\/      \///////| |
| |\\\\\/'        `\/////| |
|  \\\\| .  .==.  . |////  |
|   '._ \.' \__/ './ _.'   |
|   /  ``'._-''-_.'``  \   |
|                          |
╰——————————————————————————╯
