Arte inicial:
                                                      
                      .--.  .--.                      
                     /    \/    \                     
                    | .-.   .-.  \                    
                    |/_  | /_  |  \                   
                    || `\| | `\|   `----.             
                    |\0_/  \0_/          \_           
  .--"""""-.       /              (` \     `-.        
 /          \-----'-.              \          \       
 \  () ()                         /`\          \      
 |                         .___.-'   |          \     
 \                        /` \|      /           ;    
  `-.___             ___.' .-.`.---.|             \   
     \| ``-..___,.-'`\| / /   /     |              `\ 
      `      \|      ,`/ /   /   ,  /                `
              `      |\ /   /    |\/                  
               ,   .'`-;   '     \/                   
          ,    |\-'  .'   ,   .-'`                    
        .-|\--;`` .-'     |\.'                        
       ( `"'-.|\ (___,.--'`'                          
        \      `"`           _.--'                    
         ```.          _.-'`-.                        
             `''---''``       `.                      
                                `                     

Arte apos a etapa 0:
                                                      
                      .--.  .--.                      
                     /....\/....\                     
                    | .-.....-...\                    
                    |/_  |./_  |..\                   
                    || `\|.| `\|...`----.             
                    |\0_/..\0_/..........\_           
  .--"""""-.       /..............(`.\.....`-.        
 /..........\-----'-...............\..........\       
 \..().()........................./`\..........\      
 |..........................___.-'   |..........\     
 \......................../` \|      /...........;    
  `-.___.............___.' .-.`.---.|.............\   
     \| ``-..___,.-'`\| / /   /     |..............`\ 
      `      \|      ,`/ /   /   ,  /................`
              `      |\ /   /    |\/..................
               ,   .'`-;   '     \/...................
          ,    |\-'  .'   ,   .-'`....................
        .-|\--;`` .-'     |\.'........................
       ( `"'-.|\ (___,.--'`'..........................
        \......`"`..........._.--'....................
         ```..........._.-'`-.........................
             `''---''``       `.......................
                                `.....................

Arte enquadrada:
                           /\
╭——————————————————————————————————————————————————————╮
|                                                      |
|                      .--.  .--.                      |
|                     /....\/....\                     |
|                    | .-.....-...\                    |
|                    |/_  |./_  |..\                   |
|                    || `\|.| `\|...`----.             |
|                    |\0_/..\0_/..........\_           |
|  .--"""""-.       /..............(`.\.....`-.        |
| /..........\-----'-...............\..........\       |
| \..().()........................./`\..........\      |
| |..........................___.-'   |..........\     |
| \......................../` \|      /...........;    |
|  `-.___.............___.' .-.`.---.|.............\   |
|     \| ``-..___,.-'`\| / /   /     |..............`\ |
|      `      \|      ,`/ /   /   ,  /................`|
|              `      |\ /   /    |\/..................|
|               ,   .'`-;   '     \/...................|
|          ,    |\-'  .'   ,   .-'`....................|
|        .-|\--;`` .-'     |\.'........................|
|       ( `"'-.|\ (___,.--'`'..........................|
|        \......`"`..........._.--'....................|
|         ```..........._.-'`-.........................|
|             `''---''``       `.......................|
|                                `.....................|
╰——————————————————————————————————————————————————————╯
