Arte inicial:
                  
    ....  ....    
    .  .  .  .    
    ....  ....    
 ..            .. 
  ..          ..  
   ............   
                  

Arte apos a etapa 0:
                  
    ****  ....    
    *  *  .  .    
    ****  ....    
 ..            .. 
  ..          ..  
   ............   
                  

Arte apos a etapa 1:
                  
    ****  ****    
    *  *  *  *    
    ****  ****    
 ..            .. 
  ..          ..  
   ............   
                  

Arte apos a etapa 2:
                  
    ****  ****    
    *  *  *  *    
    ****  ****    
 ||            || 
  ||          ||  
   ||||||||||||   
                  

Arte apos a etapa 3:
                  
    ****  ****    
    *oo*  *  *    
    ****  ****    
 ||            || 
  ||          ||  
   ||||||||||||   
                  

Arte apos a etapa 4:
                  
    ****  ****    
    *oo*  *oo*    
    ****  ****    
 ||            || 
  ||          ||  
   ||||||||||||   
                  

Arte enquadrada:
         /\
╭——————————————————╮
|                  |
|    ****  ****    |
|    *oo*  *oo*    |
|    ****  ****    |
| ||            || |
|  ||          ||  |
|   ||||||||||||   |
|                  |
╰——————————————————╯
