Arte inicial:
                                                        
           .    .     .                                 
              .  . . .                                  
              .   .                                     
                .                                       
                  .                                     
                [::]   _......_                         
                [::].-'      _.-`.                      
                [:.'    .-. '-._.-`.                    
                [/ /\   |  \        `-..                
                / / |   `-.'      .-.   `-.             
               /  `-'            (   `.    `.           
              |           /\      `-._/      \          
              '    .'\   /  `.           _.-'|          
             /    /  /   \_.-'        _.':;:/           
           .'     \_/             _.-':;_.-'            
          /   .-.             _.-' \;.-'                
         /   (   \       _..-'     |                    
         \    `._/  _..-'    .--.  |                    
          `-.....-'/  _ _  .'    '.|                    
                   | |_|_| |      | \  (o)              
              (o)  | |_|_| |      | | (\'/)             
             (\'/)/  ''''' |     o|  \;:;               
              :;  |        |      |  |/)                
               ;: `-.._    /__..--'\.' ;:               
                   :;  `--' :;   :;                     
                                                        

Arte apos a etapa 0:
                                                        
           .    .     .                                 
              .  . . .                                  
              .   .                                     
                .                                       
                  .                                     
                [::]   _......_                         
                [::].-'......_.-`.                      
                [:.'.....-..'-._.-`.                    
                [/ /\...|  \........`-..                
                /./ |...`-.'.......-....`-.             
               /..`-'............(   `.....`.           
              |.........../\......`-._/......\          
              '.....'\.../  `............_.-'|          
             /..../  /...\_.-'........_.':;:/           
           .'.....\_/............._.-':;_.-'            
          /....-.............._.-' \;.-'                
         /...(   \......._..-'     |                    
         \....`._/.._..-'    .--.  |                    
          `-.....-'/  _ _  .'    '.|                    
                   | |_|_| |      | \  (o)              
              (o)  | |_|_| |      | | (\'/)             
             (\'/)/  ''''' |     o|  \;:;               
              :;  |        |      |  |/)                
               ;: `-.._    /__..--'\.' ;:               
                   :;  `--' :;   :;                     
                                                        

Arte enquadrada:
                            /\
╭————————————————————————————————————————————————————————╮
|                                                        |
|           .    .     .                                 |
|              .  . . .                                  |
|              .   .                                     |
|                .                                       |
|                  .                                     |
|                [::]   _......_                         |
|                [::].-'......_.-`.                      |
|                [:.'.....-..'-._.-`.                    |
|                [/ /\...|  \........`-..                |
|                /./ |...`-.'.......-....`-.             |
|               /..`-'............(   `.....`.           |
|              |.........../\......`-._/......\          |
|              '.....'\.../  `............_.-'|          |
|             /..../  /...\_.-'........_.':;:/           |
|           .'.....\_/............._.-':;_.-'            |
|          /....-.............._.-' \;.-'                |
|         /...(   \......._..-'     |                    |
|         \....`._/.._..-'    .--.  |                    |
|          `-.....-'/  _ _  .'    '.|                    |
|                   | |_|_| |      | \  (o)              |
|              (o)  | |_|_| |      | | (\'/)             |
|             (\'/)/  ''''' |     o|  \;:;               |
|              :;  |        |      |  |/)                |
|               ;: `-.._    /__..--'\.' ;:               |
|                   :;  `--' :;   :;                     |
|                                                        |
╰————————————————————————————————————————————————————————╯
