Arte inicial:
                                                              
                       --,,uod////ou,,                        
              ---,uod//               RPFT?l!i                
          ,=m/               RPFT?!||||||||||||||             
          ! . .!TV   RPFT||||||||||!!^^""'   ||||             
          !    . . !?|||||!!^^""'            ||||             
          !       . ||||                     ||||             
          !         ||||  ##                 ||||             
          !         ||||                     ||||             
          !         ||||                     ||||             
          !         ||||                     ||||             
          !         ||||                     ||||             
          `         ||||                    ,||||             
           ;;       ||||               _ -!!|||||             
     ,uodW=  ;;     ||||       _ -!!|||||||||! '              
 !Y-/          ;;  !|||   -!!|||||||!iof6    `                
 !  Y            ;; !!||||||||!iof6           `               
 !   -Y            ;; aaitf6               RPFT?!             
 !     -Y                           RPFT?!-      `            
 !       -Y                 RPFT?!-; !^"`;        ;           
 `\        -Y        RPFT?!-   ^''          ;iof6//-!9        
   `\        y RPFT?!                ;iof6//         `!!      
     `\       |               ;iof6//                  `!9    
       `\     |        ;iof6//                           `!9  
         `\   |  ;iof6/                                   9`! 
           `\ | !                                99fT|!^"'    
             `'-!9                        99fT|!^"'           
                 `!!                 99fT|!^"'                
                   `!9         99fT|!^"'                      
                     `!9 99fT|!^"'                            
                       `!^"'                                  
                                                              

Arte apos a etapa 0:
                                                              
                       --,,uod////ou,,                        
              ---,uod//               RPFT?l!i                
          ,=m/               RPFT?!||||||||||||||             
          !....!TV   RPFT||||||||||!!^^""'   ||||             
          !....... !?|||||!!^^""'            ||||             
          !.........||||                     ||||             
          !.........||||  ##                 ||||             
          !.........||||                     ||||             
          !.........||||                     ||||             
          !.........||||                     ||||             
          !.........||||                     ||||             
          `.........||||                    ,||||             
           ;;.......||||               _ -!!|||||             
     ,uodW=  ;;.....||||       _ -!!|||||||||! '              
 !Y-/          ;;..!|||   -!!|||||||!iof6    `                
 !  Y            ;; !!||||||||!iof6           `               
 !   -Y            ;; aaitf6               RPFT?!             
 !     -Y                           RPFT?!-      `            
 !       -Y                 RPFT?!-; !^"`;        ;           
 `\        -Y        RPFT?!-   ^''          ;iof6//-!9        
   `\        y RPFT?!                ;iof6//         `!!      
     `\       |               ;iof6//                  `!9    
       `\     |        ;iof6//                           `!9  
         `\   |  ;iof6/                                   9`! 
           `\ | !                                99fT|!^"'    
             `'-!9                        99fT|!^"'           
                 `!!                 99fT|!^"'                
                   `!9         99fT|!^"'                      
                     `!9 99fT|!^"'                            
                       `!^"'                                  
                                                              

Arte apos a etapa 1:
                                                              
                       --,,uod////ou,,                        
              ---,uod//               RPFT?l!i                
          ,=m/               RPFT?!||||||||||||||             
          !....!TV   RPFT||||||||||!!^^""'   ||||             
          !....... !?|||||!!^^""'            ||||             
          !.........||||                     ||||             
          !.........||||  ##                 ||||             
          !.........||||                     ||||             
          !.........||||                     ||||             
          !.........||||                     ||||             
          !.........||||                     ||||             
          `.........||||                    ,||||             
           ;;.......||||               _ -!!|||||             
     ,uodW=  ;;.....||||       _ -!!|||||||||! '              
 !Y-/          ;;..!|||   -!!|||||||!iof6    `                
 !..Y            ;; !!||||||||!iof6           `               
 !...-Y            ;; aaitf6               RPFT?!             
 !.....-Y                           RPFT?!-      `            
 !.......-Y                 RPFT?!-; !^"`;        ;           
 `\........-Y        RPFT?!-   ^''          ;iof6//-!9        
   `\........y RPFT?!                ;iof6//         `!!      
     `\.......|               ;iof6//                  `!9    
       `\.....|        ;iof6//                           `!9  
         `\...|  ;iof6/                                   9`! 
           `\.| !                                99fT|!^"'    
             `'-!9                        99fT|!^"'           
                 `!!                 99fT|!^"'                
                   `!9         99fT|!^"'                      
                     `!9 99fT|!^"'                            
                       `!^"'                                  
                                                              

Arte apos a etapa 2:
                                                              
                       --,,uod////ou,,                        
              ---,uod//BBBBBBBBBBBBBBBRPFT?l!i                
          ,=m/BBBBBBBBBBBBBBBRPFT?!||||||||||||||             
          !....!TVBBBRPFT||||||||||!!^^""'   ||||             
          !.......B!?|||||!!^^""'            ||||             
          !.........||||                     ||||             
          !.........||||  ##                 ||||             
          !.........||||                     ||||             
          !.........||||                     ||||             
          !.........||||                     ||||             
          !.........||||                     ||||             
          `.........||||                    ,||||             
           ;;.......||||               _ -!!|||||             
     ,uodW=  ;;.....||||       _ -!!|||||||||! '              
 !Y-/          ;;..!|||   -!!|||||||!iof6    `                
 !..Y            ;; !!||||||||!iof6           `               
 !...-Y            ;; aaitf6               RPFT?!             
 !.....-Y                           RPFT?!-      `            
 !.......-Y                 RPFT?!-; !^"`;        ;           
 `\........-Y        RPFT?!-   ^''          ;iof6//-!9        
   `\........y RPFT?!                ;iof6//         `!!      
     `\.......|               ;iof6//                  `!9    
       `\.....|        ;iof6//                           `!9  
         `\...|  ;iof6/                                   9`! 
           `\.| !                                99fT|!^"'    
             `'-!9                        99fT|!^"'           
                 `!!                 99fT|!^"'                
                   `!9         99fT|!^"'                      
                     `!9 99fT|!^"'                            
                       `!^"'                                  
                                                              

Arte apos a etapa 3:
                                                              
                       --,,uod////ou,,                        
              ---,uod//BBBBBBBBBBBBBBBRPFT?l!i                
          ,=m/BBBBBBBBBBBBBBBRPFT?!||||||||||||||             
          !....!TVBBBRPFT||||||||||!!^^""'   ||||             
          !.......B!?|||||!!^^""'            ||||             
          !.........||||                     ||||             
          !.........||||  ##                 ||||             
          !.........||||                     ||||             
          !.........||||                     ||||             
          !.........||||                     ||||             
          !.........||||                     ||||             
          `.........||||                    ,||||             
           ;;.......||||               _ -!!|||||             
     ,uodW=BB;;.....||||       _ -!!|||||||||! '              
 !Y-/BBBBBBBBBB;;..!|||   -!!|||||||!iof6BBBB`                
 !..YBBBBBBBBBBBB;; !!||||||||!iof6BBBBBBBBBBB`               
 !...-YBBBBBBBBBBBB;;Baaitf6BBBBBBBBBBBBBBBRPFT?!             
 !.....-YBBBBBBBBBBBBBBBBBBBBBBBBBBBRPFT?!-      `            
 !.......-YBBBBBBBBBBBBBBBBBRPFT?!-; !^"`;        ;           
 `\........-YBBBBBBBBRPFT?!-   ^''          ;iof6//-!9        
   `\........yBRPFT?!                ;iof6//         `!!      
     `\.......|               ;iof6//                  `!9    
       `\.....|        ;iof6//                           `!9  
         `\...|  ;iof6/                                   9`! 
           `\.| !                                99fT|!^"'    
             `'-!9                        99fT|!^"'           
                 `!!                 99fT|!^"'                
                   `!9         99fT|!^"'                      
                     `!9 99fT|!^"'                            
                       `!^"'                                  
                                                              

Arte apos a etapa 4:
                                                              
                       --,,uod////ou,,                        
              ---,uod//BBBBBBBBBBBBBBBRPFT?l!i                
          ,=m/BBBBBBBBBBBBBBBRPFT?!||||||||||||||             
          !....!TVBBBRPFT||||||||||!!^^""'   ||||             
          !.......B!?|||||!!^^""'            ||||             
          !.........||||                     ||||             
          !.........||||  ##                 ||||             
          !.........||||                     ||||             
          !.........||||                     ||||             
          !.........||||                     ||||             
          !.........||||                     ||||             
          `.........||||                    ,||||             
           ;;.......||||               _ -!!|||||             
     ,uodW=BB;;.....||||       _ -!!|||||||||! '              
 !Y-/BBBBBBBBBB;;..!|||   -!!|||||||!iof6BBBB`                
 !..YBBBBBBBBBBBB;; !!||||||||!iof6BBBBBBBBBBB`               
 !...-YBBBBBBBBBBBB;;Baaitf6BBBBBBBBBBBBBBBRPFT?!             
 !.....-YBBBBBBBBBBBBBBBBBBBBBBBBBBBRPFT?!-::::::`            
 !.......-YBBBBBBBBBBBBBBBBBRPFT?!-;:!^"`;::::::::;           
 `\........-YBBBBBBBBRPFT?!-:::^''::::::::::;iof6//-!9        
   `\........yBRPFT?!::::::::::::::::;iof6//         `!!      
     `\.......|:::::::::::::::;iof6//                  `!9    
       `\.....|::::::::;iof6//                           `!9  
         `\...|::;iof6/                                   9`! 
           `\.|:!                                99fT|!^"'    
             `'-!9                        99fT|!^"'           
                 `!!                 99fT|!^"'                
                   `!9         99fT|!^"'                      
                     `!9 99fT|!^"'                            
                       `!^"'                                  
                                                              

Arte apos a etapa 5:
                                                              
                       --,,uod////ou,,                        
              ---,uod//BBBBBBBBBBBBBBBRPFT?l!i                
          ,=m/BBBBBBBBBBBBBBBRPFT?!||||||||||||||             
          !....!TVBBBRPFT||||||||||!!^^""'   ||||             
          !.......B!?|||||!!^^""'            ||||             
          !.........||||                     ||||             
          !.........||||  ##                 ||||             
          !.........||||                     ||||             
          !.........||||                     ||||             
          !.........||||                     ||||             
          !.........||||                     ||||             
          `.........||||                    ,||||             
           ;;.......||||               _ -!!|||||             
     ,uodW=BB;;.....||||       _ -!!|||||||||! '              
 !Y-/BBBBBBBBBB;;..!|||   -!!|||||||!iof6BBBB`                
 !..YBBBBBBBBBBBB;; !!||||||||!iof6BBBBBBBBBBB`               
 !...-YBBBBBBBBBBBB;;Baaitf6BBBBBBBBBBBBBBBRPFT?!             
 !.....-YBBBBBBBBBBBBBBBBBBBBBBBBBBBRPFT?!-::::::`            
 !.......-YBBBBBBBBBBBBBBBBBRPFT?!-;:!^"`;::::::::;           
 `\........-YBBBBBBBBRPFT?!-:::^''::::::::::;iof6//-!9        
   `\........yBRPFT?!::::::::::::::::;iof6//888888888`!!      
     `\.......|:::::::::::::::;iof6//888888888888888888`!9    
       `\.....|::::::::;iof6//888888888888888888888888888`!9  
         `\...|::;iof6/888888888888888888888888888888888889`! 
           `\.|:!8888888888888888888888888888888899fT|!^"'    
             `'-!988888888888888888888888899fT|!^"'           
                 `!!8888888888888888899fT|!^"'                
                   `!988888888899fT|!^"'                      
                     `!9899fT|!^"'                            
                       `!^"'                                  
                                                              

Arte enquadrada:
                               /\
╭——————————————————————————————————————————————————————————————╮
|                                                              |
|                       --,,uod////ou,,                        |
|              ---,uod//BBBBBBBBBBBBBBBRPFT?l!i                |
|          ,=m/BBBBBBBBBBBBBBBRPFT?!||||||||||||||             |
|          !....!TVBBBRPFT||||||||||!!^^""'   ||||             |
|          !.......B!?|||||!!^^""'            ||||             |
|          !.........||||                     ||||             |
|          !.........||||  ##                 ||||             |
|          !.........||||                     ||||             |
|          !.........||||                     ||||             |
|          !.........||||                     ||||             |
|          !.........||||                     ||||             |
|          `.........||||                    ,||||             |
|           ;;.......||||               _ -!!|||||             |
|     ,uodW=BB;;.....||||       _ -!!|||||||||! '              |
| !Y-/BBBBBBBBBB;;..!|||   -!!|||||||!iof6BBBB`                |
| !..YBBBBBBBBBBBB;; !!||||||||!iof6BBBBBBBBBBB`               |
| !...-YBBBBBBBBBBBB;;Baaitf6BBBBBBBBBBBBBBBRPFT?!             |
| !.....-YBBBBBBBBBBBBBBBBBBBBBBBBBBBRPFT?!-::::::`            |
| !.......-YBBBBBBBBBBBBBBBBBRPFT?!-;:!^"`;::::::::;           |
| `\........-YBBBBBBBBRPFT?!-:::^''::::::::::;iof6//-!9        |
|   `\........yBRPFT?!::::::::::::::::;iof6//888888888`!!      |
|     `\.......|:::::::::::::::;iof6//888888888888888888`!9    |
|       `\.....|::::::::;iof6//888888888888888888888888888`!9  |
|         `\...|::;iof6/888888888888888888888888888888888889`! |
|           `\.|:!8888888888888888888888888888888899fT|!^"'    |
|             `'-!988888888888888888888888899fT|!^"'           |
|                 `!!8888888888888888899fT|!^"'                |
|                   `!988888888899fT|!^"'                      |
|                     `!9899fT|!^"'                            |
|                       `!^"'                                  |
|                                                              |
╰——————————————————————————————————————————————————————————————╯
