Arte inicial:
                                
                                
            ________            
           /\       \           
          /  \       \          
         /    \       \         
        /      \_______\        
        \      /       /        
      ___\    /   ____/___      
     /\   \  /   /\       \     
    /  \   \/___/  \       \    
   /    \       \   \       \   
  /      \_______\   \_______\  
  \      /       /   /       /  
   \    /       /   /       /   
    \  /       /\  /       /    
     \/_______/  \/_______/     
                                
                                

Arte apos a etapa 0:
                                
                                
            ________            
           /\.......\           
          /  \.......\          
         /    \.......\         
        /      \_______\        
        \      /       /        
      ___\    /   ____/___      
     /\   \  /   /\       \     
    /  \   \/___/  \       \    
   /    \       \   \       \   
  /      \_______\   \_______\  
  \      /       /   /       /  
   \    /       /   /       /   
    \  /       /\  /       /    
     \/_______/  \/_______/     
                                
                                

Arte apos a etapa 1:
                                
                                
            ________            
           /\.......\           
          /..\.......\          
         /....\.......\         
        /......\_______\        
        \....../       /        
      ___\..../   ____/___      
     /\   \../   /\       \     
    /  \   \/___/  \       \    
   /    \       \   \       \   
  /      \_______\   \_______\  
  \      /       /   /       /  
   \    /       /   /       /   
    \  /       /\  /       /    
     \/_______/  \/_______/     
                                
                                

Arte apos a etapa 2:
                                
                                
            ________            
           /\.......\           
          /..\.......\          
         /....\.......\         
        /......\_______\        
        \....../......./        
      ___\..../...____/___      
     /\   \../.../\       \     
    /  \   \/___/  \       \    
   /    \       \   \       \   
  /      \_______\   \_______\  
  \      /       /   /       /  
   \    /       /   /       /   
    \  /       /\  /       /    
     \/_______/  \/_______/     
                                
                                

Arte apos a etapa 3:
                                
                                
            ________            
           /\.......\           
          /..\.......\          
         /....\.......\         
        /......\_______\        
        \....../......./        
      ___\..../...____/___      
     /\   \../.../\       \     
    /xx\   \/___/  \       \    
   /xxxx\       \   \       \   
  /xxxxxx\_______\   \_______\  
  \xxxxxx/       /   /       /  
   \xxxx/       /   /       /   
    \xx/       /\  /       /    
     \/_______/  \/_______/     
                                
                                

Arte apos a etapa 4:
                                
                                
            ________            
           /\.......\           
          /..\.......\          
         /....\.......\         
        /......\_______\        
        \....../......./        
      ___\..../...____/___      
     /\xxx\../.../\       \     
    /xx\xxx\/___/  \       \    
   /xxxx\xxxxxxx\   \       \   
  /xxxxxx\_______\   \_______\  
  \xxxxxx/       /   /       /  
   \xxxx/       /   /       /   
    \xx/       /\  /       /    
     \/_______/  \/_______/     
                                
                                

Arte apos a etapa 5:
                                
                                
            ________            
           /\.......\           
          /..\.......\          
         /....\.......\         
        /......\_______\        
        \....../......./        
      ___\..../...____/___      
     /\xxx\../.../\       \     
    /xx\xxx\/___/  \       \    
   /xxxx\xxxxxxx\   \       \   
  /xxxxxx\_______\   \_______\  
  \xxxxxx/xxxxxxx/   /       /  
   \xxxx/xxxxxxx/   /       /   
    \xx/xxxxxxx/\  /       /    
     \/_______/  \/_______/     
                                
                                

Arte apos a etapa 6:
                                
                                
            ________            
           /\.......\           
          /..\.......\          
         /....\.......\         
        /......\_______\        
        \....../......./        
      ___\..../...____/___      
     /\xxx\../.../\-------\     
    /xx\xxx\/___/  \-------\    
   /xxxx\xxxxxxx\   \-------\   
  /xxxxxx\_______\   \_______\  
  \xxxxxx/xxxxxxx/   /       /  
   \xxxx/xxxxxxx/   /       /   
    \xx/xxxxxxx/\  /       /    
     \/_______/  \/_______/     
                                
                                

Arte apos a etapa 7:
                                
                                
            ________            
           /\.......\           
          /..\.......\          
         /....\.......\         
        /......\_______\        
        \....../......./        
      ___\..../...____/___      
     /\xxx\../.../\-------\     
    /xx\xxx\/___/--\-------\    
   /xxxx\xxxxxxx\---\-------\   
  /xxxxxx\_______\---\_______\  
  \xxxxxx/xxxxxxx/---/       /  
   \xxxx/xxxxxxx/---/       /   
    \xx/xxxxxxx/\--/       /    
     \/_______/  \/_______/     
                                
                                

Arte apos a etapa 8:
                                
                                
            ________            
           /\.......\           
          /..\.......\          
         /....\.......\         
        /......\_______\        
        \....../......./        
      ___\..../...____/___      
     /\xxx\../.../\-------\     
    /xx\xxx\/___/--\-------\    
   /xxxx\xxxxxxx\---\-------\   
  /xxxxxx\_______\---\_______\  
  \xxxxxx/xxxxxxx/---/-------/  
   \xxxx/xxxxxxx/---/-------/   
    \xx/xxxxxxx/\--/-------/    
     \/_______/  \/_______/     
                                
                                

Arte enquadrada:
                /\
╭————————————————————————————————╮
|                                |
|                                |
|            ________            |
|           /\.......\           |
|          /..\.......\          |
|         /....\.......\         |
|        /......\_______\        |
|        \....../......./        |
|      ___\..../...____/___      |
|     /\xxx\../.../\-------\     |
|    /xx\xxx\/___/--\-------\    |
|   /xxxx\xxxxxxx\---\-------\   |
|  /xxxxxx\_______\---\_______\  |
|  \xxxxxx/xxxxxxx/---/-------/  |
|   \xxxx/xxxxxxx/---/-------/   |
|    \xx/xxxxxxx/\--/-------/    |
|     \/_______/  \/_______/     |
|                                |
|                                |
╰————————————————————————————————╯
