Arte inicial:
                                                                                     
                                                       _.-"-._                       
                                               _.-"-._'       `-._                   
                                       _.-"-._'       `-._     _.-'|                 
                               _.-"-._'       `-._     _.-|_.-'_.-'`-._              
                       _.-"-._'       `-._     _.-|_.-'   |_.-'        `-._          
               _.-"-._'       `-._     _.-|_.-'           `-._         _.-|          
       _.-"-._'       `-._     _.-|_.-'                       `-._ _.-'_.-`-._       
   _.-'       `_.-"-._ _.-|_.-'                                   |_.-'       `-._   
  `-._     _.-'       `_.-'-._                                    |-._         _.-'  
      `-._|-._     _.-'       `_.-'-._                         _.-'-._`-._ _.-'      
              `-._|-._     _.-'       `_.-'-._             _.-'       `-._|          
                      `-._|-._     _.-'       `_.-'-._    |-._         _.-'          
                              `-._|-._     _.-'       `_.-'-._`-._ _.-'              
                                      `-._|-._     _.-'       `-._|                  
                                              `-._|-._         _.-'                  
                                                      `-._ _.-'                      
                                                          "                          
                                                                                     

Arte apos a etapa 0:
                                                                                     
                                                       _.-"-._                       
                                               _.-"-._'       `-._                   
                                       _.-"-._'       `-._     _.-'|                 
                               _.-"-._'       `-._     _.-|_.-'_.-'`-._              
                       _.-"-._'       `-._     _.-|_.-'   |_.-'        `-._          
               _.-"-._'       `-._     _.-|_.-'           `-._         _.-|          
       _.-"-._'       `-._     _.-|_.-'                       `-._ _.-'_.-`-._       
   _.-'ooooooo`_.-"-._ _.-|_.-'                                   |_.-'       `-._   
  `-._ooooo_.-'       `_.-'-._                                    |-._         _.-'  
      `-._|-._     _.-'       `_.-'-._                         _.-'-._`-._ _.-'      
              `-._|-._     _.-'       `_.-'-._             _.-'       `-._|          
                      `-._|-._     _.-'       `_.-'-._    |-._         _.-'          
                              `-._|-._     _.-'       `_.-'-._`-._ _.-'              
                                      `-._|-._     _.-'       `-._|                  
                                              `-._|-._         _.-'                  
                                                      `-._ _.-'                      
                                                          "                          
                                                                                     

Arte apos a etapa 1:
                                                                                     
                                                       _.-"-._                       
                                               _.-"-._'       `-._                   
                                       _.-"-._'       `-._     _.-'|                 
                               _.-"-._'       `-._     _.-|_.-'_.-'`-._              
                       _.-"-._'       `-._     _.-|_.-'   |_.-'        `-._          
               _.-"-._'       `-._     _.-|_.-'           `-._         _.-|          
       _.-"-._'       `-._     _.-|_.-'                       `-._ _.-'_.-`-._       
   _.-'ooooooo`_.-"-._ _.-|_.-'                                   |_.-'       `-._   
  `-._ooooo_.-'       `_.-'-._                                    |-._         _.-'  
      `-._|-._     _.-'ooooooo`_.-'-._                         _.-'-._`-._ _.-'      
              `-._|-._ooooo_.-'       `_.-'-._             _.-'       `-._|          
                      `-._|-._     _.-'       `_.-'-._    |-._         _.-'          
                              `-._|-._     _.-'       `_.-'-._`-._ _.-'              
                                      `-._|-._     _.-'       `-._|                  
                                              `-._|-._         _.-'                  
                                                      `-._ _.-'                      
                                                          "                          
                                                                                     

Arte apos a etapa 2:
                                                                                     
                                                       _.-"-._                       
                                               _.-"-._'       `-._                   
                                       _.-"-._'       `-._     _.-'|                 
                               _.-"-._'       `-._     _.-|_.-'_.-'`-._              
                       _.-"-._'       `-._     _.-|_.-'   |_.-'        `-._          
               _.-"-._'       `-._     _.-|_.-'           `-._         _.-|          
       _.-"-._'       `-._     _.-|_.-'                       `-._ _.-'_.-`-._       
   _.-'ooooooo`_.-"-._ _.-|_.-'                                   |_.-'       `-._   
  `-._ooooo_.-'       `_.-'-._                                    |-._         _.-'  
      `-._|-._     _.-'ooooooo`_.-'-._                         _.-'-._`-._ _.-'      
              `-._|-._ooooo_.-'       `_.-'-._             _.-'       `-._|          
                      `-._|-._     _.-'ooooooo`_.-'-._    |-._         _.-'          
                              `-._|-._ooooo_.-'       `_.-'-._`-._ _.-'              
                                      `-._|-._     _.-'       `-._|                  
                                              `-._|-._         _.-'                  
                                                      `-._ _.-'                      
                                                          "                          
                                                                                     

Arte apos a etapa 3:
                                                                                     
                                                       _.-"-._                       
                                               _.-"-._'       `-._                   
                                       _.-"-._'       `-._     _.-'|                 
                               _.-"-._'       `-._     _.-|_.-'_.-'`-._              
                       _.-"-._'       `-._     _.-|_.-'   |_.-'        `-._          
               _.-"-._'       `-._     _.-|_.-'           `-._         _.-|          
       _.-"-._'       `-._     _.-|_.-'                       `-._ _.-'_.-`-._       
   _.-'ooooooo`_.-"-._ _.-|_.-'                                   |_.-'       `-._   
  `-._ooooo_.-'       `_.-'-._                                    |-._         _.-'  
      `-._|-._     _.-'ooooooo`_.-'-._                         _.-'-._`-._ _.-'      
              `-._|-._ooooo_.-'       `_.-'-._             _.-'       `-._|          
                      `-._|-._     _.-'ooooooo`_.-'-._    |-._         _.-'          
                              `-._|-._ooooo_.-'       `_.-'-._`-._ _.-'              
                                      `-._|-._     _.-'ooooooo`-._|                  
                                              `-._|-._ooooooooo_.-'                  
                                                      `-._o_.-'                      
                                                          "                          
                                                                                     

Arte apos a etapa 4:
                                                                                     
                                                       _.-"-._                       
                                               _.-"-._'       `-._                   
                                       _.-"-._'       `-._     _.-'|                 
                               _.-"-._'       `-._     _.-|_.-'_.-'`-._              
                       _.-"-._'       `-._     _.-|_.-'   |_.-'        `-._          
               _.-"-._'       `-._     _.-|_.-'           `-._         _.-|          
       _.-"-._'       `-._     _.-|_.-'                       `-._ _.-'_.-`-._       
   _.-'ooooooo`_.-"-._ _.-|_.-'                                   |_.-'ooooooo`-._   
  `-._ooooo_.-'       `_.-'-._                                    |-._ooooooooo_.-'  
      `-._|-._     _.-'ooooooo`_.-'-._                         _.-'-._`-._o_.-'      
              `-._|-._ooooo_.-'       `_.-'-._             _.-'       `-._|          
                      `-._|-._     _.-'ooooooo`_.-'-._    |-._         _.-'          
                              `-._|-._ooooo_.-'       `_.-'-._`-._ _.-'              
                                      `-._|-._     _.-'ooooooo`-._|                  
                                              `-._|-._ooooooooo_.-'                  
                                                      `-._o_.-'                      
                                                          "                          
                                                                                     

Arte apos a etapa 5:
                                                                                     
                                                       _.-"-._                       
                                               _.-"-._'ooooooo`-._                   
                                       _.-"-._'       `-._ooooo_.-'|                 
                               _.-"-._'       `-._     _.-|_.-'_.-'`-._              
                       _.-"-._'       `-._     _.-|_.-'   |_.-'        `-._          
               _.-"-._'       `-._     _.-|_.-'           `-._         _.-|          
       _.-"-._'       `-._     _.-|_.-'                       `-._ _.-'_.-`-._       
   _.-'ooooooo`_.-"-._ _.-|_.-'                                   |_.-'ooooooo`-._   
  `-._ooooo_.-'       `_.-'-._                                    |-._ooooooooo_.-'  
      `-._|-._     _.-'ooooooo`_.-'-._                         _.-'-._`-._o_.-'      
              `-._|-._ooooo_.-'       `_.-'-._             _.-'       `-._|          
                      `-._|-._     _.-'ooooooo`_.-'-._    |-._         _.-'          
                              `-._|-._ooooo_.-'       `_.-'-._`-._ _.-'              
                                      `-._|-._     _.-'ooooooo`-._|                  
                                              `-._|-._ooooooooo_.-'                  
                                                      `-._o_.-'                      
                                                          "                          
                                                                                     

Arte apos a etapa 6:
                                                                                     
                                                       _.-"-._                       
                                               _.-"-._'ooooooo`-._                   
                                       _.-"-._'       `-._ooooo_.-'|                 
                               _.-"-._'ooooooo`-._     _.-|_.-'_.-'`-._              
                       _.-"-._'       `-._ooooo_.-|_.-'   |_.-'        `-._          
               _.-"-._'       `-._     _.-|_.-'           `-._         _.-|          
       _.-"-._'       `-._     _.-|_.-'                       `-._ _.-'_.-`-._       
   _.-'ooooooo`_.-"-._ _.-|_.-'                                   |_.-'ooooooo`-._   
  `-._ooooo_.-'       `_.-'-._                                    |-._ooooooooo_.-'  
      `-._|-._     _.-'ooooooo`_.-'-._                         _.-'-._`-._o_.-'      
              `-._|-._ooooo_.-'       `_.-'-._             _.-'       `-._|          
                      `-._|-._     _.-'ooooooo`_.-'-._    |-._         _.-'          
                              `-._|-._ooooo_.-'       `_.-'-._`-._ _.-'              
                                      `-._|-._     _.-'ooooooo`-._|                  
                                              `-._|-._ooooooooo_.-'                  
                                                      `-._o_.-'                      
                                                          "                          
                                                                                     

Arte apos a etapa 7:
                                                                                     
                                                       _.-"-._                       
                                               _.-"-._'ooooooo`-._                   
                                       _.-"-._'       `-._ooooo_.-'|                 
                               _.-"-._'ooooooo`-._     _.-|_.-'_.-'`-._              
                       _.-"-._'       `-._ooooo_.-|_.-'   |_.-'        `-._          
               _.-"-._'ooooooo`-._     _.-|_.-'           `-._         _.-|          
       _.-"-._'       `-._ooooo_.-|_.-'                       `-._ _.-'_.-`-._       
   _.-'ooooooo`_.-"-._ _.-|_.-'                                   |_.-'ooooooo`-._   
  `-._ooooo_.-'       `_.-'-._                                    |-._ooooooooo_.-'  
      `-._|-._     _.-'ooooooo`_.-'-._                         _.-'-._`-._o_.-'      
              `-._|-._ooooo_.-'       `_.-'-._             _.-'       `-._|          
                      `-._|-._     _.-'ooooooo`_.-'-._    |-._         _.-'          
                              `-._|-._ooooo_.-'       `_.-'-._`-._ _.-'              
                                      `-._|-._     _.-'ooooooo`-._|                  
                                              `-._|-._ooooooooo_.-'                  
                                                      `-._o_.-'                      
                                                          "                          
                                                                                     

Arte enquadrada:
                                           Ʌ
╭—————————————————————————————————————————————————————————————————————————————————————╮
|                                                                                     |
|                                                       _.-"-._                       |
|                                               _.-"-._'ooooooo`-._                   |
|                                       _.-"-._'       `-._ooooo_.-'|                 |
|                               _.-"-._'ooooooo`-._     _.-|_.-'_.-'`-._              |
|                       _.-"-._'       `-._ooooo_.-|_.-'   |_.-'        `-._          |
|               _.-"-._'ooooooo`-._     _.-|_.-'           `-._         _.-|          |
|       _.-"-._'       `-._ooooo_.-|_.-'                       `-._ _.-'_.-`-._       |
|   _.-'ooooooo`_.-"-._ _.-|_.-'                                   |_.-'ooooooo`-._   |
|  `-._ooooo_.-'       `_.-'-._                                    |-._ooooooooo_.-'  |
|      `-._|-._     _.-'ooooooo`_.-'-._                         _.-'-._`-._o_.-'      |
|              `-._|-._ooooo_.-'       `_.-'-._             _.-'       `-._|          |
|                      `-._|-._     _.-'ooooooo`_.-'-._    |-._         _.-'          |
|                              `-._|-._ooooo_.-'       `_.-'-._`-._ _.-'              |
|                                      `-._|-._     _.-'ooooooo`-._|                  |
|                                              `-._|-._ooooooooo_.-'                  |
|                                                      `-._o_.-'                      |
|                                                          "                          |
|                                                                                     |
╰—————————————————————————————————————————————————————————————————————————————————————╯
