Arte inicial:
                                                                           
                                     _                                     
                                   ,d8b,                                   
                           _,,aadd8888888bbaa,,_                           
                      _,ad88P"""8,  I I  ,8"""Y88ba,_                      
                   ,ad88P"      `8, ` ' ,8'      "Y88ba,                   
                 ,d8"' "Yb       `b  8  d'       dP" `"8b,                 
                dP"     `Yb,      8     8      ,dP'     "Yb                
             ,ad8b,       "Ya     Y,   ,P     aP"       ,d8ba,             
            dP" `Y8b,      `Yb,   `8   8'   ,dP'      ,d8P' "Yb            
           ,8      8Yb,     `Yb,   8   8   ,dP'     ,dY8      8,           
           dP     `Yb`Yb,    `8b   8   8   d8'    ,dP'dP'     Yb           
          ,8888888888b "8, Yba888888888888888adP ,8" d8888888888,          
          dP        `Yb,`Y8P""'             `""Y8P',dP'        Yb          
         ,8          P"Y8P'_.---.._     _..---._`Y8P"Y          8,         
         dP         d'  8 '  ____  `. .'  ____  ` 8  `b         Yb         
        ,888888888888   8   <(@@)>  | |  <(@@)>   8   888888888888,        
        dP          8   8    `"""         """'    8   8          Yb        
       ,8           8,  8          ,   ,          8  ,8           8,       
       dP           `b  8,        (.-_-.)        ,8  d'           Yb       
      ,88888888888888Yaa8b      .'       `.      d8aaP88888888888888,      
      dP               ""8b     _,gd888bg,_     d8""               Yb      
     ,8                   8b,    ""Y888P""    ,d8                   8,     
     dP                   "8"b,             ,d"8"                   Yb     
    ,888888888888888888888888,"Ya,_,ggg,_,aP",888888888888888888888888,    
    dP                      "8,  "8"\x/"8"  ,8"                      Yb    
   ,8                         b   8\\x//8   d                         8,   
   8888bgg,_                  8   8\\x//8   8                  _,ggd8888   
    `"Yb, ""8888888888888888888   Y\\x//P   8888888888888888888"" ,dP"'    
      _d8bg,_"8,              8   `b\x/d'   8              ,8"_,gd8b_      
    ,iP"   "Yb,8              8    8\x/8    8              8,dP"  `"Yi,    
   ,P"    __,888              8    8\x/8    8              888,__    "Y,   
  ,8baaad8P"" Y8888888888888888 aaa8\x/8aaa 8888888888888888P ""Y8baaad8,  
  dP"'         8              8 8  8\x/8  8 8              8         `"Yb  
  8            8              8 8  88888  8 8              8            8  
  8            8,             8 8         8 8             ,8            8  
  8            8888888888888888 8         8 8888888888888888            8  
  8            Ya             8 8         8 8             aP            8  
  8             8             8 8         8 8             8             8  
  8             Ya            8 8         8 8            aP             8  
  Ya             88888888888888 8         8 88888888888888             aP  
  `8;             Ya,         8 8         8 8         ,aP             ;8'  
   Ya               "Y888888888 8         8 888888888P"               aP   
   `8;                    """"Y8888888888888P""""                    ;8'   
    Ya                                                               aP    
     "b;                                                           ;d"     
      `Ya;                                                       ;aP'      
        `Ya;                                                   ;aP'        
           "Ya;                                             ;aP"           
              "Yba;;;                                 ;;;adP"              
                  `"""""""Y888888888888888888888P"""""""'                  
                                                                           

Arte apos a etapa 0:
                                                                           
                                     _                                     
                                   ,d8b,                                   
                           _,,aadd8888888bbaa,,_                           
                      _,ad88P"""8,  I I  ,8"""Y88ba,_                      
                   ,ad88P"      `8, ` ' ,8'      "Y88ba,                   
                 ,d8"' "Yb       `b  8  d'       dP" `"8b,                 
                dP"     `Yb,      8     8      ,dP'     "Yb                
             ,ad8b,       "Ya     Y,   ,P     aP"       ,d8ba,             
            dP" `Y8b,      `Yb,   `8   8'   ,dP'      ,d8P' "Yb            
           ,8      8Yb,     `Yb,   8   8   ,dP'     ,dY8      8,           
           dP     `Yb`Yb,    `8b   8   8   d8'    ,dP'dP'     Yb           
          ,8888888888b "8, Yba888888888888888adP ,8" d8888888888,          
          dP        `Yb,`Y8P""'             `""Y8P',dP'        Yb          
         ,8          P"Y8P'_.---.._     _..---._`Y8P"Y          8,         
         dP         d'  8 '  ____  `. .'  ____  ` 8  `b         Yb         
        ,888888888888   8   <(@@)>  | |  <(@@)>   8   888888888888,        
        dP          8   8    `"""         """'    8   8          Yb        
       ,8           8,  8          ,   ,          8  ,8           8,       
       dP           `b  8,        (.-_-.)        ,8  d'           Yb       
      ,88888888888888Yaa8b      .'       `.      d8aaP88888888888888,      
      dP               ""8b     _,gd888bg,_     d8""               Yb      
     ,8                   8b,    ""Y888P""    ,d8                   8,     
     dP                   "8"b,             ,d"8"                   Yb     
    ,888888888888888888888888,"Ya,_,ggg,_,aP",888888888888888888888888,    
    dP                      "8,  "8"\x/"8"  ,8"                      Yb    
   ,8                         b   8\\x//8   d                         8,   
   8888bgg,_                  8   8\\x//8   8                  _,ggd8888   
    `"Yb, ""8888888888888888888   Y\\x//P   8888888888888888888"" ,dP"'    
      _d8bg,_"8,              8   `b\x/d'   8              ,8"_,gd8b_      
    ,iP"   "Yb,8              8    8\x/8    8              8,dP"  `"Yi,    
   ,P"    __,888              8    8\x/8    8              888,__    "Y,   
  ,8baaad8P"":Y8888888888888888 aaa8\x/8aaa 8888888888888888P:""Y8baaad8,  
  dP"':::::::::8              8 8  8\x/8  8 8              8:::::::::`"Yb  
  8::::::::::::8              8 8  88888  8 8              8::::::::::::8  
  8::::::::::::8,             8 8         8 8             ,8::::::::::::8  
  8::::::::::::8888888888888888 8         8 8888888888888888::::::::::::8  
  8::::::::::::Ya             8 8         8 8             aP::::::::::::8  
  8:::::::::::::8             8 8         8 8             8:::::::::::::8  
  8:::::::::::::Ya            8 8         8 8            aP:::::::::::::8  
  Ya:::::::::::::88888888888888 8         8 88888888888888:::::::::::::aP  
  `8;:::::::::::::Ya,         8 8         8 8         ,aP:::::::::::::;8'  
   Ya:::::::::::::::"Y888888888 8         8 888888888P":::::::::::::::aP   
   `8;::::::::::::::::::::""""Y8888888888888P""""::::::::::::::::::::;8'   
    Ya:::::::::::::::::::::::::::::::::::::::::::::::::::::::::::::::aP    
     "b;:::::::::::::::::::::::::::::::::::::::::::::::::::::::::::;d"     
      `Ya;:::::::::::::::::::::::::::::::::::::::::::::::::::::::;aP'      
        `Ya;:::::::::::::::::::::::::::::::::::::::::::::::::::;aP'        
           "Ya;:::::::::::::::::::::::::::::::::::::::::::::;aP"           
              "Yba;;;:::::::::::::::::::::::::::::::::;;;adP"              
                  `"""""""Y888888888888888888888P"""""""'                  
                                                                           

Arte apos a etapa 1:
                                                                           
                                     _                                     
                                   ,d8b,                                   
                           _,,aadd8888888bbaa,,_                           
                      _,ad88P"""8,  I I  ,8"""Y88ba,_                      
                   ,ad88P"      `8, ` ' ,8'      "Y88ba,                   
                 ,d8"' "Yb       `b  8  d'       dP" `"8b,                 
                dP"     `Yb,      8     8      ,dP'     "Yb                
             ,ad8b,       "Ya     Y,   ,P     aP"       ,d8ba,             
            dP" `Y8b,      `Yb,   `8   8'   ,dP'      ,d8P' "Yb            
           ,8      8Yb,     `Yb,   8   8   ,dP'     ,dY8      8,           
           dP     `Yb`Yb,    `8b   8   8   d8'    ,dP'dP'     Yb           
          ,8888888888b "8, Yba888888888888888adP ,8" d8888888888,          
          dP////////`Yb,`Y8P""'             `""Y8P',dP'        Yb          
         ,8//////////P"Y8P'_.---.._     _..---._`Y8P"Y          8,         
         dP/////////d'  8 '  ____  `. .'  ____  ` 8  `b         Yb         
        ,888888888888   8   <(@@)>  | |  <(@@)>   8   888888888888,        
        dP          8   8    `"""         """'    8   8          Yb        
       ,8           8,  8          ,   ,          8  ,8           8,       
       dP           `b  8,        (.-_-.)        ,8  d'           Yb       
      ,88888888888888Yaa8b      .'       `.      d8aaP88888888888888,      
      dP               ""8b     _,gd888bg,_     d8""               Yb      
     ,8                   8b,    ""Y888P""    ,d8                   8,     
     dP                   "8"b,             ,d"8"                   Yb     
    ,888888888888888888888888,"Ya,_,ggg,_,aP",888888888888888888888888,    
    dP                      "8,  "8"\x/"8"  ,8"                      Yb    
   ,8                         b   8\\x//8   d                         8,   
   8888bgg,_                  8   8\\x//8   8                  _,ggd8888   
    `"Yb, ""8888888888888888888   Y\\x//P   8888888888888888888"" ,dP"'    
      _d8bg,_"8,              8   `b\x/d'   8              ,8"_,gd8b_      
    ,iP"   "Yb,8              8    8\x/8    8              8,dP"  `"Yi,    
   ,P"    __,888              8    8\x/8    8              888,__    "Y,   
  ,8baaad8P"":Y8888888888888888 aaa8\x/8aaa 8888888888888888P:""Y8baaad8,  
  dP"':::::::::8              8 8  8\x/8  8 8              8:::::::::`"Yb  
  8::::::::::::8              8 8  88888  8 8              8::::::::::::8  
  8::::::::::::8,             8 8         8 8             ,8::::::::::::8  
  8::::::::::::8888888888888888 8         8 8888888888888888::::::::::::8  
  8::::::::::::Ya             8 8         8 8             aP::::::::::::8  
  8:::::::::::::8             8 8         8 8             8:::::::::::::8  
  8:::::::::::::Ya            8 8         8 8            aP:::::::::::::8  
  Ya:::::::::::::88888888888888 8         8 88888888888888:::::::::::::aP  
  `8;:::::::::::::Ya,         8 8         8 8         ,aP:::::::::::::;8'  
   Ya:::::::::::::::"Y888888888 8         8 888888888P":::::::::::::::aP   
   `8;::::::::::::::::::::""""Y8888888888888P""""::::::::::::::::::::;8'   
    Ya:::::::::::::::::::::::::::::::::::::::::::::::::::::::::::::::aP    
     "b;:::::::::::::::::::::::::::::::::::::::::::::::::::::::::::;d"     
      `Ya;:::::::::::::::::::::::::::::::::::::::::::::::::::::::;aP'      
        `Ya;:::::::::::::::::::::::::::::::::::::::::::::::::::;aP'        
           "Ya;:::::::::::::::::::::::::::::::::::::::::::::;aP"           
              "Yba;;;:::::::::::::::::::::::::::::::::;;;adP"              
                  `"""""""Y888888888888888888888P"""""""'                  
                                                                           

Arte apos a etapa 2:
                                                                           
                                     _                                     
                                   ,d8b,                                   
                           _,,aadd8888888bbaa,,_                           
                      _,ad88P"""8,  I I  ,8"""Y88ba,_                      
                   ,ad88P"      `8, ` ' ,8'      "Y88ba,                   
                 ,d8"' "Yb       `b  8  d'       dP" `"8b,                 
                dP"     `Yb,      8     8      ,dP'     "Yb                
             ,ad8b,       "Ya     Y,   ,P     aP"       ,d8ba,             
            dP" `Y8b,      `Yb,   `8   8'   ,dP'      ,d8P' "Yb            
           ,8      8Yb,     `Yb,   8   8   ,dP'     ,dY8      8,           
           dP     `Yb`Yb,    `8b   8   8   d8'    ,dP'dP'     Yb           
          ,8888888888b "8, Yba888888888888888adP ,8" d8888888888,          
          dP////////`Yb,`Y8P""'             `""Y8P',dP'        Yb          
         ,8//////////P"Y8P'_.---.._     _..---._`Y8P"Y          8,         
         dP/////////d'  8 '  ____  `. .'  ____  ` 8  `b         Yb         
        ,888888888888   8   <(@@)>  | |  <(@@)>   8   888888888888,        
        dP          8   8    `"""         """'    8   8          Yb        
       ,8           8,  8          ,   ,          8  ,8           8,       
       dP           `b  8,        (.-_-.)        ,8  d'           Yb       
      ,88888888888888Yaa8b      .'       `.      d8aaP88888888888888,      
      dP///////////////""8b     _,gd888bg,_     d8""               Yb      
     ,8///////////////////8b,    ""Y888P""    ,d8                   8,     
     dP///////////////////"8"b,             ,d"8"                   Yb     
    ,888888888888888888888888,"Ya,_,ggg,_,aP",888888888888888888888888,    
    dP                      "8,  "8"\x/"8"  ,8"                      Yb    
   ,8                         b   8\\x//8   d                         8,   
   8888bgg,_                  8   8\\x//8   8                  _,ggd8888   
    `"Yb, ""8888888888888888888   Y\\x//P   8888888888888888888"" ,dP"'    
      _d8bg,_"8,              8   `b\x/d'   8              ,8"_,gd8b_      
    ,iP"   "Yb,8              8    8\x/8    8              8,dP"  `"Yi,    
   ,P"    __,888              8    8\x/8    8              888,__    "Y,   
  ,8baaad8P"":Y8888888888888888 aaa8\x/8aaa 8888888888888888P:""Y8baaad8,  
  dP"':::::::::8              8 8  8\x/8  8 8              8:::::::::`"Yb  
  8::::::::::::8              8 8  88888  8 8              8::::::::::::8  
  8::::::::::::8,             8 8         8 8             ,8::::::::::::8  
  8::::::::::::8888888888888888 8         8 8888888888888888::::::::::::8  
  8::::::::::::Ya             8 8         8 8             aP::::::::::::8  
  8:::::::::::::8             8 8         8 8             8:::::::::::::8  
  8:::::::::::::Ya            8 8         8 8            aP:::::::::::::8  
  Ya:::::::::::::88888888888888 8         8 88888888888888:::::::::::::aP  
  `8;:::::::::::::Ya,         8 8         8 8         ,aP:::::::::::::;8'  
   Ya:::::::::::::::"Y888888888 8         8 888888888P":::::::::::::::aP   
   `8;::::::::::::::::::::""""Y8888888888888P""""::::::::::::::::::::;8'   
    Ya:::::::::::::::::::::::::::::::::::::::::::::::::::::::::::::::aP    
     "b;:::::::::::::::::::::::::::::::::::::::::::::::::::::::::::;d"     
      `Ya;:::::::::::::::::::::::::::::::::::::::::::::::::::::::;aP'      
        `Ya;:::::::::::::::::::::::::::::::::::::::::::::::::::;aP'        
           "Ya;:::::::::::::::::::::::::::::::::::::::::::::;aP"           
              "Yba;;;:::::::::::::::::::::::::::::::::;;;adP"              
                  `"""""""Y888888888888888888888P"""""""'                  
                                                                           

Arte apos a etapa 3:
                                                                           
                                     _                                     
                                   ,d8b,                                   
                           _,,aadd8888888bbaa,,_                           
                      _,ad88P"""8,  I I  ,8"""Y88ba,_                      
                   ,ad88P"      `8, ` ' ,8'      "Y88ba,                   
                 ,d8"' "Yb       `b  8  d'       dP" `"8b,                 
                dP"     `Yb,      8     8      ,dP'     "Yb                
             ,ad8b,       "Ya     Y,   ,P     aP"       ,d8ba,             
            dP" `Y8b,      `Yb,   `8   8'   ,dP'      ,d8P' "Yb            
           ,8      8Yb,     `Yb,   8   8   ,dP'     ,dY8      8,           
           dP     `Yb`Yb,    `8b   8   8   d8'    ,dP'dP'     Yb           
          ,8888888888b "8, Yba888888888888888adP ,8" d8888888888,          
          dP////////`Yb,`Y8P""'             `""Y8P',dP'        Yb          
         ,8//////////P"Y8P'_.---.._     _..---._`Y8P"Y          8,         
         dP/////////d'  8 '  ____  `. .'  ____  ` 8  `b         Yb         
        ,888888888888   8   <(@@)>  | |  <(@@)>   8   888888888888,        
        dP          8   8    `"""         """'    8   8          Yb        
       ,8           8,  8          ,   ,          8  ,8           8,       
       dP           `b  8,        (.-_-.)        ,8  d'           Yb       
      ,88888888888888Yaa8b      .'       `.      d8aaP88888888888888,      
      dP///////////////""8b     _,gd888bg,_     d8""               Yb      
     ,8///////////////////8b,    ""Y888P""    ,d8                   8,     
     dP///////////////////"8"b,             ,d"8"                   Yb     
    ,888888888888888888888888,"Ya,_,ggg,_,aP",888888888888888888888888,    
    dP                      "8,  "8"\x/"8"  ,8"                      Yb    
   ,8                         b   8\\x//8   d                         8,   
   8888bgg,_                  8   8\\x//8   8                  _,ggd8888   
    `"Yb, ""8888888888888888888   Y\\x//P   8888888888888888888"" ,dP"'    
      _d8bg,_"8,//////////////8   `b\x/d'   8              ,8"_,gd8b_      
    ,iP"   "Yb,8//////////////8    8\x/8    8              8,dP"  `"Yi,    
   ,P"    __,888//////////////8    8\x/8    8              888,__    "Y,   
  ,8baaad8P"":Y8888888888888888 aaa8\x/8aaa 8888888888888888P:""Y8baaad8,  
  dP"':::::::::8              8 8  8\x/8  8 8              8:::::::::`"Yb  
  8::::::::::::8              8 8  88888  8 8              8::::::::::::8  
  8::::::::::::8,             8 8         8 8             ,8::::::::::::8  
  8::::::::::::8888888888888888 8         8 8888888888888888::::::::::::8  
  8::::::::::::Ya             8 8         8 8             aP::::::::::::8  
  8:::::::::::::8             8 8         8 8             8:::::::::::::8  
  8:::::::::::::Ya            8 8         8 8            aP:::::::::::::8  
  Ya:::::::::::::88888888888888 8         8 88888888888888:::::::::::::aP  
  `8;:::::::::::::Ya,         8 8         8 8         ,aP:::::::::::::;8'  
   Ya:::::::::::::::"Y888888888 8         8 888888888P":::::::::::::::aP   
   `8;::::::::::::::::::::""""Y8888888888888P""""::::::::::::::::::::;8'   
    Ya:::::::::::::::::::::::::::::::::::::::::::::::::::::::::::::::aP    
     "b;:::::::::::::::::::::::::::::::::::::::::::::::::::::::::::;d"     
      `Ya;:::::::::::::::::::::::::::::::::::::::::::::::::::::::;aP'      
        `Ya;:::::::::::::::::::::::::::::::::::::::::::::::::::;aP'        
           "Ya;:::::::::::::::::::::::::::::::::::::::::::::;aP"           
              "Yba;;;:::::::::::::::::::::::::::::::::;;;adP"              
                  `"""""""Y888888888888888888888P"""""""'                  
                                                                           

Arte apos a etapa 4:
                                                                           
                                     _                                     
                                   ,d8b,                                   
                           _,,aadd8888888bbaa,,_                           
                      _,ad88P"""8,  I I  ,8"""Y88ba,_                      
                   ,ad88P"      `8, ` ' ,8'      "Y88ba,                   
                 ,d8"' "Yb       `b  8  d'       dP" `"8b,                 
                dP"     `Yb,      8     8      ,dP'     "Yb                
             ,ad8b,       "Ya     Y,   ,P     aP"       ,d8ba,             
            dP" `Y8b,      `Yb,   `8   8'   ,dP'      ,d8P' "Yb            
           ,8      8Yb,     `Yb,   8   8   ,dP'     ,dY8      8,           
           dP     `Yb`Yb,    `8b   8   8   d8'    ,dP'dP'     Yb           
          ,8888888888b "8, Yba888888888888888adP ,8" d8888888888,          
          dP////////`Yb,`Y8P""'             `""Y8P',dP'        Yb          
         ,8//////////P"Y8P'_.---.._     _..---._`Y8P"Y          8,         
         dP/////////d'  8 '  ____  `. .'  ____  ` 8  `b         Yb         
        ,888888888888   8   <(@@)>  | |  <(@@)>   8   888888888888,        
        dP          8   8    `"""         """'    8   8          Yb        
       ,8           8,  8          ,   ,          8  ,8           8,       
       dP           `b  8,        (.-_-.)        ,8  d'           Yb       
      ,88888888888888Yaa8b      .'       `.      d8aaP88888888888888,      
      dP///////////////""8b     _,gd888bg,_     d8""               Yb      
     ,8///////////////////8b,    ""Y888P""    ,d8                   8,     
     dP///////////////////"8"b,             ,d"8"                   Yb     
    ,888888888888888888888888,"Ya,_,ggg,_,aP",888888888888888888888888,    
    dP                      "8,  "8"\x/"8"  ,8"                      Yb    
   ,8                         b   8\\x//8   d                         8,   
   8888bgg,_                  8   8\\x//8   8                  _,ggd8888   
    `"Yb, ""8888888888888888888   Y\\x//P   8888888888888888888"" ,dP"'    
      _d8bg,_"8,//////////////8   `b\x/d'   8              ,8"_,gd8b_      
    ,iP"   "Yb,8//////////////8    8\x/8    8              8,dP"  `"Yi,    
   ,P"    __,888//////////////8    8\x/8    8              888,__    "Y,   
  ,8baaad8P"":Y8888888888888888 aaa8\x/8aaa 8888888888888888P:""Y8baaad8,  
  dP"':::::::::8              8 8  8\x/8  8 8              8:::::::::`"Yb  
  8::::::::::::8              8 8  88888  8 8              8::::::::::::8  
  8::::::::::::8,             8 8         8 8             ,8::::::::::::8  
  8::::::::::::8888888888888888 8         8 8888888888888888::::::::::::8  
  8::::::::::::Ya/////////////8 8         8 8             aP::::::::::::8  
  8:::::::::::::8/////////////8 8         8 8             8:::::::::::::8  
  8:::::::::::::Ya////////////8 8         8 8            aP:::::::::::::8  
  Ya:::::::::::::88888888888888 8         8 88888888888888:::::::::::::aP  
  `8;:::::::::::::Ya,         8 8         8 8         ,aP:::::::::::::;8'  
   Ya:::::::::::::::"Y888888888 8         8 888888888P":::::::::::::::aP   
   `8;::::::::::::::::::::""""Y8888888888888P""""::::::::::::::::::::;8'   
    Ya:::::::::::::::::::::::::::::::::::::::::::::::::::::::::::::::aP    
     "b;:::::::::::::::::::::::::::::::::::::::::::::::::::::::::::;d"     
      `Ya;:::::::::::::::::::::::::::::::::::::::::::::::::::::::;aP'      
        `Ya;:::::::::::::::::::::::::::::::::::::::::::::::::::;aP'        
           "Ya;:::::::::::::::::::::::::::::::::::::::::::::;aP"           
              "Yba;;;:::::::::::::::::::::::::::::::::;;;adP"              
                  `"""""""Y888888888888888888888P"""""""'                  
                                                                           

Arte apos a etapa 5:
                                                                           
                                     _                                     
                                   ,d8b,                                   
                           _,,aadd8888888bbaa,,_                           
                      _,ad88P"""8,  I I  ,8"""Y88ba,_                      
                   ,ad88P"      `8, ` ' ,8'      "Y88ba,                   
                 ,d8"'/"Yb       `b  8  d'       dP" `"8b,                 
                dP"/////`Yb,      8     8      ,dP'     "Yb                
             ,ad8b,///////"Ya     Y,   ,P     aP"       ,d8ba,             
            dP" `Y8b,//////`Yb,   `8   8'   ,dP'      ,d8P' "Yb            
           ,8      8Yb,/////`Yb,   8   8   ,dP'     ,dY8      8,           
           dP     `Yb`Yb,////`8b   8   8   d8'    ,dP'dP'     Yb           
          ,8888888888b "8,/Yba888888888888888adP ,8" d8888888888,          
          dP////////`Yb,`Y8P""'             `""Y8P',dP'        Yb          
         ,8//////////P"Y8P'_.---.._     _..---._`Y8P"Y          8,         
         dP/////////d'  8 '  ____  `. .'  ____  ` 8  `b         Yb         
        ,888888888888   8   <(@@)>  | |  <(@@)>   8   888888888888,        
        dP          8   8    `"""         """'    8   8          Yb        
       ,8           8,  8          ,   ,          8  ,8           8,       
       dP           `b  8,        (.-_-.)        ,8  d'           Yb       
      ,88888888888888Yaa8b      .'       `.      d8aaP88888888888888,      
      dP///////////////""8b     _,gd888bg,_     d8""               Yb      
     ,8///////////////////8b,    ""Y888P""    ,d8                   8,     
     dP///////////////////"8"b,             ,d"8"                   Yb     
    ,888888888888888888888888,"Ya,_,ggg,_,aP",888888888888888888888888,    
    dP                      "8,  "8"\x/"8"  ,8"                      Yb    
   ,8                         b   8\\x//8   d                         8,   
   8888bgg,_                  8   8\\x//8   8                  _,ggd8888   
    `"Yb, ""8888888888888888888   Y\\x//P   8888888888888888888"" ,dP"'    
      _d8bg,_"8,//////////////8   `b\x/d'   8              ,8"_,gd8b_      
    ,iP"   "Yb,8//////////////8    8\x/8    8              8,dP"  `"Yi,    
   ,P"    __,888//////////////8    8\x/8    8              888,__    "Y,   
  ,8baaad8P"":Y8888888888888888 aaa8\x/8aaa 8888888888888888P:""Y8baaad8,  
  dP"':::::::::8              8 8  8\x/8  8 8              8:::::::::`"Yb  
  8::::::::::::8              8 8  88888  8 8              8::::::::::::8  
  8::::::::::::8,             8 8         8 8             ,8::::::::::::8  
  8::::::::::::8888888888888888 8         8 8888888888888888::::::::::::8  
  8::::::::::::Ya/////////////8 8         8 8             aP::::::::::::8  
  8:::::::::::::8/////////////8 8         8 8             8:::::::::::::8  
  8:::::::::::::Ya////////////8 8         8 8            aP:::::::::::::8  
  Ya:::::::::::::88888888888888 8         8 88888888888888:::::::::::::aP  
  `8;:::::::::::::Ya,         8 8         8 8         ,aP:::::::::::::;8'  
   Ya:::::::::::::::"Y888888888 8         8 888888888P":::::::::::::::aP   
   `8;::::::::::::::::::::""""Y8888888888888P""""::::::::::::::::::::;8'   
    Ya:::::::::::::::::::::::::::::::::::::::::::::::::::::::::::::::aP    
     "b;:::::::::::::::::::::::::::::::::::::::::::::::::::::::::::;d"     
      `Ya;:::::::::::::::::::::::::::::::::::::::::::::::::::::::;aP'      
        `Ya;:::::::::::::::::::::::::::::::::::::::::::::::::::;aP'        
           "Ya;:::::::::::::::::::::::::::::::::::::::::::::;aP"           
              "Yba;;;:::::::::::::::::::::::::::::::::;;;adP"              
                  `"""""""Y888888888888888888888P"""""""'                  
                                                                           

Arte apos a etapa 6:
                                                                           
                                     _                                     
                                   ,d8b,                                   
                           _,,aadd8888888bbaa,,_                           
                      _,ad88P"""8,  I I  ,8"""Y88ba,_                      
                   ,ad88P"      `8, ` ' ,8'      "Y88ba,                   
                 ,d8"'/"Yb       `b  8  d'       dP"\`"8b,                 
                dP"/////`Yb,      8     8      ,dP'\\\\\"Yb                
             ,ad8b,///////"Ya     Y,   ,P     aP"\\\\\\\,d8ba,             
            dP" `Y8b,//////`Yb,   `8   8'   ,dP'\\\\\\,d8P' "Yb            
           ,8      8Yb,/////`Yb,   8   8   ,dP'\\\\\,dY8      8,           
           dP     `Yb`Yb,////`8b   8   8   d8'\\\\,dP'dP'     Yb           
          ,8888888888b "8,/Yba888888888888888adP\,8" d8888888888,          
          dP////////`Yb,`Y8P""'             `""Y8P',dP'        Yb          
         ,8//////////P"Y8P'_.---.._     _..---._`Y8P"Y          8,         
         dP/////////d'  8 '  ____  `. .'  ____  ` 8  `b         Yb         
        ,888888888888   8   <(@@)>  | |  <(@@)>   8   888888888888,        
        dP          8   8    `"""         """'    8   8          Yb        
       ,8           8,  8          ,   ,          8  ,8           8,       
       dP           `b  8,        (.-_-.)        ,8  d'           Yb       
      ,88888888888888Yaa8b      .'       `.      d8aaP88888888888888,      
      dP///////////////""8b     _,gd888bg,_     d8""               Yb      
     ,8///////////////////8b,    ""Y888P""    ,d8                   8,     
     dP///////////////////"8"b,             ,d"8"                   Yb     
    ,888888888888888888888888,"Ya,_,ggg,_,aP",888888888888888888888888,    
    dP                      "8,  "8"\x/"8"  ,8"                      Yb    
   ,8                         b   8\\x//8   d                         8,   
   8888bgg,_                  8   8\\x//8   8                  _,ggd8888   
    `"Yb, ""8888888888888888888   Y\\x//P   8888888888888888888"" ,dP"'    
      _d8bg,_"8,//////////////8   `b\x/d'   8              ,8"_,gd8b_      
    ,iP"   "Yb,8//////////////8    8\x/8    8              8,dP"  `"Yi,    
   ,P"    __,888//////////////8    8\x/8    8              888,__    "Y,   
  ,8baaad8P"":Y8888888888888888 aaa8\x/8aaa 8888888888888888P:""Y8baaad8,  
  dP"':::::::::8              8 8  8\x/8  8 8              8:::::::::`"Yb  
  8::::::::::::8              8 8  88888  8 8              8::::::::::::8  
  8::::::::::::8,             8 8         8 8             ,8::::::::::::8  
  8::::::::::::8888888888888888 8         8 8888888888888888::::::::::::8  
  8::::::::::::Ya/////////////8 8         8 8             aP::::::::::::8  
  8:::::::::::::8/////////////8 8         8 8             8:::::::::::::8  
  8:::::::::::::Ya////////////8 8         8 8            aP:::::::::::::8  
  Ya:::::::::::::88888888888888 8         8 88888888888888:::::::::::::aP  
  `8;:::::::::::::Ya,         8 8         8 8         ,aP:::::::::::::;8'  
   Ya:::::::::::::::"Y888888888 8         8 888888888P":::::::::::::::aP   
   `8;::::::::::::::::::::""""Y8888888888888P""""::::::::::::::::::::;8'   
    Ya:::::::::::::::::::::::::::::::::::::::::::::::::::::::::::::::aP    
     "b;:::::::::::::::::::::::::::::::::::::::::::::::::::::::::::;d"     
      `Ya;:::::::::::::::::::::::::::::::::::::::::::::::::::::::;aP'      
        `Ya;:::::::::::::::::::::::::::::::::::::::::::::::::::;aP'        
           "Ya;:::::::::::::::::::::::::::::::::::::::::::::;aP"           
              "Yba;;;:::::::::::::::::::::::::::::::::;;;adP"              
                  `"""""""Y888888888888888888888P"""""""'                  
                                                                           

Arte apos a etapa 7:
                                                                           
                                     _                                     
                                   ,d8b,                                   
                           _,,aadd8888888bbaa,,_                           
                      _,ad88P"""8,  I I  ,8"""Y88ba,_                      
                   ,ad88P"      `8, ` ' ,8'      "Y88ba,                   
                 ,d8"'/"Yb       `b  8  d'       dP"\`"8b,                 
                dP"/////`Yb,      8     8      ,dP'\\\\\"Yb                
             ,ad8b,///////"Ya     Y,   ,P     aP"\\\\\\\,d8ba,             
            dP" `Y8b,//////`Yb,   `8   8'   ,dP'\\\\\\,d8P' "Yb            
           ,8      8Yb,/////`Yb,   8   8   ,dP'\\\\\,dY8      8,           
           dP     `Yb`Yb,////`8b   8   8   d8'\\\\,dP'dP'     Yb           
          ,8888888888b "8,/Yba888888888888888adP\,8" d8888888888,          
          dP////////`Yb,`Y8P""'             `""Y8P',dP'\\\\\\\\Yb          
         ,8//////////P"Y8P'_.---.._     _..---._`Y8P"Y\\\\\\\\\\8,         
         dP/////////d'  8 '  ____  `. .'  ____  ` 8  `b\\\\\\\\\Yb         
        ,888888888888   8   <(@@)>  | |  <(@@)>   8   888888888888,        
        dP          8   8    `"""         """'    8   8          Yb        
       ,8           8,  8          ,   ,          8  ,8           8,       
       dP           `b  8,        (.-_-.)        ,8  d'           Yb       
      ,88888888888888Yaa8b      .'       `.      d8aaP88888888888888,      
      dP///////////////""8b     _,gd888bg,_     d8""               Yb      
     ,8///////////////////8b,    ""Y888P""    ,d8                   8,     
     dP///////////////////"8"b,             ,d"8"                   Yb     
    ,888888888888888888888888,"Ya,_,ggg,_,aP",888888888888888888888888,    
    dP                      "8,  "8"\x/"8"  ,8"                      Yb    
   ,8                         b   8\\x//8   d                         8,   
   8888bgg,_                  8   8\\x//8   8                  _,ggd8888   
    `"Yb, ""8888888888888888888   Y\\x//P   8888888888888888888"" ,dP"'    
      _d8bg,_"8,//////////////8   `b\x/d'   8              ,8"_,gd8b_      
    ,iP"   "Yb,8//////////////8    8\x/8    8              8,dP"  `"Yi,    
   ,P"    __,888//////////////8    8\x/8    8              888,__    "Y,   
  ,8baaad8P"":Y8888888888888888 aaa8\x/8aaa 8888888888888888P:""Y8baaad8,  
  dP"':::::::::8              8 8  8\x/8  8 8              8:::::::::`"Yb  
  8::::::::::::8              8 8  88888  8 8              8::::::::::::8  
  8::::::::::::8,             8 8         8 8             ,8::::::::::::8  
  8::::::::::::8888888888888888 8         8 8888888888888888::::::::::::8  
  8::::::::::::Ya/////////////8 8         8 8             aP::::::::::::8  
  8:::::::::::::8/////////////8 8         8 8             8:::::::::::::8  
  8:::::::::::::Ya////////////8 8         8 8            aP:::::::::::::8  
  Ya:::::::::::::88888888888888 8         8 88888888888888:::::::::::::aP  
  `8;:::::::::::::Ya,         8 8         8 8         ,aP:::::::::::::;8'  
   Ya:::::::::::::::"Y888888888 8         8 888888888P":::::::::::::::aP   
   `8;::::::::::::::::::::""""Y8888888888888P""""::::::::::::::::::::;8'   
    Ya:::::::::::::::::::::::::::::::::::::::::::::::::::::::::::::::aP    
     "b;:::::::::::::::::::::::::::::::::::::::::::::::::::::::::::;d"     
      `Ya;:::::::::::::::::::::::::::::::::::::::::::::::::::::::;aP'      
        `Ya;:::::::::::::::::::::::::::::::::::::::::::::::::::;aP'        
           "Ya;:::::::::::::::::::::::::::::::::::::::::::::;aP"           
              "Yba;;;:::::::::::::::::::::::::::::::::;;;adP"              
                  `"""""""Y888888888888888888888P"""""""'                  
                                                                           

Arte apos a etapa 8:
                                                                           
                                     _                                     
                                   ,d8b,                                   
                           _,,aadd8888888bbaa,,_                           
                      _,ad88P"""8,  I I  ,8"""Y88ba,_                      
                   ,ad88P"      `8, ` ' ,8'      "Y88ba,                   
                 ,d8"'/"Yb       `b  8  d'       dP"\`"8b,                 
                dP"/////`Yb,      8     8      ,dP'\\\\\"Yb                
             ,ad8b,///////"Ya     Y,   ,P     aP"\\\\\\\,d8ba,             
            dP" `Y8b,//////`Yb,   `8   8'   ,dP'\\\\\\,d8P' "Yb            
           ,8      8Yb,/////`Yb,   8   8   ,dP'\\\\\,dY8      8,           
           dP     `Yb`Yb,////`8b   8   8   d8'\\\\,dP'dP'     Yb           
          ,8888888888b "8,/Yba888888888888888adP\,8" d8888888888,          
          dP////////`Yb,`Y8P""'             `""Y8P',dP'\\\\\\\\Yb          
         ,8//////////P"Y8P'_.---.._     _..---._`Y8P"Y\\\\\\\\\\8,         
         dP/////////d'  8 '  ____  `. .'  ____  ` 8  `b\\\\\\\\\Yb         
        ,888888888888   8   <(@@)>  | |  <(@@)>   8   888888888888,        
        dP          8   8    `"""         """'    8   8          Yb        
       ,8           8,  8          ,   ,          8  ,8           8,       
       dP           `b  8,        (.-_-.)        ,8  d'           Yb       
      ,88888888888888Yaa8b      .'       `.      d8aaP88888888888888,      
      dP///////////////""8b     _,gd888bg,_     d8""\\\\\\\\\\\\\\\Yb      
     ,8///////////////////8b,    ""Y888P""    ,d8\\\\\\\\\\\\\\\\\\\8,     
     dP///////////////////"8"b,             ,d"8"\\\\\\\\\\\\\\\\\\\Yb     
    ,888888888888888888888888,"Ya,_,ggg,_,aP",888888888888888888888888,    
    dP                      "8,  "8"\x/"8"  ,8"                      Yb    
   ,8                         b   8\\x//8   d                         8,   
   8888bgg,_                  8   8\\x//8   8                  _,ggd8888   
    `"Yb, ""8888888888888888888   Y\\x//P   8888888888888888888"" ,dP"'    
      _d8bg,_"8,//////////////8   `b\x/d'   8              ,8"_,gd8b_      
    ,iP"   "Yb,8//////////////8    8\x/8    8              8,dP"  `"Yi,    
   ,P"    __,888//////////////8    8\x/8    8              888,__    "Y,   
  ,8baaad8P"":Y8888888888888888 aaa8\x/8aaa 8888888888888888P:""Y8baaad8,  
  dP"':::::::::8              8 8  8\x/8  8 8              8:::::::::`"Yb  
  8::::::::::::8              8 8  88888  8 8              8::::::::::::8  
  8::::::::::::8,             8 8         8 8             ,8::::::::::::8  
  8::::::::::::8888888888888888 8         8 8888888888888888::::::::::::8  
  8::::::::::::Ya/////////////8 8         8 8             aP::::::::::::8  
  8:::::::::::::8/////////////8 8         8 8             8:::::::::::::8  
  8:::::::::::::Ya////////////8 8         8 8            aP:::::::::::::8  
  Ya:::::::::::::88888888888888 8         8 88888888888888:::::::::::::aP  
  `8;:::::::::::::Ya,         8 8         8 8         ,aP:::::::::::::;8'  
   Ya:::::::::::::::"Y888888888 8         8 888888888P":::::::::::::::aP   
   `8;::::::::::::::::::::""""Y8888888888888P""""::::::::::::::::::::;8'   
    Ya:::::::::::::::::::::::::::::::::::::::::::::::::::::::::::::::aP    
     "b;:::::::::::::::::::::::::::::::::::::::::::::::::::::::::::;d"     
      `Ya;:::::::::::::::::::::::::::::::::::::::::::::::::::::::;aP'      
        `Ya;:::::::::::::::::::::::::::::::::::::::::::::::::::;aP'        
           "Ya;:::::::::::::::::::::::::::::::::::::::::::::;aP"           
              "Yba;;;:::::::::::::::::::::::::::::::::;;;adP"              
                  `"""""""Y888888888888888888888P"""""""'                  
                                                                           

Arte apos a etapa 9:
                                                                           
                                     _                                     
                                   ,d8b,                                   
                           _,,aadd8888888bbaa,,_                           
                      _,ad88P"""8,  I I  ,8"""Y88ba,_                      
                   ,ad88P"      `8, ` ' ,8'      "Y88ba,                   
                 ,d8"'/"Yb       `b  8  d'       dP"\`"8b,                 
                dP"/////`Yb,      8     8      ,dP'\\\\\"Yb                
             ,ad8b,///////"Ya     Y,   ,P     aP"\\\\\\\,d8ba,             
            dP" `Y8b,//////`Yb,   `8   8'   ,dP'\\\\\\,d8P' "Yb            
           ,8      8Yb,/////`Yb,   8   8   ,dP'\\\\\,dY8      8,           
           dP     `Yb`Yb,////`8b   8   8   d8'\\\\,dP'dP'     Yb           
          ,8888888888b "8,/Yba888888888888888adP\,8" d8888888888,          
          dP////////`Yb,`Y8P""'             `""Y8P',dP'\\\\\\\\Yb          
         ,8//////////P"Y8P'_.---.._     _..---._`Y8P"Y\\\\\\\\\\8,         
         dP/////////d'  8 '  ____  `. .'  ____  ` 8  `b\\\\\\\\\Yb         
        ,888888888888   8   <(@@)>  | |  <(@@)>   8   888888888888,        
        dP          8   8    `"""         """'    8   8          Yb        
       ,8           8,  8          ,   ,          8  ,8           8,       
       dP           `b  8,        (.-_-.)        ,8  d'           Yb       
      ,88888888888888Yaa8b      .'       `.      d8aaP88888888888888,      
      dP///////////////""8b     _,gd888bg,_     d8""\\\\\\\\\\\\\\\Yb      
     ,8///////////////////8b,    ""Y888P""    ,d8\\\\\\\\\\\\\\\\\\\8,     
     dP///////////////////"8"b,             ,d"8"\\\\\\\\\\\\\\\\\\\Yb     
    ,888888888888888888888888,"Ya,_,ggg,_,aP",888888888888888888888888,    
    dP                      "8,  "8"\x/"8"  ,8"                      Yb    
   ,8                         b   8\\x//8   d                         8,   
   8888bgg,_                  8   8\\x//8   8                  _,ggd8888   
    `"Yb, ""8888888888888888888   Y\\x//P   8888888888888888888"" ,dP"'    
      _d8bg,_"8,//////////////8   `b\x/d'   8\\\\\\\\\\\\\\,8"_,gd8b_      
    ,iP"   "Yb,8//////////////8    8\x/8    8\\\\\\\\\\\\\\8,dP"  `"Yi,    
   ,P"    __,888//////////////8    8\x/8    8\\\\\\\\\\\\\\888,__    "Y,   
  ,8baaad8P"":Y8888888888888888 aaa8\x/8aaa 8888888888888888P:""Y8baaad8,  
  dP"':::::::::8              8 8  8\x/8  8 8              8:::::::::`"Yb  
  8::::::::::::8              8 8  88888  8 8              8::::::::::::8  
  8::::::::::::8,             8 8         8 8             ,8::::::::::::8  
  8::::::::::::8888888888888888 8         8 8888888888888888::::::::::::8  
  8::::::::::::Ya/////////////8 8         8 8             aP::::::::::::8  
  8:::::::::::::8/////////////8 8         8 8             8:::::::::::::8  
  8:::::::::::::Ya////////////8 8         8 8            aP:::::::::::::8  
  Ya:::::::::::::88888888888888 8         8 88888888888888:::::::::::::aP  
  `8;:::::::::::::Ya,         8 8         8 8         ,aP:::::::::::::;8'  
   Ya:::::::::::::::"Y888888888 8         8 888888888P":::::::::::::::aP   
   `8;::::::::::::::::::::""""Y8888888888888P""""::::::::::::::::::::;8'   
    Ya:::::::::::::::::::::::::::::::::::::::::::::::::::::::::::::::aP    
     "b;:::::::::::::::::::::::::::::::::::::::::::::::::::::::::::;d"     
      `Ya;:::::::::::::::::::::::::::::::::::::::::::::::::::::::;aP'      
        `Ya;:::::::::::::::::::::::::::::::::::::::::::::::::::;aP'        
           "Ya;:::::::::::::::::::::::::::::::::::::::::::::;aP"           
              "Yba;;;:::::::::::::::::::::::::::::::::;;;adP"              
                  `"""""""Y888888888888888888888P"""""""'                  
                                                                           

Arte apos a etapa 10:
                                                                           
                                     _                                     
                                   ,d8b,                                   
                           _,,aadd8888888bbaa,,_                           
                      _,ad88P"""8,  I I  ,8"""Y88ba,_                      
                   ,ad88P"      `8, ` ' ,8'      "Y88ba,                   
                 ,d8"'/"Yb       `b  8  d'       dP"\`"8b,                 
                dP"/////`Yb,      8     8      ,dP'\\\\\"Yb                
             ,ad8b,///////"Ya     Y,   ,P     aP"\\\\\\\,d8ba,             
            dP" `Y8b,//////`Yb,   `8   8'   ,dP'\\\\\\,d8P' "Yb            
           ,8      8Yb,/////`Yb,   8   8   ,dP'\\\\\,dY8      8,           
           dP     `Yb`Yb,////`8b   8   8   d8'\\\\,dP'dP'     Yb           
          ,8888888888b "8,/Yba888888888888888adP\,8" d8888888888,          
          dP////////`Yb,`Y8P""'             `""Y8P',dP'\\\\\\\\Yb          
         ,8//////////P"Y8P'_.---.._     _..---._`Y8P"Y\\\\\\\\\\8,         
         dP/////////d'  8 '  ____  `. .'  ____  ` 8  `b\\\\\\\\\Yb         
        ,888888888888   8   <(@@)>  | |  <(@@)>   8   888888888888,        
        dP          8   8    `"""         """'    8   8          Yb        
       ,8           8,  8          ,   ,          8  ,8           8,       
       dP           `b  8,        (.-_-.)        ,8  d'           Yb       
      ,88888888888888Yaa8b      .'       `.      d8aaP88888888888888,      
      dP///////////////""8b     _,gd888bg,_     d8""\\\\\\\\\\\\\\\Yb      
     ,8///////////////////8b,    ""Y888P""    ,d8\\\\\\\\\\\\\\\\\\\8,     
     dP///////////////////"8"b,             ,d"8"\\\\\\\\\\\\\\\\\\\Yb     
    ,888888888888888888888888,"Ya,_,ggg,_,aP",888888888888888888888888,    
    dP                      "8,  "8"\x/"8"  ,8"                      Yb    
   ,8                         b   8\\x//8   d                         8,   
   8888bgg,_                  8   8\\x//8   8                  _,ggd8888   
    `"Yb, ""8888888888888888888   Y\\x//P   8888888888888888888"" ,dP"'    
      _d8bg,_"8,//////////////8   `b\x/d'   8\\\\\\\\\\\\\\,8"_,gd8b_      
    ,iP"   "Yb,8//////////////8    8\x/8    8\\\\\\\\\\\\\\8,dP"  `"Yi,    
   ,P"    __,888//////////////8    8\x/8    8\\\\\\\\\\\\\\888,__    "Y,   
  ,8baaad8P"":Y8888888888888888 aaa8\x/8aaa 8888888888888888P:""Y8baaad8,  
  dP"':::::::::8              8 8  8\x/8  8 8              8:::::::::`"Yb  
  8::::::::::::8              8 8  88888  8 8              8::::::::::::8  
  8::::::::::::8,             8 8         8 8             ,8::::::::::::8  
  8::::::::::::8888888888888888 8         8 8888888888888888::::::::::::8  
  8::::::::::::Ya/////////////8 8         8 8\\\\\\\\\\\\\aP::::::::::::8  
  8:::::::::::::8/////////////8 8         8 8\\\\\\\\\\\\\8:::::::::::::8  
  8:::::::::::::Ya////////////8 8         8 8\\\\\\\\\\\\aP:::::::::::::8  
  Ya:::::::::::::88888888888888 8         8 88888888888888:::::::::::::aP  
  `8;:::::::::::::Ya,         8 8         8 8         ,aP:::::::::::::;8'  
   Ya:::::::::::::::"Y888888888 8         8 888888888P":::::::::::::::aP   
   `8;::::::::::::::::::::""""Y8888888888888P""""::::::::::::::::::::;8'   
    Ya:::::::::::::::::::::::::::::::::::::::::::::::::::::::::::::::aP    
     "b;:::::::::::::::::::::::::::::::::::::::::::::::::::::::::::;d"     
      `Ya;:::::::::::::::::::::::::::::::::::::::::::::::::::::::;aP'      
        `Ya;:::::::::::::::::::::::::::::::::::::::::::::::::::;aP'        
           "Ya;:::::::::::::::::::::::::::::::::::::::::::::;aP"           
              "Yba;;;:::::::::::::::::::::::::::::::::;;;adP"              
                  `"""""""Y888888888888888888888P"""""""'                  
                                                                           

Arte apos a etapa 11:
                                                                           
                                     _                                     
                                   ,d8b,                                   
                           _,,aadd8888888bbaa,,_                           
                      _,ad88P"""8,||I I||,8"""Y88ba,_                      
                   ,ad88P"      `8,|` '|,8'      "Y88ba,                   
                 ,d8"'/"Yb       `b||8||d'       dP"\`"8b,                 
                dP"/////`Yb,      8|||||8      ,dP'\\\\\"Yb                
             ,ad8b,///////"Ya     Y,|||,P     aP"\\\\\\\,d8ba,             
            dP" `Y8b,//////`Yb,   `8|||8'   ,dP'\\\\\\,d8P' "Yb            
           ,8      8Yb,/////`Yb,   8|||8   ,dP'\\\\\,dY8      8,           
           dP     `Yb`Yb,////`8b   8|||8   d8'\\\\,dP'dP'     Yb           
          ,8888888888b "8,/Yba888888888888888adP\,8" d8888888888,          
          dP////////`Yb,`Y8P""'             `""Y8P',dP'\\\\\\\\Yb          
         ,8//////////P"Y8P'_.---.._     _..---._`Y8P"Y\\\\\\\\\\8,         
         dP/////////d'  8 '  ____  `. .'  ____  ` 8  `b\\\\\\\\\Yb         
        ,888888888888   8   <(@@)>  | |  <(@@)>   8   888888888888,        
        dP          8   8    `"""         """'    8   8          Yb        
       ,8           8,  8          ,   ,          8  ,8           8,       
       dP           `b  8,        (.-_-.)        ,8  d'           Yb       
      ,88888888888888Yaa8b      .'       `.      d8aaP88888888888888,      
      dP///////////////""8b     _,gd888bg,_     d8""\\\\\\\\\\\\\\\Yb      
     ,8///////////////////8b,    ""Y888P""    ,d8\\\\\\\\\\\\\\\\\\\8,     
     dP///////////////////"8"b,             ,d"8"\\\\\\\\\\\\\\\\\\\Yb     
    ,888888888888888888888888,"Ya,_,ggg,_,aP",888888888888888888888888,    
    dP                      "8,  "8"\x/"8"  ,8"                      Yb    
   ,8                         b   8\\x//8   d                         8,   
   8888bgg,_                  8   8\\x//8   8                  _,ggd8888   
    `"Yb, ""8888888888888888888   Y\\x//P   8888888888888888888"" ,dP"'    
      _d8bg,_"8,//////////////8   `b\x/d'   8\\\\\\\\\\\\\\,8"_,gd8b_      
    ,iP"   "Yb,8//////////////8    8\x/8    8\\\\\\\\\\\\\\8,dP"  `"Yi,    
   ,P"    __,888//////////////8    8\x/8    8\\\\\\\\\\\\\\888,__    "Y,   
  ,8baaad8P"":Y8888888888888888 aaa8\x/8aaa 8888888888888888P:""Y8baaad8,  
  dP"':::::::::8              8 8  8\x/8  8 8              8:::::::::`"Yb  
  8::::::::::::8              8 8  88888  8 8              8::::::::::::8  
  8::::::::::::8,             8 8         8 8             ,8::::::::::::8  
  8::::::::::::8888888888888888 8         8 8888888888888888::::::::::::8  
  8::::::::::::Ya/////////////8 8         8 8\\\\\\\\\\\\\aP::::::::::::8  
  8:::::::::::::8/////////////8 8         8 8\\\\\\\\\\\\\8:::::::::::::8  
  8:::::::::::::Ya////////////8 8         8 8\\\\\\\\\\\\aP:::::::::::::8  
  Ya:::::::::::::88888888888888 8         8 88888888888888:::::::::::::aP  
  `8;:::::::::::::Ya,         8 8         8 8         ,aP:::::::::::::;8'  
   Ya:::::::::::::::"Y888888888 8         8 888888888P":::::::::::::::aP   
   `8;::::::::::::::::::::""""Y8888888888888P""""::::::::::::::::::::;8'   
    Ya:::::::::::::::::::::::::::::::::::::::::::::::::::::::::::::::aP    
     "b;:::::::::::::::::::::::::::::::::::::::::::::::::::::::::::;d"     
      `Ya;:::::::::::::::::::::::::::::::::::::::::::::::::::::::;aP'      
        `Ya;:::::::::::::::::::::::::::::::::::::::::::::::::::;aP'        
           "Ya;:::::::::::::::::::::::::::::::::::::::::::::;aP"           
              "Yba;;;:::::::::::::::::::::::::::::::::;;;adP"              
                  `"""""""Y888888888888888888888P"""""""'                  
                                                                           

Arte enquadrada:
                                      

|                                                                           |
|                                     _                                     |
|                                   ,d8b,                                   |
|                           _,,aadd8888888bbaa,,_                           |
|                      _,ad88P"""8,||I I||,8"""Y88ba,_                      |
|                   ,ad88P"      `8,|` '|,8'      "Y88ba,                   |
|                 ,d8"'/"Yb       `b||8||d'       dP"\`"8b,                 |
|                dP"/////`Yb,      8|||||8      ,dP'\\\\\"Yb                |
|             ,ad8b,///////"Ya     Y,|||,P     aP"\\\\\\\,d8ba,             |
|            dP" `Y8b,//////`Yb,   `8|||8'   ,dP'\\\\\\,d8P' "Yb            |
|           ,8      8Yb,/////`Yb,   8|||8   ,dP'\\\\\,dY8      8,           |
|           dP     `Yb`Yb,////`8b   8|||8   d8'\\\\,dP'dP'     Yb           |
|          ,8888888888b "8,/Yba888888888888888adP\,8" d8888888888,          |
|          dP////////`Yb,`Y8P""'             `""Y8P',dP'\\\\\\\\Yb          |
|         ,8//////////P"Y8P'_.---.._     _..---._`Y8P"Y\\\\\\\\\\8,         |
|         dP/////////d'  8 '  ____  `. .'  ____  ` 8  `b\\\\\\\\\Yb         |
|        ,888888888888   8   <(@@)>  | |  <(@@)>   8   888888888888,        |
|        dP          8   8    `"""         """'    8   8          Yb        |
|       ,8           8,  8          ,   ,          8  ,8           8,       |
|       dP           `b  8,        (.-_-.)        ,8  d'           Yb       |
|      ,88888888888888Yaa8b      .'       `.      d8aaP88888888888888,      |
|      dP///////////////""8b     _,gd888bg,_     d8""\\\\\\\\\\\\\\\Yb      |
|     ,8///////////////////8b,    ""Y888P""    ,d8\\\\\\\\\\\\\\\\\\\8,     |
|     dP///////////////////"8"b,             ,d"8"\\\\\\\\\\\\\\\\\\\Yb     |
|    ,888888888888888888888888,"Ya,_,ggg,_,aP",888888888888888888888888,    |
|    dP                      "8,  "8"\x/"8"  ,8"                      Yb    |
|   ,8                         b   8\\x//8   d                         8,   |
|   8888bgg,_                  8   8\\x//8   8                  _,ggd8888   |
|    `"Yb, ""8888888888888888888   Y\\x//P   8888888888888888888"" ,dP"'    |
|      _d8bg,_"8,//////////////8   `b\x/d'   8\\\\\\\\\\\\\\,8"_,gd8b_      |
|    ,iP"   "Yb,8//////////////8    8\x/8    8\\\\\\\\\\\\\\8,dP"  `"Yi,    |
|   ,P"    __,888//////////////8    8\x/8    8\\\\\\\\\\\\\\888,__    "Y,   |
|  ,8baaad8P"":Y8888888888888888 aaa8\x/8aaa 8888888888888888P:""Y8baaad8,  |
|  dP"':::::::::8              8 8  8\x/8  8 8              8:::::::::`"Yb  |
|  8::::::::::::8              8 8  88888  8 8              8::::::::::::8  |
|  8::::::::::::8,             8 8         8 8             ,8::::::::::::8  |
|  8::::::::::::8888888888888888 8         8 8888888888888888::::::::::::8  |
|  8::::::::::::Ya/////////////8 8         8 8\\\\\\\\\\\\\aP::::::::::::8  |
|  8:::::::::::::8/////////////8 8         8 8\\\\\\\\\\\\\8:::::::::::::8  |
|  8:::::::::::::Ya////////////8 8         8 8\\\\\\\\\\\\aP:::::::::::::8  |
|  Ya:::::::::::::88888888888888 8         8 88888888888888:::::::::::::aP  |
|  `8;:::::::::::::Ya,         8 8         8 8         ,aP:::::::::::::;8'  |
|   Ya:::::::::::::::"Y888888888 8         8 888888888P":::::::::::::::aP   |
|   `8;::::::::::::::::::::""""Y8888888888888P""""::::::::::::::::::::;8'   |
|    Ya:::::::::::::::::::::::::::::::::::::::::::::::::::::::::::::::aP    |
|     "b;:::::::::::::::::::::::::::::::::::::::::::::::::::::::::::;d"     |
|      `Ya;:::::::::::::::::::::::::::::::::::::::::::::::::::::::;aP'      |
|        `Ya;:::::::::::::::::::::::::::::::::::::::::::::::::::;aP'        |
|           "Ya;:::::::::::::::::::::::::::::::::::::::::::::;aP"           |
|              "Yba;;;:::::::::::::::::::::::::::::::::;;;adP"              |
|                  `"""""""Y888888888888888888888P"""""""'                  |
|                                                                           |

