Arte inicial:
                         
             -""""-      
            /      \     
          _/-=-.    \    
         (_|a a/    |_   
          / "  \    ,_)  
     _    \`=' /___/     
    | \_  .;--'  `-.     
    \___)//      ,  \    
     \ \/;        \  \   
      \_.|         | |   
       .-\ '     _/_/    
     .'  _;.    (_  \    
    /  .'   `\   \\ /    
   |_ /       |  |\\     
  /  _)       /  / ||    
 /  /       _/  /  //    
 \  |      ( `-/  ||     
  --       /  /   \\     
          \  /     \'-'| 
           --       `"`  
                         

Arte apos a etapa 0:
                         
             -""""-      
            /******\     
          _/-=-.****\    
         (_|a a/****|_   
          / "  \****,_)  
     _    \`=' /___/     
    | \_  .;--'  `-.     
    \___)//      ,  \    
     \ \/;        \  \   
      \_.|         | |   
       .-\ '     _/_/    
     .'  _;.    (_  \    
    /  .'   `\   \\ /    
   |_ /       |  |\\     
  /  _)       /  / ||    
 /  /       _/  /  //    
 \  |      ( `-/  ||     
  --       /  /   \\     
          \  /     \'-'| 
           --       `"`  
                         

Arte apos a etapa 1:
                         
             -""""-      
            /******\     
          _/-=-.****\    
         (_|a a/****|_   
          / "  \****,_)  
     _    \`=' /___/     
    |*\_  .;--'  `-.     
    \___)//      ,  \    
     \ \/;        \  \   
      \_.|         | |   
       .-\ '     _/_/    
     .'  _;.    (_  \    
    /  .'   `\   \\ /    
   |_ /       |  |\\     
  /  _)       /  / ||    
 /  /       _/  /  //    
 \  |      ( `-/  ||     
  --       /  /   \\     
          \  /     \'-'| 
           --       `"`  
                         

Arte apos a etapa 2:
                         
             -""""-      
            /******\     
          _/-=-.****\    
         (_|a a/****|_   
          / "  \****,_)  
     _    \`=' /___/     
    |*\_  .;--'  `-.     
    \___)//      ,  \    
     \ \/;        \  \   
      \_.|         | |   
       .-\ '     _/_/    
     .'  _;.    (_**\    
    /  .'   `\   \\*/    
   |_ /       |  |\\     
  /  _)       /  / ||    
 /  /       _/  /  //    
 \  |      ( `-/  ||     
  --       /  /   \\     
          \  /     \'-'| 
           --       `"`  
                         

Arte apos a etapa 3:
                         
             -""""-      
            /******\     
          _/-=-.****\    
         (_|a a/****|_   
          / "  \****,_)  
     _    \`=' /___/     
    |*\_  .;--'  `-.     
    \___)//      ,  \    
     \ \/;        \  \   
      \_.|         | |   
       .-\ '     _/_/    
     .'  _;.    (_**\    
    /  .'   `\   \\*/    
   |_ /       |  |\\     
  /**_)       /  / ||    
 /**/       _/  /  //    
 \**|      ( `-/  ||     
  --       /  /   \\     
          \  /     \'-'| 
           --       `"`  
                         

Arte apos a etapa 4:
                         
             -""""-      
            /******\     
          _/-=-.****\    
         (_|a a/****|_   
          / "  \****,_)  
     _    \`=' /___/     
    |*\_  .;--'  `-.     
    \___)//      ,  \    
     \ \/;        \  \   
      \_.|         | |   
       .-\ '     _/_/    
     .'  _;.    (_**\    
    /  .'   `\   \\*/    
   |_ /       |  |\\     
  /**_)       /  / ||    
 /**/       _/  /  //    
 \**|      (*`-/  ||     
  --       /**/   \\     
          \**/     \'-'| 
           --       `"`  
                         

Arte enquadrada:
             Ʌ
╭—————————————————————————╮
|                         |
|             -""""-      |
|            /******\     |
|          _/-=-.****\    |
|         (_|a a/****|_   |
|          / "  \****,_)  |
|     _    \`=' /___/     |
|    |*\_  .;--'  `-.     |
|    \___)//      ,  \    |
|     \ \/;        \  \   |
|      \_.|         | |   |
|       .-\ '     _/_/    |
|     .'  _;.    (_**\    |
|    /  .'   `\   \\*/    |
|   |_ /       |  |\\     |
|  /**_)       /  / ||    |
| /**/       _/  /  //    |
| \**|      (*`-/  ||     |
|  --       /**/   \\     |
|          \**/     \'-'| |
|           --       `"`  |
|                         |
╰—————————————————————————╯
