Arte inicial:
                          
                          
      .-"`-``-"-.`        
     /  _.-._     `\      
    / /`     `--.   ; . . 
    | |__   __   \   |    
-.-.| | e` /e`   |   |    
    | |   |      |   |'---
    | |   '-     |   |    
    |  \ ---'   /|   |    
    |   `;-----'\|   |    
    |    |       |   |    
    |  .-'       |   |    
-'--|/`          |   |--.-
    ;    .       ;  _.\   
     `-.;_      /.-'      
           ``` `          
                          

Arte apos a etapa 0:
                          
                          
      .-"`-``-"-.`        
     /''_.-._     `\      
    / /`     `--.   ; . . 
    | |__   __   \   |    
-.-.| | e` /e`   |   |    
    | |   |      |   |'---
    | |   '-     |   |    
    |  \ ---'   /|   |    
    |   `;-----'\|   |    
    |    |       |   |    
    |  .-'       |   |    
-'--|/`          |   |--.-
    ;    .       ;  _.\   
     `-.;_      /.-'      
           ``` `          
                          

Arte apos a etapa 1:
                          
                          
      .-"`-``-"-.`        
     /''_.-._     `\      
    /'/`     `--.   ; . . 
    |'|__   __   \   |    
-.-.|'| e` /e`   |   |    
    |'|   |      |   |'---
    |'|   '-     |   |    
    |''\ ---'   /|   |    
    |'''`;-----'\|   |    
    |''''|       |   |    
    |''.-'       |   |    
-'--|/`          |   |--.-
    ;    .       ;  _.\   
     `-.;_      /.-'      
           ``` `          
                          

Arte apos a etapa 2:
                          
                          
      .-"`-``-"-.`        
     /''_.-._'''''`\      
    /'/`     `--.'''; . . 
    |'|__   __   \'''|    
-.-.|'| e` /e`   |'''|    
    |'|   |      |'''|'---
    |'|   '-     |'''|    
    |''\ ---'   /|'''|    
    |'''`;-----'\|'''|    
    |''''|       |'''|    
    |''.-'       |'''|    
-'--|/`          |'''|--.-
    ;    .       ;''_.\   
     `-.;_      /.-'      
           ``` `          
                          

Arte enquadrada:
             /\
╭——————————————————————————╮
|                          |
|                          |
|      .-"`-``-"-.`        |
|     /''_.-._'''''`\      |
|    /'/`     `--.'''; . . |
|    |'|__   __   \'''|    |
|-.-.|'| e` /e`   |'''|    |
|    |'|   |      |'''|'---|
|    |'|   '-     |'''|    |
|    |''\ ---'   /|'''|    |
|    |'''`;-----'\|'''|    |
|    |''''|       |'''|    |
|    |''.-'       |'''|    |
|-'--|/`          |'''|--.-|
|    ;    .       ;''_.\   |
|     `-.;_      /.-'      |
|           ``` `          |
|                          |
╰——————————————————————————╯
