Ich brauche Zeit, kein Heroin
Kein Alkohol, kein Nikotin
Brauch' keine Hilfe, kein Koffein
Doch Dynamit und Terpentin
Ich brauche Ol fur Gasolin
Explosiv wie Kerosin
Mit viel Oktan und frei von Blei
Einen Kraftstoff wie Benzin
Benzin
Benzin
Benzin
Ja
Brauch' keinen Freund, kein Kokain
Brauch' weder Arzt noch Medizin
Brauch' keine Frau, nur Vaselin
Etwas Nitroglyzerin
Ich brauche Geld fur Gasolin
Explosiv wie Kerosin
Mit viel Oktan und frei von Blei
Einen Kraftstoff wie Benzin
Benzin
Benzin
Benzin
Gib mir Benzin
Es fliet durch meine Venen
Es schlaft in meinen Tranen
Es lauft mir aus den Ohren
Herz und Nieren sind Motoren, ja
Benzin
Willst du dich von etwas trennen
Dann musst du es verbrennen
Willst du es nie wieder sehen
Lass es schwimmen in Benzin
Benzin
Benzin
Benzin
Ich brauch Benzin
Benzin
Ja, Benzin
Gib mir Benzin
Ja
