..1*1....1*1..
.1221....111..
.1*1...111....
.111...1*1....
..111..111....
..1*1.111.....
.1221.1*1.....
.1*1..111.....
.111..........
11............
*1............
11............
..............
..............
......111.....
...1111*1.111.
.112*111113*31
.1*211...1***2
.111.....124*2
221.....111111
**2.....1*1111
3*2.....1111*1
111.......1221
........123*1.
........1**21.
..111.112221..
..1*112*1.....
..1111*2211...
.....1111*1...
......11211...
......1*1.....
..112121211...
.12*2*1.1*1...
.1*2211.111...
.1221...111...
..1*1...1*1...
11211...111...
1*1...........
111111......11
...1*21.....1*
...12*1.....22
....111.....1*
............11
.111..........
.1*1..........
.111..........
...111........
...1*211...111
...112*1...1*1
