1.222 Red Smooth
1.859 Yellow Raw
2.241 Gray Rough
3.779 Salmon Raw
4.295 Gray Soft
4.944 Magenta Raw
6.550 Silver Rough
6.748 Purple Soft
6.956 Azure Smooth
7.435 Azure Soft
9.553 Azure Wavy
9.621 Magenta Raw
13.111 White Rough
13.336 Magenta Rough
13.604 Yellow Raw
13.640 Yellow Soft
13.912 Magenta Smooth
17.703 Yellow Wavy
20.089 Red Raw
21.729 White Wavy
22.548 Yellow Wavy
23.712 Gray Raw
24.732 Gray Raw
27.077 Cyan Raw
27.225 Crimson Smooth
27.852 Magenta Rough
28.288 Azure Soft
29.353 Purple Smooth
29.355 Salmon Rough
35.193 Orange Soft
35.857 Red Soft
36.312 Yellow Smooth
36.645 Silver Soft
37.042 Silver Soft
37.150 Lime Smooth
37.718 White Smooth
37.940 Yellow Wavy
39.771 Cyan Smooth
40.640 Brown Raw
41.518 Cyan Wavy
42.987 Yellow Smooth
43.263 White Soft
44.040 Crimson Wavy
45.619 Orange Soft
46.722 Pink Smooth
47.767 White Rough
47.921 Lime Raw
48.225 Red Wavy
48.662 Gray Smooth
49.703 Purple Raw
