1.225 Salmon Smooth
2.442 Silver Raw
2.688 Purple Wavy
3.593 Silver Raw
4.395 Crimson Rough
4.599 Red Rough
4.768 Yellow Soft
5.628 Magenta Soft
5.990 White Smooth
6.083 Lime Raw
6.576 Crimson Rough
6.656 Purple Rough
7.091 Lime Rough
7.136 Purple Raw
7.160 Salmon Raw
7.268 White Soft
7.610 Orange Wavy
8.187 Violet Raw
8.993 Brown Raw
9.553 Pink Smooth
9.586 Yellow Rough
10.736 Red Soft
11.561 Lime Smooth
11.866 Orange Rough
12.357 Gray Raw
14.749 Gray Raw
15.092 White Smooth
16.277 Magenta Smooth
16.534 Gray Smooth
17.315 Salmon Soft
17.332 Brown Rough
18.059 Azure Soft
18.189 Gray Soft
18.789 White Smooth
21.425 Pink Smooth
21.795 Cyan Soft
21.833 Yellow Rough
21.952 Silver Soft
22.033 Purple Smooth
22.328 Red Wavy
22.864 Azure Soft
23.124 Yellow Wavy
24.395 Yellow Soft
24.841 Yellow Raw
25.643 White Raw
26.682 Lime Raw
26.743 Pink Soft
26.858 Orange Soft
27.825 Salmon Raw
28.916 Orange Soft
29.015 Azure Rough
29.563 Purple Soft
30.425 Purple Raw
30.930 Crimson Raw
30.988 White Smooth
31.692 Pink Smooth
32.838 Azure Soft
33.957 Crimson Smooth
34.062 Salmon Raw
34.750 Azure Smooth
34.986 Crimson Soft
35.417 Magenta Raw
35.583 Gray Raw
36.952 Orange Rough
37.070 Purple Smooth
39.311 Cyan Smooth
39.430 Red Smooth
39.443 Magenta Soft
40.650 Purple Smooth
40.838 Purple Raw
40.924 Purple Smooth
41.367 Magenta Raw
41.996 Purple Smooth
42.116 Salmon Raw
42.434 Crimson Wavy
42.921 Silver Wavy
43.163 Pink Raw
43.402 Pink Raw
43.911 Yellow Smooth
44.467 Purple Rough
44.863 Pink Smooth
45.144 Crimson Smooth
45.283 Purple Smooth
45.402 Yellow Raw
45.595 Yellow Wavy
45.645 Salmon Wavy
45.745 Lime Rough
46.129 Purple Wavy
46.144 Red Rough
46.188 White Smooth
47.078 Yellow Soft
47.097 White Smooth
47.348 Gray Smooth
47.877 Gray Rough
48.095 Pink Rough
48.925 Brown Raw
49.750 Orange Raw
49.816 Salmon Raw
50.149 Cyan Smooth
50.513 Lime Raw
