205
441
1263
1498
5865
7922
8530
6950
9117
3060
172
1327
160
1780
3031
3214
1829
0
3640
9936
2973
1209
6944
7383
264
5417
8843
951
3410
3863
7174
6544
7840
2077
623
2853
1948
133
4094
7612
5315
6946
5640
1029
8629
2054
730
39
155
1253
990
745
3270
4664
9925
8632
1523
263
113
2452
63
89
1834
1369
203
6121
2066
314
9001
509
8695
491
9444
4873
8029
26
739
1463
5710
1914
882
821
8396
4390
163
1096
1746
343
2258
412
1740
1905
573
9710
2628
9248
2089
86
60
3332
7
5745
7878
10168
3197
1510
277
5966
2027
1268
2997
4411
6691
3877
3270
1855
3226
5834
3303
953
98
6826
919
4096
6138
4703
1895
4563
9108
8004
1406
395
3848
2003
1528
219
1374
786
10049
8112
2318
8700
906
1467
7210
7650
1324
5
5918
7723
7303
1275
1163
3311
9624
5312
3080
51
2639
904
2791
386
142
12
5749
3
7771
3370
1278
1929
1162
9990
7690
609
782
4026
5525
4749
5621
5229
208
1415
9013
56
4360
5139
3144
840
4565
8095
4688
7437
474
5305
73
3530
7918
8890
7761
165
4329
25
1920
3717
3857
6
2419
23
347
7878
1
2797
428
9561
3499
807
1368
8275
6263
4260
2160
7055
3721
52
7952
7553
1102
263
7964
8681
3739
7258
4634
1769
442
148
5940
5850
119
1455
7824
1860
9191
2413
55
2973
5865
6642
7678
3458
702
4051
7221
1939
3618
3891
6909
1188
970
2120
776
260
7383
9773
0
132
825
6533
835
2657
2079
18
4615
1215
39
3502
1437
2185
9255
2062
9101
5655
6134
49
7370
7919
5540
9840
143
1368
5
3632
4417
2672
164
1856
3268
2973
8096
1331
3732
193
1880
1747
26
9020
6045
3358
1819
54
2333
5943
65
163
1015
9291
436
52
2989
5748
4196
139
802
949
8093
8757
10038
212
3103
7332
2760
7171
177
5768
1314
5126
8274
6111
5852
0
2269
789
1789
242
1778
1102
336
1200
1301
8217
324
2189
771
5624
3108
913
8954
1615
242
3588
150
3621
4538
2329
415
1750
5659
2289
10761
2397
7390
6867
3
3237
17
138
8866
3176
6197
358
669
1146
1507
3178
2688
4320
4879
2749
6862
4
0
2880
10144
10388
2897
1815
6254
1644
32
9974
108
475
5305
849
6923
3259
1287
9329
141
2962
7637
3489
3746
8981
679
1698
1688
4668
3886
408
1235
4158
607
9750
3549
470
18
8626
0
2881
803
357
1100
89
1893
4758
4283
3945
3534
579
8002
3567
6829
10178
161
2778
508
11
2921
2131
6512
8335
3869
4371
1460
36
7608
2139
152
8188
4039
6058
3017
1954
2149
4851
2574
8498
9381
9059
6724
8842
3782
16
4883
204
1196
2783
4958
3810
792
4466
6907
2305
40
416
29
442
131
6121
1919
5526
10159
6820
7433
4
8383
7047
1990
8490
4708
1138
4794
5299
8234
236
2291
5384
6310
109
3511
3059
2
5520
6476
8557
7688
3588
852
15
8935
1535
2531
7428
4766
3123
444
1607
3810
5012
25
4048
7407
2258
2653
9976
4841
8234
59
10
7596
3017
1179
4
89
514
283
803
76
299
7540
10281
5020
91
8260
6519
6917
1063
2
556
27
9925
336
9888
2986
8465
54
5849
8263
1
5497
5724
553
7621
1787
331
1772
113
4481
83
2709
5261
5456
1748
1066
9044
525
3898
265
9106
9558
0
45
5355
631
395
2831
7318
795
1370
6549
4214
8141
65
2699
7796
1134
7649
4
5514
257
1429
6698
1595
5750
321
828
4127
9331
1381
39
6759
8635
7243
1675
589
9048
6492
2868
553
1459
1625
1
431
9102
896
8542
2130
3869
59
5358
137
4324
92
551
3343
1986
2308
476
4706
3482
391
9731
273
5464
7968
254
3820
394
2904
706
7303
1
60
133
3425
7126
212
5873
5641
9547
2546
4311
325
7647
3
65
10009
1064
3998
3461
149
1401
1118
4674
2252
10062
0
711
1981
9253
7885
4256
28
1073
9819
2630
997
1750
8094
2204
57
408
1277
5873
1727
954
1652
160
8093
90
1383
4774
8788
21
9719
1983
423
7670
2935
1347
4212
730
7157
1079
5486
1815
10769
112
3755
56
0
118
4423
7059
5990
297
8726
10040
2297
3101
581
615
8557
8143
8895
1076
2158
7673
5103
1395
46
8900
8131
268
1868
0
3713
364
73
3320
8682
3912
8368
4421
6077
5963
560
2419
9524
6741
2000
3678
288
4251
3046
298
1232
373
1186
2569
3089
529
4820
2981
21
7282
7876
107
6661
1604
2034
7157
8996
5982
2
146
6832
5586
3646
2318
175
2275
7744
92
2496
2705
4538
1319
2941
32
4833
4830
768
8496
6629
1314
2478
8997
507
258
6750
232
1727
458
3974
1832
1
8138
6092
63
4270
5364
2357
4609
3328
2668
202
753
3900
9233
24
4524
7012
4041
7941
1959
1098
121
182
1200
1786
2525
478
503
5060
6431
9485
5408
6411
4082
2913
171
1128
5
810
8526
6544
7222
2687
7767
6756
4488
707
6667
108
3797
1928
2868
7252
1548
2787
9747
817
958
3131
4735
6433
6443
209
8775
9610
646
13
4658
2501
7066
1392
1051
4353
2082
2942
9180
7496
535
3916
150
3612
1605
176
628
9049
6218
1214
3591
1041
63
7312
5975
148
9992
3397
525
790
2044
2421
730
6769
5480
9464
2880
5764
2870
516
2490
316
4338
7001
1485
925
1110
5391
8870
4975
3850
1507
5494
744
5139
404
2049
636
4742
3206
265
3041
2275
8477
4183
198
6073
366
613
331
67
9236
6159
149
6562
1766
8703
3913
518
4780
3876
3300
0
1226
6474
9674
64
4800
9298
1114
2372
902
525
4832
18
309
2360
9055
7884
3012
5305
5902
2909
3895
813
2466
