1.001 Red Soft
1.023 Orange Wavy
1.025 White Smooth
1.032 White Soft
1.041 White Rough
1.062 Crimson Rough
1.066 Purple Raw
1.079 Brown Rough
1.084 Magenta Wavy
1.088 White Smooth
1.118 Cyan Wavy
1.145 Azure Raw
1.164 White Raw
1.167 White Wavy
1.180 Red Soft
1.184 Lime Smooth
1.189 Red Smooth
1.216 Yellow Wavy
1.235 Magenta Soft
1.255 Brown Wavy
1.260 Pink Soft
1.264 Purple Rough
1.280 Magenta Wavy
1.283 Gray Soft
1.289 Gray Smooth
1.298 Orange Rough
1.306 Azure Soft
1.307 Pink Raw
1.308 Azure Wavy
1.315 White Rough
1.340 Yellow Raw
1.366 Crimson Wavy
1.414 Salmon Smooth
1.422 Purple Smooth
1.449 Violet Wavy
1.453 Yellow Rough
1.464 Orange Rough
1.477 Brown Rough
1.484 Pink Smooth
1.502 Purple Smooth
1.504 Red Raw
1.505 Red Raw
1.507 Red Raw
1.516 Pink Rough
1.525 Salmon Wavy
1.528 Violet Raw
1.544 Orange Raw
1.545 Salmon Wavy
1.557 White Rough
1.566 Pink Raw
1.575 Pink Wavy
1.580 Purple Raw
1.587 Brown Wavy
1.634 Violet Smooth
1.658 Purple Soft
1.661 Orange Wavy
1.671 Magenta Raw
1.672 Magenta Smooth
1.673 Cyan Raw
1.674 Yellow Soft
1.676 Cyan Soft
1.688 Orange Raw
1.693 Crimson Raw
1.694 Lime Soft
1.696 White Soft
1.703 Crimson Soft
1.715 Yellow Rough
1.725 Pink Wavy
1.748 Pink Smooth
1.749 Purple Soft
1.753 Magenta Smooth
1.783 Crimson Raw
1.828 Red Raw
1.839 Orange Raw
1.858 Salmon Wavy
1.860 Red Raw
1.872 Violet Rough
1.886 Salmon Soft
1.892 White Wavy
1.901 Yellow Rough
1.919 Purple Smooth
1.924 Red Wavy
1.928 Silver Soft
1.933 Silver Rough
1.934 Brown Wavy
1.952 Pink Soft
1.963 Gray Smooth
1.967 Yellow Smooth
1.971 Purple Raw
1.976 Brown Raw
1.977 Brown Rough
1.982 Silver Soft
1.985 Purple Soft
1.997 Crimson Wavy
2.002 Orange Smooth
2.013 Purple Rough
2.019 Silver Rough
2.030 Pink Smooth
2.050 Pink Smooth
2.062 Yellow Wavy
2.066 Purple Soft
2.068 Azure Raw
2.073 White Soft
2.078 Brown Soft
2.101 Silver Wavy
2.103 Pink Raw
2.111 Pink Wavy
2.117 Silver Raw
2.134 Purple Rough
2.149 Cyan Soft
2.176 Silver Wavy
2.177 Azure Smooth
2.180 Azure Smooth
2.182 Violet Smooth
2.193 Lime Smooth
2.208 Lime Soft
2.214 Brown Smooth
2.218 Pink Wavy
2.232 Salmon Wavy
2.251 Red Wavy
2.271 Silver Rough
2.281 Pink Rough
2.289 Yellow Raw
2.291 Yellow Soft
2.314 Pink Soft
2.322 Crimson Wavy
2.325 Yellow Soft
2.341 Crimson Rough
2.349 Crimson Wavy
2.388 Azure Raw
2.396 Lime Wavy
2.413 Crimson Raw
2.437 Gray Wavy
2.442 Gray Smooth
2.473 Crimson Raw
2.478 Azure Raw
2.481 Red Wavy
2.488 Pink Smooth
2.500 Brown Rough
2.509 Red Smooth
2.515 Brown Raw
2.529 Orange Raw
2.535 Red Smooth
2.540 Silver Smooth
2.557 Yellow Rough
2.572 Orange Wavy
2.590 Lime Raw
2.597 Brown Raw
2.618 Orange Raw
2.620 Crimson Wavy
2.628 Orange Soft
2.630 Lime Smooth
2.644 Red Smooth
2.653 Violet Wavy
2.669 Pink Wavy
2.671 Gray Smooth
2.673 Pink Smooth
2.676 Brown Raw
2.683 Magenta Smooth
2.717 Azure Smooth
2.725 Yellow Rough
2.738 Purple Raw
2.751 White Wavy
2.762 Lime Soft
2.772 Magenta Raw
2.777 Lime Rough
2.779 Yellow Smooth
2.783 Azure Smooth
2.787 Orange Soft
2.802 Pink Wavy
2.813 Violet Raw
2.822 Azure Smooth
2.823 Azure Wavy
2.858 Silver Soft
2.861 Cyan Wavy
2.868 Brown Soft
2.877 Crimson Smooth
2.891 Magenta Raw
2.900 Salmon Soft
2.928 Cyan Smooth
2.932 Brown Rough
2.933 Lime Soft
2.941 Cyan Soft
2.946 Orange Raw
2.961 Gray Smooth
2.969 Azure Smooth
2.977 Cyan Soft
2.985 Salmon Smooth
3.002 Azure Rough
3.005 Salmon Smooth
3.007 Magenta Smooth
3.012 Yellow Smooth
3.013 Purple Soft
3.014 Magenta Wavy
3.018 Cyan Raw
3.025 Lime Smooth
3.052 Orange Rough
3.069 Azure Smooth
3.074 Yellow Soft
3.081 Silver Smooth
3.111 Purple Wavy
3.118 Pink Raw
3.126 Violet Wavy
3.165 Azure Wavy
3.166 Salmon Smooth
3.180 Crimson Wavy
3.188 Gray Smooth
3.191 Lime Rough
3.194 Silver Raw
3.201 Purple Rough
3.213 Pink Rough
3.217 Silver Smooth
3.219 Lime Wavy
3.221 Pink Wavy
3.225 Yellow Smooth
3.235 Cyan Soft
3.236 Brown Raw
3.240 Magenta Wavy
3.258 Cyan Wavy
3.270 Pink Rough
3.271 Crimson Soft
3.300 Brown Soft
3.326 Purple Raw
3.328 Red Wavy
3.333 Magenta Rough
3.361 Salmon Raw
3.366 Salmon Rough
3.370 Red Smooth
3.371 Cyan Smooth
3.379 Crimson Raw
3.386 Magenta Smooth
3.389 Pink Smooth
3.425 Silver Soft
3.439 Azure Smooth
3.453 Azure Soft
3.459 Salmon Soft
3.461 Azure Soft
3.473 Cyan Smooth
3.477 Cyan Raw
3.486 White Rough
3.503 Lime Rough
3.505 White Rough
3.509 Pink Raw
3.518 Pink Raw
3.536 Cyan Soft
3.539 Yellow Raw
3.542 Silver Wavy
3.554 Brown Soft
3.555 Brown Smooth
3.557 Purple Wavy
3.563 Purple Raw
3.577 Purple Rough
3.580 Brown Smooth
3.596 Orange Smooth
3.597 Red Wavy
3.606 Violet Wavy
3.623 Crimson Wavy
3.624 Orange Raw
3.626 Cyan Smooth
3.655 Purple Raw
3.656 Yellow Soft
3.664 Azure Wavy
3.668 Crimson Rough
3.672 Cyan Raw
3.703 Crimson Raw
3.718 Pink Wavy
3.725 Magenta Rough
3.744 Pink Raw
3.750 Brown Raw
3.754 Pink Rough
3.758 Orange Rough
3.773 Yellow Wavy
3.791 Red Wavy
3.799 Silver Smooth
3.816 Brown Raw
3.827 Violet Rough
3.836 Crimson Soft
3.841 Azure Wavy
3.845 Orange Soft
3.848 Yellow Rough
3.849 Silver Soft
3.863 White Soft
3.873 Cyan Smooth
3.882 Red Rough
3.888 Brown Raw
3.890 Red Raw
3.896 Lime Wavy
3.917 Purple Soft
3.922 Magenta Soft
3.929 Silver Raw
3.931 Salmon Smooth
3.934 Azure Wavy
3.941 Magenta Smooth
3.943 Pink Raw
3.950 Azure Rough
3.955 Salmon Rough
3.968 Pink Wavy
3.974 Pink Wavy
3.977 Cyan Smooth
3.986 Azure Wavy
3.996 Orange Raw
3.998 Crimson Soft
4.018 Pink Wavy
4.021 Crimson Soft
4.023 Brown Raw
4.024 Yellow Smooth
4.034 Pink Rough
4.042 Magenta Smooth
4.065 Orange Wavy
4.069 Pink Smooth
4.076 Magenta Smooth
4.099 Brown Smooth
4.101 Yellow Soft
4.105 Gray Smooth
4.112 White Smooth
4.142 Violet Rough
4.145 Red Rough
4.150 Salmon Soft
4.173 Orange Soft
4.196 Crimson Raw
4.202 Silver Rough
4.223 Gray Raw
4.239 Crimson Smooth
4.258 Gray Soft
4.268 Lime Raw
4.273 Yellow Smooth
4.277 Gray Rough
4.282 Silver Smooth
4.294 Lime Rough
4.319 Brown Raw
4.322 Purple Smooth
4.323 Crimson Raw
4.334 Red Smooth
4.347 Red Smooth
4.388 Azure Wavy
4.394 Violet Raw
4.413 Purple Raw
4.416 Crimson Wavy
4.429 Orange Smooth
4.433 Azure Wavy
4.437 Violet Rough
4.442 White Wavy
4.443 Pink Soft
4.452 Azure Rough
4.458 Cyan Raw
4.461 Lime Smooth
4.502 Cyan Rough
4.504 Pink Soft
4.523 Yellow Wavy
4.538 Yellow Soft
4.551 Purple Smooth
4.572 Magenta Raw
4.573 Pink Rough
4.575 Purple Rough
4.594 Gray Rough
4.600 Silver Raw
4.615 Salmon Smooth
4.625 White Soft
4.674 Orange Soft
4.707 Magenta Wavy
4.715 Salmon Raw
4.719 Pink Soft
4.722 Violet Wavy
4.739 Violet Wavy
4.790 Azure Rough
4.796 Cyan Smooth
4.839 Orange Soft
4.862 Gray Rough
4.873 Salmon Rough
4.885 Magenta Soft
4.888 Silver Rough
4.907 Gray Wavy
4.916 Violet Rough
4.921 Crimson Raw
4.928 Magenta Raw
4.929 Red Raw
4.938 Purple Soft
4.955 Cyan Soft
4.960 Gray Wavy
4.962 Azure Wavy
4.964 Red Rough
4.972 White Smooth
4.982 Cyan Wavy
4.995 Azure Rough
5.000 Pink Wavy
5.001 Violet Smooth
5.023 Azure Wavy
5.058 White Smooth
5.068 Purple Smooth
5.070 Orange Soft
5.095 Magenta Raw
5.102 Magenta Raw
5.112 Violet Wavy
5.114 Violet Raw
5.115 Gray Rough
5.135 Salmon Wavy
5.136 Azure Rough
5.165 Orange Rough
5.172 Salmon Soft
5.174 Crimson Smooth
5.184 Salmon Soft
5.187 Yellow Smooth
5.193 Red Soft
5.208 Crimson Wavy
5.223 Cyan Wavy
5.233 Silver Smooth
5.240 Red Wavy
5.252 Red Soft
5.253 White Smooth
5.256 Crimson Soft
5.287 Purple Raw
5.318 Salmon Smooth
5.344 Cyan Raw
5.350 Magenta Wavy
5.379 White Smooth
5.389 Crimson Raw
5.393 Silver Wavy
5.401 Orange Wavy
5.403 Gray Soft
5.439 Gray Raw
5.440 Yellow Rough
5.455 Gray Raw
5.456 Purple Wavy
5.460 Yellow Raw
5.476 Pink Raw
5.493 Purple Wavy
5.506 Salmon Rough
5.515 Red Smooth
5.523 Cyan Soft
5.530 Purple Soft
5.541 Crimson Rough
5.548 Yellow Soft
5.567 White Raw
5.573 Lime Soft
5.585 Crimson Raw
5.588 Lime Wavy
5.604 Yellow Soft
5.610 Gray Wavy
5.614 Brown Wavy
5.621 Lime Smooth
5.633 Cyan Smooth
5.660 Salmon Wavy
5.668 Lime Smooth
5.674 Purple Raw
5.713 Yellow Rough
5.717 Orange Soft
5.729 Red Soft
5.735 Crimson Raw
5.753 Lime Rough
5.766 Purple Raw
5.776 Violet Soft
5.780 Silver Raw
5.791 Gray Wavy
5.809 Yellow Raw
5.820 Red Raw
5.848 Gray Smooth
5.859 Azure Smooth
5.872 Yellow Wavy
5.879 Azure Soft
5.883 Pink Wavy
5.923 Orange Raw
5.938 Orange Soft
5.947 Crimson Wavy
5.961 Pink Rough
5.966 Salmon Wavy
5.974 Red Raw
5.993 Purple Smooth
5.994 Brown Smooth
6.007 Brown Wavy
6.009 Lime Raw
6.023 Cyan Soft
6.025 Gray Raw
6.043 Azure Rough
6.045 Azure Wavy
6.055 Cyan Raw
6.086 Yellow Raw
6.102 Purple Rough
6.114 Crimson Rough
6.131 Red Rough
6.136 Brown Wavy
6.143 Gray Wavy
6.145 White Rough
6.148 Orange Soft
6.151 White Wavy
6.170 Azure Rough
6.174 Yellow Raw
6.175 Magenta Raw
6.184 Violet Raw
6.186 Magenta Raw
6.199 Pink Smooth
6.206 White Raw
6.209 Purple Soft
6.210 Brown Soft
6.214 Brown Raw
6.229 Yellow Soft
6.233 Red Rough
6.237 Violet Rough
6.238 Cyan Wavy
6.240 White Raw
6.244 Cyan Raw
6.259 Silver Wavy
6.290 Yellow Soft
6.305 Salmon Raw
6.315 Crimson Raw
6.321 Azure Wavy
6.324 Orange Soft
6.331 Magenta Smooth
6.338 Magenta Smooth
6.346 Brown Smooth
6.348 Cyan Rough
6.351 Purple Soft
6.353 Crimson Smooth
6.354 White Soft
6.357 Silver Soft
6.362 Salmon Raw
6.367 Orange Raw
6.368 Azure Soft
6.381 Silver Raw
6.389 Purple Soft
6.396 Pink Wavy
6.397 Lime Raw
6.400 Purple Raw
6.401 Orange Soft
6.407 Salmon Raw
6.422 Orange Smooth
6.426 Pink Wavy
6.450 Salmon Smooth
6.466 White Raw
6.468 Yellow Raw
6.471 White Raw
6.473 Silver Raw
6.477 Purple Soft
6.480 Pink Rough
6.489 Purple Smooth
6.490 Silver Smooth
6.503 Silver Smooth
6.511 Magenta Soft
6.515 Azure Raw
6.520 Cyan Raw
6.528 Violet Rough
6.534 Azure Rough
6.539 Cyan Smooth
6.540 Silver Raw
6.566 Orange Smooth
6.576 White Soft
6.582 Violet Soft
6.583 Brown Raw
6.605 Gray Wavy
6.613 Yellow Rough
6.614 Brown Wavy
6.623 Gray Smooth
6.631 Magenta Smooth
6.649 Gray Rough
6.700 Lime Raw
6.702 Salmon Raw
6.713 Purple Wavy
6.741 Brown Soft
6.745 Orange Smooth
6.759 Red Wavy
6.770 Orange Soft
6.771 White Soft
6.787 Lime Wavy
6.789 Magenta Soft
6.790 Red Rough
6.791 Gray Raw
6.802 Salmon Smooth
6.804 Lime Rough
6.827 White Soft
6.832 Azure Rough
6.847 Violet Rough
6.848 Brown Wavy
6.861 Red Smooth
6.866 Azure Smooth
6.872 Lime Smooth
6.894 Pink Soft
6.895 Silver Wavy
6.907 Silver Soft
6.910 Orange Raw
6.933 Cyan Soft
6.938 Lime Wavy
6.952 Yellow Wavy
6.973 Cyan Raw
6.979 Pink Wavy
6.983 Pink Rough
6.997 Yellow Rough
7.004 Red Smooth
7.005 Silver Raw
7.009 Orange Raw
7.014 White Raw
7.020 Silver Raw
7.033 Red Rough
7.037 Purple Raw
7.043 Lime Smooth
7.067 White Rough
7.068 Azure Smooth
7.082 Cyan Wavy
7.092 White Soft
7.105 Silver Wavy
7.108 Crimson Rough
7.129 White Raw
7.151 Magenta Soft
7.157 Salmon Raw
7.172 Silver Soft
7.173 Salmon Soft
7.175 Azure Wavy
7.178 Crimson Raw
7.187 Gray Smooth
7.190 Gray Raw
7.204 Purple Soft
7.217 White Soft
7.227 White Rough
7.238 Pink Smooth
7.253 Purple Smooth
7.260 Azure Wavy
7.264 Salmon Rough
7.273 Salmon Soft
7.281 Silver Soft
7.284 Yellow Rough
7.308 White Smooth
7.316 Pink Raw
7.322 Crimson Smooth
7.327 Red Soft
7.330 Magenta Raw
7.337 Brown Smooth
7.340 White Wavy
7.346 Pink Soft
7.359 Brown Wavy
7.363 Gray Soft
7.364 Brown Rough
7.369 Azure Rough
7.405 Pink Soft
7.409 Purple Raw
7.410 Salmon Rough
7.415 Violet Wavy
7.418 Red Wavy
7.439 Yellow Soft
7.449 Orange Wavy
7.450 Cyan Raw
7.469 Crimson Raw
7.480 Pink Rough
7.487 Lime Raw
7.508 Purple Rough
7.511 Gray Wavy
7.517 Gray Rough
7.524 Azure Raw
7.538 Red Soft
7.554 Violet Smooth
7.560 Yellow Soft
7.567 Cyan Rough
7.600 Magenta Raw
7.601 Orange Soft
7.604 Purple Rough
7.608 Red Wavy
7.611 Magenta Smooth
7.613 Yellow Raw
7.621 Purple Wavy
7.625 Salmon Wavy
7.634 Brown Soft
7.635 Lime Rough
7.658 Yellow Rough
7.660 Red Soft
7.683 Yellow Soft
7.720 Violet Rough
7.727 Orange Smooth
7.731 Crimson Raw
7.743 Gray Raw
7.772 Cyan Smooth
7.791 Brown Smooth
7.798 Yellow Rough
7.816 Crimson Soft
7.819 Violet Rough
7.868 Purple Rough
7.881 Red Raw
7.888 Pink Rough
7.902 Purple Raw
7.903 Red Raw
7.912 Gray Smooth
7.921 Yellow Rough
7.932 Azure Smooth
7.939 Brown Smooth
7.944 Violet Smooth
7.957 Orange Smooth
7.964 Lime Soft
7.965 Lime Wavy
7.969 Cyan Wavy
7.981 Pink Raw
7.984 White Raw
7.985 Red Smooth
7.999 Violet Soft
8.024 Gray Raw
8.027 Salmon Smooth
8.033 Pink Soft
8.034 Purple Smooth
8.036 Salmon Wavy
8.048 Pink Rough
8.060 Magenta Rough
8.061 Violet Smooth
8.068 Cyan Soft
8.075 Azure Smooth
8.078 Pink Wavy
8.106 Orange Smooth
8.110 Crimson Rough
8.112 Salmon Rough
8.113 Crimson Raw
8.129 Yellow Smooth
8.142 Azure Soft
8.147 Silver Wavy
8.166 Azure Rough
8.174 Gray Smooth
8.176 Cyan Soft
8.191 Crimson Wavy
8.269 Yellow Rough
8.276 Pink Soft
8.288 Crimson Raw
8.307 Orange Rough
8.310 Cyan Soft
8.317 Brown Soft
8.325 Magenta Rough
8.327 Pink Wavy
8.342 Orange Soft
8.351 Brown Soft
8.356 Brown Wavy
8.368 Brown Raw
8.371 Gray Raw
8.374 Violet Soft
8.378 Crimson Wavy
8.401 Magenta Raw
8.404 Red Smooth
8.409 Gray Wavy
8.415 Salmon Rough
8.416 Cyan Raw
8.432 Silver Soft
8.441 Orange Smooth
8.442 Yellow Rough
8.461 Crimson Wavy
8.465 White Wavy
8.474 Orange Rough
8.476 Azure Soft
8.504 White Wavy
8.512 Red Raw
8.514 White Soft
8.520 Orange Wavy
8.523 Magenta Soft
8.524 Yellow Smooth
8.544 Yellow Raw
8.548 Red Rough
8.569 Cyan Soft
8.574 Pink Soft
8.582 Orange Raw
8.613 Purple Rough
8.618 Purple Rough
8.624 Orange Smooth
8.626 Silver Wavy
8.631 White Rough
8.638 Yellow Raw
8.639 Orange Rough
8.651 Brown Rough
8.666 White Smooth
8.682 Violet Wavy
8.690 Brown Smooth
8.692 Violet Raw
8.698 Red Wavy
8.699 Cyan Raw
8.714 Crimson Smooth
8.715 Cyan Soft
8.721 Gray Soft
8.726 Violet Soft
8.728 Lime Rough
8.741 Azure Raw
8.753 Salmon Wavy
8.755 Purple Wavy
8.757 Pink Wavy
8.774 Gray Rough
8.785 Cyan Smooth
8.802 Magenta Wavy
8.820 Lime Raw
8.841 Yellow Soft
8.843 Salmon Rough
8.847 Pink Smooth
8.853 Brown Wavy
8.860 Salmon Rough
8.867 Pink Wavy
8.869 Salmon Rough
8.875 Violet Rough
8.882 Orange Rough
8.904 White Smooth
8.919 Violet Soft
8.921 Gray Wavy
8.932 Gray Wavy
8.950 Azure Soft
8.951 Brown Raw
8.954 Purple Wavy
8.958 Gray Raw
8.969 Magenta Smooth
8.971 Crimson Rough
8.983 Brown Soft
8.993 Red Smooth
8.998 Orange Rough
9.018 Yellow Raw
9.029 Violet Smooth
9.054 Orange Wavy
9.058 Brown Rough
9.063 Yellow Raw
9.070 Pink Smooth
9.096 Gray Wavy
9.097 Crimson Rough
9.122 Orange Smooth
9.136 Purple Smooth
9.141 White Soft
9.154 Gray Smooth
9.171 Brown Rough
9.195 Gray Soft
9.196 Red Rough
9.210 Orange Raw
9.213 Cyan Smooth
9.250 Lime Wavy
9.253 Salmon Soft
9.272 Violet Soft
9.280 Gray Raw
9.281 Gray Soft
9.296 Crimson Raw
9.334 Purple Soft
9.342 Pink Smooth
9.350 Azure Raw
9.355 White Rough
9.365 Cyan Smooth
9.370 Silver Soft
9.398 Salmon Soft
9.418 Purple Raw
9.423 Lime Rough
9.459 Violet Rough
9.460 White Wavy
9.461 White Rough
9.465 Yellow Smooth
9.468 Yellow Raw
9.487 Yellow Smooth
9.499 Yellow Wavy
9.510 Magenta Raw
9.521 Cyan Wavy
9.539 White Wavy
9.543 Gray Rough
9.545 Azure Smooth
9.546 Azure Smooth
9.559 Cyan Wavy
9.573 Red Smooth
9.578 Red Smooth
9.602 Azure Raw
9.610 Pink Wavy
9.628 Violet Wavy
9.634 Azure Rough
9.647 Crimson Smooth
9.655 Crimson Smooth
9.678 Pink Wavy
9.688 Crimson Smooth
9.707 Silver Soft
9.708 Gray Rough
9.712 Purple Soft
9.714 Silver Smooth
9.751 Lime Wavy
9.754 Brown Soft
9.756 Pink Wavy
9.764 Orange Soft
9.767 Violet Raw
9.769 Violet Soft
9.771 Crimson Rough
9.773 Silver Smooth
9.775 Orange Soft
9.786 Pink Smooth
9.811 Yellow Smooth
9.817 Crimson Rough
9.838 Brown Raw
9.848 Magenta Raw
9.849 Violet Rough
9.858 Azure Smooth
9.864 Crimson Smooth
9.868 Salmon Rough
9.873 Salmon Smooth
9.886 Brown Smooth
9.889 Orange Soft
9.911 Violet Soft
9.927 Crimson Smooth
9.928 Violet Rough
9.940 Yellow Soft
9.942 Purple Rough
9.998 Lime Rough
9.999 Salmon Wavy
10.020 Violet Rough
10.044 Gray Wavy
10.071 Crimson Smooth
10.074 Lime Raw
10.075 Purple Raw
10.083 Orange Rough
10.088 Purple Soft
10.094 Orange Wavy
10.113 Brown Soft
10.116 White Smooth
10.129 Azure Raw
10.134 Orange Wavy
10.150 Yellow Wavy
10.166 Orange Wavy
10.174 Yellow Raw
10.184 Azure Rough
10.186 Silver Wavy
10.191 White Wavy
10.209 Purple Rough
10.220 Cyan Raw
10.221 Cyan Wavy
10.225 Magenta Rough
10.226 Red Wavy
10.235 Pink Rough
10.244 Yellow Soft
10.247 Red Smooth
10.248 Crimson Wavy
10.261 Red Soft
10.268 Purple Raw
10.269 Gray Soft
10.270 Lime Raw
10.299 Brown Soft
10.302 Pink Raw
10.305 Silver Soft
10.314 Lime Smooth
10.343 Violet Rough
10.355 Violet Smooth
10.369 Red Raw
10.370 Orange Raw
10.378 White Soft
10.391 Violet Rough
10.398 Pink Soft
10.403 Cyan Wavy
10.408 Pink Smooth
10.411 Gray Raw
10.423 Yellow Smooth
10.449 Lime Rough
10.475 Magenta Rough
10.476 Pink Wavy
10.489 Lime Rough
10.506 Red Soft
10.508 Brown Wavy
10.515 White Wavy
10.526 Magenta Soft
10.537 Brown Soft
10.540 Red Soft
10.558 Brown Raw
10.561 Red Soft
10.579 Pink Rough
10.587 Red Rough
10.603 Azure Smooth
10.604 Gray Soft
10.606 Pink Wavy
10.613 Purple Wavy
10.634 Azure Raw
10.648 White Soft
10.658 White Rough
10.664 White Wavy
10.700 Silver Wavy
10.709 Purple Smooth
10.718 Azure Rough
10.725 Salmon Raw
10.726 Purple Soft
10.736 Orange Rough
10.742 Crimson Wavy
10.745 White Rough
10.750 Red Rough
10.753 White Smooth
10.756 Violet Smooth
10.762 White Wavy
10.763 Salmon Raw
10.772 Magenta Wavy
10.776 Crimson Rough
10.777 Pink Raw
10.805 White Raw
10.824 Gray Smooth
10.830 Purple Wavy
10.836 Violet Soft
10.842 Brown Wavy
10.843 White Soft
10.844 White Wavy
10.849 Crimson Rough
10.853 Brown Soft
10.864 Salmon Raw
10.868 Violet Rough
10.872 Magenta Raw
10.909 Orange Wavy
10.922 Violet Soft
10.958 Magenta Raw
10.985 Brown Smooth
10.990 Pink Wavy
10.996 Magenta Wavy
11.013 Silver Raw
11.015 Violet Soft
11.029 Red Smooth
11.030 Orange Wavy
11.073 Crimson Wavy
11.092 Gray Raw
11.108 Brown Soft
11.110 Brown Rough
11.112 Gray Rough
11.127 Gray Wavy
11.159 Red Soft
11.160 Salmon Soft
11.178 Silver Smooth
11.191 Purple Rough
11.194 Violet Wavy
11.195 Lime Smooth
11.196 Red Rough
11.197 Brown Rough
11.213 Cyan Soft
11.214 Azure Smooth
11.228 Brown Wavy
11.231 Cyan Rough
11.234 Red Raw
11.244 Brown Smooth
11.253 Purple Rough
11.261 Azure Wavy
11.272 Pink Soft
11.281 Magenta Smooth
11.302 White Rough
11.306 Yellow Wavy
11.319 Azure Smooth
11.327 Brown Soft
11.343 Pink Raw
11.350 Lime Smooth
11.357 Azure Wavy
11.375 Cyan Rough
11.377 Cyan Raw
11.393 White Raw
11.395 Yellow Smooth
11.397 Orange Soft
11.398 Lime Raw
11.421 Violet Smooth
11.453 Azure Wavy
11.498 White Rough
11.506 Pink Smooth
11.516 Violet Wavy
11.530 Purple Smooth
11.534 Orange Rough
11.545 Cyan Smooth
11.546 Silver Soft
11.564 Red Soft
11.574 Brown Raw
11.578 Purple Rough
11.593 Purple Smooth
11.594 White Raw
11.602 Purple Raw
11.612 White Rough
11.616 Violet Rough
11.627 Red Wavy
11.647 Lime Raw
11.657 Silver Rough
11.658 Crimson Soft
11.661 Pink Soft
11.687 Violet Wavy
11.688 Crimson Raw
11.689 Salmon Rough
11.707 Yellow Rough
11.770 Brown Smooth
11.772 Lime Smooth
11.801 Crimson Rough
11.826 Orange Soft
11.830 Cyan Wavy
11.845 Pink Wavy
11.846 Crimson Rough
11.849 Brown Rough
11.863 Orange Rough
11.869 Cyan Wavy
11.878 Azure Wavy
11.893 Yellow Rough
11.896 Azure Raw
11.908 Violet Wavy
11.912 Orange Rough
11.914 Azure Wavy
11.923 Lime Raw
11.924 Azure Rough
11.935 White Smooth
11.941 Silver Raw
11.944 Yellow Wavy
11.950 Azure Smooth
11.961 Red Wavy
11.999 Pink Wavy
12.018 Crimson Raw
12.024 Red Smooth
12.034 White Wavy
12.053 Purple Smooth
12.059 Pink Rough
12.060 Red Rough
12.064 Salmon Smooth
12.081 White Smooth
12.084 Magenta Raw
12.087 Azure Raw
12.089 Magenta Wavy
12.111 Red Smooth
12.147 Lime Smooth
12.156 Azure Wavy
12.162 Azure Raw
12.173 Violet Raw
12.179 Magenta Raw
12.183 Pink Soft
12.232 Orange Soft
12.234 Yellow Soft
12.236 Crimson Smooth
12.258 Yellow Soft
12.262 White Smooth
12.286 Lime Rough
12.287 Crimson Raw
12.299 Salmon Rough
12.321 Gray Wavy
12.323 Magenta Wavy
12.325 Pink Rough
12.339 Red Wavy
12.343 Purple Smooth
12.350 Cyan Rough
12.364 Violet Smooth
12.401 Azure Raw
12.404 Lime Raw
12.411 Violet Soft
12.415 Azure Smooth
12.431 Pink Soft
12.441 Magenta Rough
12.459 Pink Rough
12.461 Silver Smooth
12.467 Brown Soft
12.479 Orange Wavy
12.481 Salmon Smooth
12.482 Orange Wavy
12.483 Gray Soft
12.497 Orange Rough
12.500 Crimson Smooth
12.528 Magenta Wavy
12.531 Azure Soft
12.537 Gray Rough
12.538 Salmon Raw
12.546 Cyan Soft
12.557 Violet Smooth
12.581 Silver Wavy
12.603 Pink Smooth
12.605 Silver Soft
12.631 Gray Smooth
12.650 Cyan Raw
12.672 Cyan Smooth
12.687 Brown Raw
12.695 Cyan Smooth
12.717 Gray Rough
12.733 Cyan Rough
12.749 Azure Smooth
12.759 Salmon Smooth
12.780 Salmon Wavy
12.782 Brown Soft
12.783 Red Rough
12.793 White Soft
12.799 Gray Rough
12.804 Lime Wavy
12.823 Gray Soft
12.829 Gray Smooth
12.851 Crimson Raw
12.857 Gray Wavy
12.858 Pink Raw
12.865 Brown Rough
12.871 Violet Rough
12.877 Cyan Raw
12.902 Magenta Rough
12.910 Purple Soft
12.916 White Rough
12.947 Violet Rough
12.955 Gray Soft
12.956 Violet Rough
12.957 Purple Wavy
12.960 Pink Rough
13.001 Lime Rough
13.002 Pink Soft
13.006 Purple Rough
13.008 Salmon Soft
13.044 Lime Wavy
13.047 White Raw
13.064 Magenta Raw
13.071 Crimson Soft
13.095 Yellow Smooth
13.103 Pink Raw
13.119 Violet Rough
13.125 Purple Smooth
13.129 Crimson Wavy
13.148 Lime Rough
13.169 Yellow Rough
13.183 Yellow Soft
13.194 Crimson Wavy
13.216 Orange Wavy
13.221 Lime Soft
13.225 White Smooth
13.232 Red Smooth
13.238 Yellow Wavy
13.254 Lime Smooth
13.269 White Soft
13.322 Purple Rough
13.363 Yellow Rough
13.382 Purple Smooth
13.396 White Wavy
13.424 Azure Rough
13.438 Salmon Smooth
13.444 Brown Raw
13.460 White Smooth
13.487 Yellow Raw
13.489 Brown Rough
13.503 Cyan Raw
13.509 Red Soft
13.513 Gray Rough
13.515 Pink Smooth
13.522 Yellow Soft
13.529 Cyan Soft
13.533 Salmon Smooth
13.548 Pink Rough
13.559 Azure Raw
13.567 Magenta Wavy
13.569 Pink Rough
13.587 Violet Raw
13.593 Crimson Rough
13.594 Orange Raw
13.597 Azure Raw
13.598 Lime Smooth
13.606 Orange Wavy
13.620 Cyan Raw
13.623 Crimson Raw
13.632 White Soft
13.633 Cyan Smooth
13.640 Cyan Wavy
13.646 Purple Wavy
13.653 Silver Smooth
13.657 Azure Raw
13.662 Azure Raw
13.664 Magenta Soft
13.681 Azure Wavy
13.693 Salmon Raw
13.702 White Soft
13.718 Brown Raw
13.726 Purple Smooth
13.727 Pink Rough
13.730 Brown Soft
13.738 Cyan Soft
13.776 Gray Smooth
13.815 Orange Soft
13.831 Crimson Soft
13.850 Crimson Raw
13.860 Azure Wavy
13.866 Orange Soft
13.873 Gray Soft
13.874 Gray Raw
13.886 Purple Smooth
13.902 Purple Smooth
13.909 Red Wavy
13.913 Cyan Wavy
13.916 Crimson Soft
13.926 White Rough
13.931 White Smooth
13.938 Lime Raw
13.959 Cyan Rough
13.963 Red Wavy
13.966 Yellow Wavy
13.986 Orange Soft
14.006 Violet Raw
14.010 Orange Raw
14.016 Silver Wavy
14.019 White Smooth
14.058 Cyan Soft
14.083 Orange Soft
14.088 Cyan Raw
14.089 Lime Soft
14.096 Violet Rough
14.098 Yellow Smooth
14.112 Purple Rough
14.115 Red Rough
14.116 Red Rough
14.136 Pink Wavy
14.137 Purple Soft
14.138 Azure Raw
14.140 Azure Soft
14.141 Pink Raw
14.163 Silver Smooth
14.170 Silver Wavy
14.180 White Rough
14.187 Crimson Rough
14.189 Silver Soft
14.207 Orange Raw
14.213 Crimson Smooth
14.221 Lime Raw
14.250 Magenta Rough
14.271 Salmon Raw
14.274 Violet Raw
14.280 White Soft
14.286 Salmon Raw
14.323 Purple Rough
14.368 Brown Wavy
14.374 Orange Soft
14.382 Crimson Soft
14.389 Salmon Wavy
14.395 Crimson Raw
14.397 Purple Wavy
14.413 Yellow Raw
14.442 Salmon Soft
14.446 Gray Smooth
14.448 Lime Rough
14.454 White Wavy
14.473 Pink Wavy
14.475 White Wavy
14.481 Gray Smooth
14.488 Lime Rough
14.506 Azure Smooth
14.511 Azure Soft
14.520 Pink Smooth
14.533 Cyan Raw
14.545 White Soft
14.560 Yellow Wavy
14.565 Magenta Soft
14.571 Orange Smooth
14.585 Red Smooth
14.590 Yellow Rough
14.591 Silver Raw
14.592 Gray Wavy
14.608 Crimson Rough
14.617 Red Rough
14.622 Pink Wavy
14.632 Gray Wavy
14.640 Salmon Smooth
14.641 Cyan Soft
14.642 Crimson Rough
14.671 Yellow Wavy
14.674 Pink Raw
14.678 Violet Soft
14.684 Yellow Smooth
14.686 Cyan Smooth
14.692 Gray Soft
14.702 Brown Wavy
14.708 Cyan Smooth
14.734 Purple Wavy
14.735 Magenta Wavy
14.748 Gray Smooth
14.771 Yellow Wavy
14.776 Magenta Rough
14.784 Lime Smooth
14.786 Crimson Rough
14.792 Silver Smooth
14.797 Magenta Soft
14.798 Magenta Wavy
14.801 Yellow Smooth
14.807 Pink Rough
14.829 Purple Soft
14.831 Cyan Rough
14.875 White Soft
14.889 Salmon Wavy
14.890 Silver Wavy
14.902 Salmon Soft
14.904 Orange Raw
14.905 Red Smooth
14.916 Crimson Rough
14.922 Violet Soft
14.928 Yellow Wavy
14.930 Silver Wavy
14.938 Yellow Soft
14.940 Salmon Rough
14.954 White Smooth
14.957 Red Smooth
14.963 Violet Raw
14.966 Red Raw
14.978 Magenta Rough
14.992 Crimson Rough
14.995 Yellow Smooth
15.008 Gray Rough
15.018 Red Raw
15.019 Pink Wavy
15.022 Red Soft
15.026 Azure Rough
15.070 Gray Rough
15.085 Crimson Raw
15.105 White Raw
15.115 Salmon Raw
15.136 Red Wavy
15.137 Cyan Smooth
15.141 Gray Rough
15.142 Crimson Wavy
15.150 Silver Wavy
15.155 Cyan Rough
15.161 Pink Wavy
15.163 Gray Raw
15.166 White Smooth
15.167 Crimson Smooth
15.227 Crimson Raw
15.229 Silver Smooth
15.234 Violet Rough
15.238 Brown Soft
15.245 White Smooth
15.250 Silver Raw
15.254 White Rough
15.257 Yellow Rough
15.264 Salmon Raw
15.283 Azure Raw
15.292 Gray Soft
15.308 Gray Soft
15.313 Magenta Raw
15.318 Orange Raw
15.328 Yellow Wavy
15.345 Lime Soft
15.352 Yellow Soft
15.361 Pink Rough
15.364 Yellow Rough
15.388 Magenta Rough
15.399 Crimson Rough
15.408 White Smooth
15.411 Silver Wavy
15.442 Yellow Wavy
15.453 Magenta Wavy
15.459 Violet Rough
15.464 Salmon Wavy
15.466 Brown Raw
15.468 Cyan Rough
15.480 Crimson Soft
15.492 White Rough
15.499 Azure Rough
15.500 Gray Soft
15.505 Brown Smooth
15.511 Brown Raw
15.513 Lime Smooth
15.520 Yellow Soft
15.540 Lime Rough
15.558 Gray Smooth
15.587 Azure Wavy
15.605 Salmon Soft
15.614 Silver Soft
15.623 Orange Wavy
15.632 Azure Wavy
15.637 Magenta Wavy
15.641 Orange Wavy
15.646 Salmon Smooth
15.647 Cyan Wavy
15.648 Violet Wavy
15.651 Magenta Raw
15.655 Purple Smooth
15.660 Pink Wavy
15.677 Magenta Rough
15.682 Salmon Rough
15.692 Brown Wavy
15.697 Silver Soft
15.700 White Raw
15.713 Red Smooth
15.716 Violet Raw
15.735 Crimson Soft
15.737 Brown Soft
15.739 White Rough
15.750 Lime Raw
15.751 Silver Soft
15.755 Crimson Soft
15.757 Silver Wavy
15.759 Silver Raw
15.760 Silver Wavy
15.782 Pink Raw
15.784 Lime Rough
15.798 Azure Rough
15.804 Salmon Wavy
15.811 Yellow Soft
15.815 Azure Smooth
15.822 Gray Soft
15.834 Yellow Smooth
15.851 Yellow Smooth
15.855 Purple Soft
15.857 Brown Rough
15.858 White Wavy
15.871 Crimson Smooth
15.884 Violet Smooth
15.886 Yellow Smooth
15.889 Violet Rough
15.893 Silver Soft
15.901 Orange Soft
15.906 Cyan Soft
15.928 Azure Smooth
15.940 White Raw
15.946 Purple Soft
15.954 Gray Soft
15.961 Pink Wavy
15.971 Violet Smooth
15.989 Yellow Raw
16.014 Pink Rough
16.055 Salmon Soft
16.069 Brown Rough
16.076 Orange Soft
16.084 White Smooth
16.113 Pink Rough
16.114 Brown Wavy
16.124 Red Soft
16.144 Cyan Wavy
16.147 Cyan Raw
16.153 Magenta Wavy
16.154 Pink Smooth
16.170 Azure Smooth
16.177 Red Rough
16.178 Azure Rough
16.187 Purple Rough
16.192 Pink Wavy
16.195 Silver Rough
16.201 Azure Wavy
16.203 Crimson Raw
16.214 Silver Smooth
16.225 Silver Wavy
16.228 White Soft
16.250 Gray Wavy
16.251 Violet Raw
16.272 Gray Raw
16.281 Salmon Rough
16.284 Gray Raw
16.293 Violet Wavy
16.299 Lime Soft
16.312 Purple Rough
16.318 Gray Smooth
16.343 Crimson Raw
16.346 White Wavy
16.351 Yellow Wavy
16.352 Lime Raw
16.354 Gray Raw
16.356 Silver Soft
16.361 Silver Smooth
16.364 Gray Rough
16.380 Salmon Raw
16.389 Crimson Raw
16.393 Brown Soft
16.411 Lime Soft
16.412 Yellow Raw
16.453 Purple Rough
16.476 Crimson Raw
16.495 Lime Smooth
16.497 Pink Wavy
16.527 Orange Soft
16.557 Lime Raw
16.569 Orange Smooth
16.570 Azure Raw
16.580 Azure Smooth
16.595 Pink Rough
16.600 Purple Smooth
16.605 Crimson Soft
16.612 Azure Soft
16.614 Azure Rough
16.623 Gray Raw
16.627 Magenta Raw
16.629 Red Wavy
16.646 Azure Rough
16.650 White Soft
16.658 Purple Raw
16.662 Brown Smooth
16.663 Silver Soft
16.671 Salmon Rough
16.685 Azure Smooth
16.701 Lime Wavy
16.709 Pink Rough
16.712 Gray Rough
16.715 Cyan Raw
16.733 Orange Raw
16.744 Silver Raw
16.748 Magenta Smooth
16.758 Yellow Raw
16.760 Red Soft
16.783 Gray Smooth
16.836 Azure Wavy
16.849 Silver Wavy
16.850 Brown Soft
16.854 Yellow Wavy
16.866 White Raw
16.868 Pink Raw
16.884 Pink Smooth
16.888 Lime Smooth
16.900 Azure Wavy
16.904 Azure Smooth
16.909 Gray Soft
16.919 Crimson Soft
16.923 Pink Raw
16.925 Orange Rough
16.938 White Raw
16.940 Cyan Soft
16.952 Red Raw
16.967 Magenta Smooth
16.975 Purple Wavy
16.976 Orange Soft
17.001 Pink Smooth
17.010 Orange Rough
17.014 White Wavy
17.016 Pink Rough
17.022 Red Soft
17.028 Lime Soft
17.030 Yellow Wavy
17.041 Silver Soft
17.078 Crimson Soft
17.091 White Smooth
17.096 Azure Wavy
17.098 Orange Soft
17.105 Gray Soft
17.119 Brown Rough
17.120 Violet Raw
17.121 Yellow Wavy
17.127 Magenta Wavy
17.128 Purple Smooth
17.143 Violet Soft
17.147 White Raw
17.151 Violet Soft
17.176 Brown Rough
17.187 Red Raw
17.190 Red Rough
17.195 Silver Wavy
17.224 White Smooth
17.226 White Smooth
17.227 Yellow Wavy
17.248 Gray Raw
17.252 Silver Wavy
17.256 White Soft
17.271 Violet Smooth
17.294 Magenta Soft
17.295 Lime Rough
17.299 Pink Raw
17.300 Silver Wavy
17.308 Gray Raw
17.310 Salmon Smooth
17.314 Magenta Raw
17.347 Violet Smooth
17.353 White Wavy
17.355 White Rough
17.378 Lime Smooth
17.380 Orange Soft
17.388 Red Rough
17.392 Brown Wavy
17.404 Gray Soft
17.405 White Rough
17.407 Violet Rough
17.423 Gray Soft
17.431 Azure Wavy
17.433 Violet Soft
17.437 Crimson Soft
17.440 White Rough
17.466 Red Soft
17.470 Red Smooth
17.486 Crimson Smooth
17.502 Cyan Raw
17.517 Salmon Soft
17.521 Crimson Raw
17.523 Orange Smooth
17.533 Brown Smooth
17.544 Purple Wavy
17.546 Azure Rough
17.559 Crimson Rough
17.560 Salmon Smooth
17.561 Brown Rough
17.571 Cyan Smooth
17.575 Azure Rough
17.582 White Smooth
17.594 Silver Smooth
17.624 Magenta Smooth
17.632 Cyan Smooth
17.650 Violet Smooth
17.652 Salmon Smooth
17.654 Pink Rough
17.657 Red Soft
17.661 Yellow Rough
17.675 White Soft
17.690 Azure Wavy
17.692 Silver Rough
17.713 Cyan Rough
17.755 Red Smooth
17.760 Red Rough
17.763 Gray Rough
17.776 Azure Smooth
17.778 Cyan Raw
17.808 Cyan Raw
17.809 Brown Soft
17.810 Cyan Soft
17.814 Azure Rough
17.820 Gray Smooth
17.833 Orange Smooth
17.839 Gray Soft
17.854 Red Wavy
17.865 Crimson Rough
17.871 Silver Rough
17.901 Gray Raw
17.911 Brown Soft
17.928 Gray Rough
17.959 Crimson Rough
17.971 Crimson Rough
17.983 Azure Wavy
17.992 Cyan Soft
17.996 Salmon Rough
18.001 Crimson Rough
18.011 Violet Soft
18.014 Yellow Smooth
18.020 Azure Soft
18.046 Salmon Raw
18.052 Brown Rough
18.057 Salmon Wavy
18.060 Orange Soft
18.069 Salmon Rough
18.078 Red Raw
18.106 Yellow Raw
18.109 Yellow Soft
18.132 Crimson Rough
18.136 Pink Rough
18.138 Cyan Wavy
18.155 Pink Wavy
18.160 Gray Soft
18.170 Salmon Rough
18.177 Crimson Smooth
18.185 Salmon Smooth
18.198 Pink Wavy
18.217 Lime Smooth
18.226 Salmon Soft
18.239 Purple Wavy
18.244 Lime Wavy
18.261 Magenta Smooth
18.263 Silver Smooth
18.270 Pink Rough
18.271 Crimson Soft
18.278 Pink Rough
18.304 Cyan Rough
18.307 Magenta Rough
18.308 Silver Rough
18.310 Red Raw
18.367 Violet Soft
18.386 Brown Smooth
18.389 Brown Smooth
18.390 Orange Smooth
18.401 Magenta Wavy
18.404 Orange Raw
18.420 Magenta Smooth
18.434 White Wavy
18.435 Azure Wavy
18.441 Pink Raw
18.446 Azure Soft
18.453 Purple Smooth
18.461 Cyan Raw
18.469 Cyan Smooth
18.472 Orange Wavy
18.478 Lime Soft
18.480 Cyan Wavy
18.481 Cyan Raw
18.487 Salmon Raw
18.491 Lime Rough
18.493 Brown Smooth
18.498 Lime Smooth
18.517 Silver Rough
18.526 Azure Wavy
18.528 Cyan Soft
18.537 Yellow Wavy
18.545 Crimson Smooth
18.585 Magenta Raw
18.608 Cyan Rough
18.631 Orange Wavy
18.638 Salmon Rough
18.639 Violet Raw
18.703 Silver Rough
18.707 Salmon Raw
18.708 Gray Raw
18.711 Brown Soft
18.722 Purple Rough
18.737 Gray Soft
18.746 Red Raw
18.752 Gray Rough
18.799 Yellow Wavy
18.826 Red Smooth
18.832 Yellow Wavy
18.836 Red Raw
18.847 Red Soft
18.869 Purple Wavy
18.870 Yellow Wavy
18.885 Orange Soft
18.893 Yellow Soft
18.928 Salmon Smooth
18.935 White Rough
18.938 Brown Soft
18.944 Purple Smooth
18.968 Cyan Raw
18.969 Lime Soft
18.977 Purple Rough
18.980 White Smooth
18.982 Silver Raw
18.998 Silver Raw
18.999 Orange Wavy
19.002 Violet Rough
19.012 White Soft
19.013 White Smooth
19.015 Magenta Wavy
19.025 Violet Wavy
19.038 Orange Raw
19.053 Orange Raw
19.069 Silver Wavy
19.077 Pink Rough
19.080 Pink Soft
19.104 Silver Raw
19.105 Magenta Rough
19.126 Cyan Rough
19.128 Lime Smooth
19.140 Red Raw
19.146 Red Raw
19.159 Gray Soft
19.162 Gray Raw
19.164 White Raw
19.165 Salmon Raw
19.168 Cyan Rough
19.175 Purple Wavy
19.184 Lime Wavy
19.188 White Raw
19.193 Salmon Rough
19.203 White Wavy
19.204 White Rough
19.210 Silver Wavy
19.220 Purple Smooth
19.225 Salmon Raw
19.251 Lime Rough
19.260 Orange Rough
19.269 Salmon Rough
19.275 Purple Raw
19.286 Silver Smooth
19.296 Lime Smooth
19.299 Pink Soft
19.308 Violet Wavy
19.311 Violet Soft
19.315 Cyan Wavy
19.330 Pink Smooth
19.365 White Rough
19.366 Orange Soft
19.376 Orange Smooth
19.377 Purple Rough
19.414 Red Smooth
19.417 Violet Rough
19.424 Gray Wavy
19.438 Salmon Rough
19.439 Azure Rough
19.458 Silver Raw
19.459 White Raw
19.463 Silver Raw
19.482 Cyan Wavy
19.483 Brown Rough
19.484 Purple Wavy
19.516 Orange Soft
19.529 Orange Soft
19.536 White Smooth
19.571 Azure Smooth
19.574 Silver Raw
19.581 Magenta Soft
19.590 Violet Wavy
19.612 Violet Smooth
19.619 Purple Smooth
19.650 White Raw
19.652 Lime Raw
19.664 Brown Smooth
19.678 Gray Raw
19.680 Crimson Wavy
19.689 Cyan Rough
19.698 Brown Smooth
19.705 Purple Smooth
19.723 Red Soft
19.732 Lime Soft
19.746 Salmon Wavy
19.766 Salmon Wavy
19.777 Lime Raw
19.792 Pink Rough
19.797 Lime Wavy
19.801 White Raw
19.825 Silver Soft
19.836 Crimson Raw
19.859 Silver Soft
19.868 White Raw
19.871 Pink Soft
19.880 Orange Smooth
19.891 Brown Wavy
19.905 Violet Wavy
19.932 Lime Rough
19.940 Pink Raw
19.947 Lime Wavy
19.949 Yellow Soft
19.962 Brown Soft
19.971 Lime Soft
19.977 Lime Raw
19.978 Brown Soft
19.979 Salmon Raw
19.984 Yellow Raw
19.991 Orange Rough
19.994 Red Rough
20.029 Silver Wavy
20.033 Red Smooth
20.044 Brown Soft
20.050 Silver Wavy
20.078 Magenta Soft
20.093 White Rough
20.146 Magenta Soft
20.151 Pink Raw
20.162 Magenta Smooth
20.174 Lime Wavy
20.180 White Raw
20.193 Lime Raw
20.194 Purple Smooth
20.195 Magenta Soft
20.199 Lime Rough
20.208 Red Smooth
20.221 Azure Raw
20.223 Cyan Wavy
20.224 Lime Rough
20.234 Crimson Soft
20.236 Violet Wavy
20.242 Yellow Raw
20.246 Violet Wavy
20.250 White Soft
20.275 White Soft
20.299 Purple Rough
20.309 Lime Smooth
20.312 Salmon Rough
20.325 Pink Raw
20.326 Violet Raw
20.329 Silver Wavy
20.345 Salmon Wavy
20.351 Orange Rough
20.354 Violet Smooth
20.359 Orange Raw
20.365 Pink Rough
20.370 Magenta Raw
20.371 Cyan Rough
20.372 Crimson Raw
20.383 Crimson Raw
20.407 Brown Smooth
20.409 Lime Smooth
20.437 Yellow Rough
20.446 Gray Smooth
20.449 Salmon Wavy
20.456 Orange Wavy
20.460 Brown Raw
20.466 Gray Smooth
20.467 Violet Rough
20.468 Magenta Wavy
20.489 Red Rough
20.512 Yellow Soft
20.536 Lime Soft
20.542 Brown Soft
20.544 Silver Soft
20.549 Brown Wavy
20.552 Orange Rough
20.561 Salmon Wavy
20.573 Cyan Wavy
20.599 Salmon Wavy
20.601 Red Rough
20.610 Lime Soft
20.625 Lime Wavy
20.628 Silver Soft
20.640 Red Wavy
20.644 Purple Rough
20.658 Cyan Smooth
20.664 Crimson Smooth
20.665 Lime Soft
20.681 Azure Raw
20.688 Brown Rough
20.692 White Raw
20.716 Purple Smooth
20.726 Salmon Soft
20.728 Gray Rough
20.737 Cyan Soft
20.749 Cyan Smooth
20.751 White Raw
20.754 Purple Rough
20.758 White Soft
20.760 Silver Wavy
20.776 Cyan Smooth
20.784 Crimson Rough
20.786 Pink Smooth
20.790 Gray Rough
20.794 White Soft
20.820 Silver Smooth
20.826 Orange Rough
20.842 Brown Soft
20.847 White Rough
20.860 Red Wavy
20.864 White Rough
20.870 Purple Raw
20.873 Gray Wavy
20.875 Purple Raw
20.882 Yellow Smooth
20.889 Red Soft
20.906 White Raw
20.920 Orange Smooth
20.927 Pink Soft
20.929 Gray Soft
20.939 White Rough
20.941 Brown Rough
20.957 Purple Raw
20.961 Silver Rough
20.965 Violet Soft
20.974 Cyan Rough
20.977 Yellow Smooth
20.991 Purple Raw
20.999 Gray Rough
21.000 Violet Soft
21.021 Magenta Wavy
21.032 Yellow Wavy
21.041 Violet Soft
21.059 Orange Soft
21.068 Magenta Wavy
21.070 Brown Raw
21.094 Yellow Wavy
21.102 Lime Smooth
21.107 Lime Wavy
21.108 Gray Rough
21.124 Crimson Wavy
21.125 White Rough
21.135 Purple Smooth
21.139 Red Raw
21.147 Gray Wavy
21.162 Azure Smooth
21.165 Gray Wavy
21.173 Red Raw
21.204 Salmon Soft
21.207 Orange Soft
21.218 Salmon Smooth
21.228 Magenta Wavy
21.240 Cyan Raw
21.268 Azure Wavy
21.270 White Raw
21.273 Salmon Wavy
21.295 Pink Soft
21.298 Violet Raw
21.305 Purple Soft
21.309 Crimson Smooth
21.312 Cyan Raw
21.315 Yellow Rough
21.321 Cyan Wavy
21.322 Brown Soft
21.328 Salmon Wavy
21.355 Salmon Rough
21.371 Orange Smooth
21.373 Violet Rough
21.379 White Wavy
21.381 Silver Smooth
21.393 White Wavy
21.395 Orange Smooth
21.405 Gray Raw
21.418 Purple Smooth
21.425 Azure Soft
21.471 Orange Wavy
21.474 Pink Smooth
21.480 Yellow Rough
21.482 Lime Wavy
21.485 Silver Raw
21.489 Pink Soft
21.501 Azure Smooth
21.506 Brown Soft
21.511 Pink Raw
21.512 Yellow Soft
21.524 Azure Smooth
21.547 Salmon Wavy
21.548 Cyan Smooth
21.559 Brown Wavy
21.569 Yellow Wavy
21.571 Silver Raw
21.585 Pink Rough
21.598 Lime Wavy
21.599 Crimson Soft
21.604 Lime Rough
21.607 Lime Smooth
21.655 Silver Soft
21.673 Silver Wavy
21.683 Crimson Smooth
21.689 Violet Soft
21.690 Brown Raw
21.728 Violet Smooth
21.729 Gray Smooth
21.735 Salmon Smooth
21.748 Yellow Wavy
21.749 Brown Rough
21.762 Gray Rough
21.769 Red Soft
21.773 Purple Wavy
21.780 Red Smooth
21.802 White Rough
21.808 Orange Raw
21.810 Cyan Rough
21.811 Red Wavy
21.823 Orange Soft
21.851 Brown Rough
21.860 Salmon Soft
21.880 White Raw
21.883 Violet Rough
21.889 Purple Rough
21.926 Violet Raw
21.945 Yellow Wavy
21.947 Red Rough
21.967 Salmon Soft
21.968 White Raw
21.985 Red Rough
21.990 Violet Wavy
21.994 Orange Rough
22.031 Orange Raw
22.035 Orange Raw
22.049 Violet Smooth
22.050 Lime Wavy
22.054 Violet Raw
22.056 Salmon Soft
22.062 Purple Wavy
22.083 Violet Soft
22.088 Crimson Smooth
22.089 Purple Wavy
22.096 White Wavy
22.109 Purple Soft
22.111 Red Raw
22.124 Yellow Soft
22.128 Violet Rough
22.135 Lime Wavy
22.140 Crimson Smooth
22.157 Cyan Raw
22.165 Gray Raw
22.166 Azure Soft
22.213 Silver Soft
22.219 Violet Rough
22.227 White Wavy
22.233 Cyan Soft
22.250 Red Wavy
22.257 Magenta Soft
22.263 Orange Rough
22.264 Yellow Smooth
22.266 Lime Rough
22.280 Yellow Smooth
22.289 Crimson Smooth
22.314 Cyan Wavy
22.316 Magenta Soft
22.318 Purple Rough
22.323 Silver Soft
22.325 Lime Smooth
22.326 Salmon Rough
22.334 Yellow Smooth
22.339 Crimson Smooth
22.343 White Raw
22.353 Silver Raw
22.355 Pink Raw
22.366 Lime Rough
22.373 Azure Smooth
22.393 Cyan Smooth
22.408 Cyan Rough
22.417 Gray Raw
22.440 Silver Raw
22.446 Magenta Soft
22.453 Salmon Rough
22.455 Orange Soft
22.466 Pink Raw
22.482 Gray Raw
22.487 Gray Wavy
22.493 Purple Smooth
22.517 Gray Rough
22.519 Cyan Rough
22.533 White Wavy
22.541 Salmon Soft
22.556 Orange Raw
22.557 Gray Raw
22.562 Crimson Smooth
22.581 Azure Soft
22.586 Pink Rough
22.597 Red Rough
22.599 Crimson Raw
22.627 Crimson Smooth
22.632 Silver Rough
22.634 Azure Rough
22.643 Violet Wavy
22.646 Purple Soft
22.663 Gray Rough
22.680 Salmon Smooth
22.719 Purple Raw
22.721 Yellow Wavy
22.752 Orange Raw
22.772 Azure Smooth
22.773 Magenta Smooth
22.785 Magenta Soft
22.795 Purple Soft
22.800 Lime Raw
22.806 Cyan Rough
22.808 Violet Smooth
22.809 Red Smooth
22.824 Salmon Raw
22.828 Purple Raw
22.843 Lime Soft
22.864 Orange Smooth
22.897 Gray Raw
22.907 Crimson Raw
22.912 Yellow Raw
22.914 White Raw
22.916 Orange Smooth
22.950 Pink Smooth
22.967 Yellow Smooth
22.973 Violet Wavy
22.980 Salmon Wavy
22.993 Brown Raw
22.994 Purple Rough
23.000 Cyan Wavy
23.009 Lime Raw
23.015 Purple Rough
23.022 Crimson Smooth
23.024 Salmon Soft
23.026 Gray Soft
23.029 Silver Wavy
23.032 Pink Rough
23.037 Lime Raw
23.039 Magenta Wavy
23.041 Lime Smooth
23.043 Yellow Rough
23.054 Cyan Raw
23.065 White Wavy
23.094 Magenta Wavy
23.095 Yellow Smooth
23.097 Silver Smooth
23.098 Lime Rough
23.105 Gray Smooth
23.143 Magenta Wavy
23.144 Silver Smooth
23.164 Cyan Wavy
23.181 Red Raw
23.182 Salmon Rough
23.210 Yellow Raw
23.211 Azure Rough
23.260 Gray Raw
23.268 Pink Soft
23.269 Crimson Soft
23.286 Yellow Soft
23.324 Silver Smooth
23.331 Crimson Soft
23.340 Orange Rough
23.347 Pink Rough
23.390 Magenta Raw
23.391 Red Rough
23.394 White Wavy
23.416 Brown Rough
23.422 Red Soft
23.427 White Raw
23.429 Magenta Soft
23.438 Magenta Rough
23.439 Magenta Rough
23.446 Purple Rough
23.448 Lime Raw
23.450 Purple Rough
23.456 White Rough
23.461 Magenta Soft
23.473 Crimson Smooth
23.476 Purple Smooth
23.481 Lime Soft
23.491 Purple Raw
23.512 Brown Wavy
23.525 Red Raw
23.527 Violet Smooth
23.534 Gray Wavy
23.543 Crimson Smooth
23.558 Salmon Smooth
23.587 Violet Wavy
23.590 Red Smooth
23.599 White Smooth
23.616 Salmon Wavy
23.621 Crimson Wavy
23.622 Silver Raw
23.640 Cyan Wavy
23.644 Azure Rough
23.646 Purple Wavy
23.653 Orange Smooth
23.661 Silver Soft
23.670 Brown Wavy
23.673 Violet Rough
23.683 Cyan Smooth
23.686 Red Rough
23.687 Silver Raw
23.692 Azure Rough
23.694 White Rough
23.697 Brown Soft
23.702 Pink Wavy
23.713 Purple Soft
23.736 Lime Raw
23.751 Purple Raw
23.752 Cyan Smooth
23.785 Yellow Soft
23.797 Lime Raw
23.810 Brown Smooth
23.821 Lime Rough
23.829 Yellow Rough
23.847 Salmon Raw
23.866 Silver Raw
23.884 Yellow Rough
23.888 Orange Raw
23.895 Gray Rough
23.906 Cyan Rough
23.909 Gray Rough
23.915 Lime Rough
23.924 Violet Rough
23.925 Brown Rough
23.943 Red Raw
23.946 Purple Rough
23.954 Violet Smooth
23.959 Orange Wavy
23.969 Salmon Raw
23.979 Red Wavy
23.982 Orange Wavy
23.985 Cyan Rough
23.986 Orange Rough
24.001 Magenta Wavy
24.009 Yellow Smooth
24.019 Lime Rough
24.024 Purple Wavy
24.028 Cyan Soft
24.034 Pink Smooth
24.036 Purple Rough
24.057 Gray Wavy
24.058 Gray Raw
24.060 Gray Raw
24.071 Crimson Soft
24.075 Salmon Soft
24.081 Pink Rough
24.088 Crimson Soft
24.104 Red Wavy
24.115 Gray Raw
24.125 Magenta Raw
24.140 Silver Wavy
24.143 Red Rough
24.145 Violet Soft
24.154 Brown Soft
24.156 Brown Rough
24.158 Cyan Rough
24.163 Brown Soft
24.177 Crimson Wavy
24.178 White Wavy
24.181 Pink Raw
24.190 Purple Rough
24.193 White Wavy
24.195 Orange Soft
24.214 Violet Wavy
24.226 Cyan Raw
24.231 White Smooth
24.244 Salmon Wavy
24.246 Silver Soft
24.247 Lime Soft
24.260 White Rough
24.277 Crimson Raw
24.280 Cyan Soft
24.297 Pink Wavy
24.310 Magenta Rough
24.313 Gray Raw
24.316 Lime Rough
24.328 Purple Rough
24.334 Orange Raw
24.361 Cyan Rough
24.364 Magenta Rough
24.371 Silver Rough
24.372 Pink Soft
24.387 Magenta Soft
24.401 Azure Smooth
24.412 White Soft
24.437 White Rough
24.440 Pink Raw
24.445 Yellow Wavy
24.447 Silver Smooth
24.460 Magenta Smooth
24.479 Azure Smooth
24.480 Gray Smooth
24.499 Cyan Smooth
24.506 Brown Wavy
24.515 Red Smooth
24.516 White Soft
24.541 Brown Smooth
24.547 Yellow Rough
24.548 Gray Soft
24.557 Brown Smooth
24.592 Violet Rough
24.602 Brown Rough
24.603 Cyan Soft
24.613 Lime Raw
24.619 Gray Soft
24.638 Violet Soft
24.653 Azure Wavy
24.682 Red Smooth
24.683 Salmon Smooth
24.686 Purple Rough
24.689 Pink Raw
24.700 Violet Soft
24.710 Magenta Rough
24.722 Red Smooth
24.726 Salmon Rough
24.741 Crimson Wavy
24.748 Silver Soft
24.756 Gray Raw
24.781 Cyan Wavy
24.788 Gray Smooth
24.805 Azure Raw
24.806 Orange Raw
24.832 Yellow Rough
24.845 Orange Soft
24.853 Yellow Smooth
24.869 Orange Rough
24.897 Purple Raw
24.915 Yellow Smooth
24.918 White Wavy
24.919 Crimson Smooth
24.922 Magenta Wavy
24.945 Orange Soft
24.954 Silver Rough
24.956 Gray Rough
24.960 Red Smooth
24.971 Salmon Wavy
24.978 Gray Smooth
24.985 White Rough
24.991 Violet Soft
24.995 Azure Smooth
25.043 Violet Smooth
25.044 Yellow Rough
25.063 Salmon Soft
25.067 White Rough
25.076 Silver Raw
25.101 Pink Rough
25.124 Brown Rough
25.142 Orange Wavy
25.152 White Smooth
25.153 Yellow Rough
25.155 Magenta Raw
25.159 Gray Soft
25.166 Yellow Wavy
25.177 Orange Soft
25.182 Gray Raw
25.194 Cyan Wavy
25.200 Yellow Rough
25.211 Magenta Soft
25.230 Purple Soft
25.256 Yellow Smooth
25.276 Lime Smooth
25.279 Brown Smooth
25.351 Violet Raw
25.371 Azure Wavy
25.373 Magenta Soft
25.382 Yellow Smooth
25.383 Crimson Raw
25.392 Yellow Smooth
25.400 Azure Wavy
25.401 Salmon Rough
25.419 Gray Smooth
25.420 Magenta Wavy
25.422 Gray Wavy
25.427 Lime Wavy
25.447 Pink Wavy
25.448 Orange Wavy
25.452 Cyan Smooth
25.464 Pink Wavy
25.478 Silver Raw
25.489 Azure Smooth
25.493 Magenta Wavy
25.494 Orange Raw
25.496 Violet Smooth
25.520 Purple Wavy
25.549 Silver Rough
25.553 Red Wavy
25.586 Gray Smooth
25.598 Gray Rough
25.605 Silver Soft
25.613 Silver Smooth
25.616 Crimson Rough
25.618 Gray Rough
25.628 Cyan Rough
25.629 Orange Raw
25.634 Magenta Wavy
25.635 Purple Smooth
25.642 Yellow Smooth
25.655 Brown Wavy
25.668 Magenta Smooth
25.684 Orange Raw
25.689 Magenta Raw
25.702 Purple Smooth
25.709 Lime Wavy
25.720 Cyan Soft
25.727 Pink Rough
25.744 Violet Soft
25.752 Crimson Soft
25.756 White Raw
25.759 Orange Raw
25.767 Magenta Raw
25.769 Silver Rough
25.781 Yellow Raw
25.788 Silver Smooth
25.792 Lime Raw
25.799 Magenta Wavy
25.804 Violet Rough
25.810 Azure Rough
25.813 Cyan Smooth
25.820 Orange Smooth
25.826 Yellow Soft
25.832 Lime Wavy
25.843 Silver Raw
25.845 White Wavy
25.856 Yellow Rough
25.861 Violet Wavy
25.863 Gray Smooth
25.869 White Smooth
25.900 Orange Smooth
25.909 Pink Raw
25.920 Magenta Wavy
25.939 Silver Wavy
25.947 Violet Raw
25.953 Red Rough
25.973 Orange Rough
25.975 Lime Soft
25.977 Magenta Rough
25.980 Red Smooth
25.991 Silver Wavy
26.009 Pink Smooth
26.017 Magenta Raw
26.018 Pink Wavy
26.030 Azure Smooth
26.041 Cyan Smooth
26.049 Silver Soft
26.072 Purple Raw
26.087 Magenta Wavy
26.116 Yellow Raw
26.120 Lime Raw
26.129 Purple Rough
26.131 Cyan Raw
26.138 Orange Rough
26.144 Purple Soft
26.148 White Rough
26.149 Azure Rough
26.156 Gray Rough
26.177 Gray Smooth
26.180 Lime Rough
26.181 Crimson Wavy
26.189 White Raw
26.211 Lime Raw
26.217 Lime Rough
26.251 Magenta Wavy
26.256 Pink Smooth
26.258 Violet Smooth
26.262 Crimson Rough
26.266 Lime Raw
26.286 Magenta Raw
26.291 Lime Smooth
26.314 Purple Smooth
26.323 Crimson Raw
26.327 Silver Rough
26.333 Cyan Raw
26.353 Purple Wavy
26.356 Lime Wavy
26.364 Cyan Rough
26.376 White Soft
26.382 Magenta Soft
26.386 Brown Smooth
26.388 Gray Soft
26.396 Violet Soft
26.401 Pink Rough
26.413 Gray Soft
26.414 Orange Wavy
26.423 Magenta Soft
26.425 Salmon Smooth
26.454 Purple Wavy
26.491 Purple Smooth
26.504 Crimson Smooth
26.512 Magenta Soft
26.516 Crimson Soft
26.519 Gray Smooth
26.520 White Soft
26.526 White Soft
26.531 Cyan Smooth
26.533 Crimson Wavy
26.595 Red Soft
26.603 Cyan Smooth
26.609 Azure Rough
26.616 White Wavy
26.617 Red Rough
26.629 Gray Rough
26.630 Red Soft
26.643 Lime Wavy
26.679 White Rough
26.687 Orange Raw
26.690 Violet Wavy
26.692 Cyan Rough
26.699 Azure Wavy
26.709 Silver Smooth
26.711 Crimson Rough
26.718 Orange Soft
26.725 Yellow Rough
26.727 White Soft
26.728 Magenta Soft
26.729 Magenta Rough
26.734 Magenta Smooth
26.737 Violet Wavy
26.742 Azure Raw
26.743 Magenta Raw
26.763 Orange Wavy
26.778 White Smooth
26.794 White Wavy
26.802 Azure Raw
26.819 Cyan Wavy
26.822 Azure Raw
26.823 Orange Soft
26.836 Cyan Raw
26.837 Lime Soft
26.879 Pink Raw
26.884 Yellow Wavy
26.887 Silver Smooth
26.888 Crimson Soft
26.889 Lime Rough
26.898 Pink Soft
26.915 Yellow Raw
26.936 White Raw
26.957 Salmon Soft
26.971 Salmon Rough
26.972 Magenta Soft
27.034 Pink Raw
27.048 Azure Soft
27.050 Lime Raw
27.051 Violet Soft
27.059 Magenta Raw
27.073 Azure Smooth
27.079 Cyan Smooth
27.089 Gray Soft
27.119 White Smooth
27.137 Yellow Smooth
27.158 Red Raw
27.165 Salmon Rough
27.172 Salmon Smooth
27.198 Gray Soft
27.201 Silver Soft
27.212 White Wavy
27.240 Brown Raw
27.242 Yellow Raw
27.256 Violet Soft
27.261 Silver Wavy
27.264 White Rough
27.272 Gray Soft
27.276 Purple Wavy
27.278 Pink Smooth
27.296 Purple Smooth
27.304 Cyan Smooth
27.308 Cyan Wavy
27.314 Lime Raw
27.327 Violet Wavy
27.357 Cyan Raw
27.367 Silver Rough
27.374 Violet Smooth
27.379 Purple Smooth
27.381 Salmon Wavy
27.404 Brown Rough
27.406 Purple Raw
27.410 Red Smooth
27.411 Red Smooth
27.424 Azure Wavy
27.426 Purple Wavy
27.427 Red Soft
27.440 Silver Raw
27.481 Pink Rough
27.482 Brown Wavy
27.491 Purple Wavy
27.500 Salmon Soft
27.512 Cyan Rough
27.516 Purple Smooth
27.535 White Rough
27.536 Silver Smooth
27.545 Cyan Raw
27.567 Orange Smooth
27.571 Silver Raw
27.593 White Wavy
27.629 Purple Wavy
27.630 Gray Soft
27.661 Cyan Rough
27.664 White Rough
27.677 Orange Raw
27.686 White Soft
27.711 Pink Soft
27.739 Lime Rough
27.742 Red Wavy
27.750 White Rough
27.753 Pink Wavy
27.784 Gray Wavy
27.796 Salmon Rough
27.807 Red Smooth
27.810 Yellow Wavy
27.816 Silver Soft
27.826 Pink Wavy
27.828 Gray Rough
27.834 Yellow Raw
27.840 Gray Raw
27.844 Gray Raw
27.846 Crimson Raw
27.862 Lime Raw
27.873 Azure Smooth
27.874 Brown Rough
27.881 Magenta Rough
27.885 Salmon Rough
27.887 Cyan Smooth
27.919 Brown Rough
27.936 Yellow Raw
27.939 Azure Rough
27.942 Violet Raw
27.945 Red Wavy
27.956 Crimson Wavy
27.957 Salmon Rough
27.959 Gray Smooth
27.961 Crimson Rough
27.963 Silver Raw
27.965 Crimson Soft
27.977 Lime Soft
27.989 Red Raw
28.023 Violet Wavy
28.042 Brown Smooth
28.057 Gray Soft
28.067 Lime Rough
28.102 Purple Rough
28.106 Yellow Wavy
28.127 Pink Rough
28.128 Salmon Soft
28.135 Silver Wavy
28.142 Gray Smooth
28.161 Violet Soft
28.167 Salmon Smooth
28.175 Lime Soft
28.189 Magenta Rough
28.220 Purple Wavy
28.224 Azure Soft
28.236 Magenta Raw
28.241 Gray Raw
28.271 Gray Raw
28.274 Orange Raw
28.275 Magenta Wavy
28.278 White Soft
28.281 White Wavy
28.292 Gray Raw
28.294 White Raw
28.305 Lime Wavy
28.307 Silver Smooth
28.310 Salmon Soft
28.349 Orange Rough
28.360 Gray Rough
28.366 Azure Wavy
28.376 Salmon Smooth
28.377 Crimson Wavy
28.392 Gray Smooth
28.396 White Soft
28.397 Pink Raw
28.404 Crimson Wavy
28.408 Orange Rough
28.424 Crimson Wavy
28.440 Gray Rough
28.442 Violet Rough
28.447 Violet Soft
28.462 Crimson Wavy
28.470 Salmon Wavy
28.474 Azure Rough
28.477 Azure Smooth
28.479 Azure Smooth
28.486 Salmon Rough
28.504 Gray Wavy
28.505 Brown Smooth
28.510 Red Raw
28.515 Purple Soft
28.525 Cyan Soft
28.527 Brown Smooth
28.554 Silver Soft
28.558 Brown Raw
28.569 Cyan Raw
28.586 Pink Soft
28.602 Yellow Rough
28.615 Violet Smooth
28.621 Silver Smooth
28.631 Lime Soft
28.643 White Raw
28.648 Cyan Wavy
28.649 Gray Soft
28.683 White Wavy
28.688 Brown Smooth
28.694 Purple Rough
28.737 Lime Raw
28.742 Red Raw
28.753 Purple Smooth
28.781 Gray Rough
28.783 Brown Smooth
28.795 Cyan Smooth
28.796 White Raw
28.799 Crimson Rough
28.815 Salmon Wavy
28.823 Yellow Rough
28.833 Red Wavy
28.846 Orange Rough
28.848 Cyan Wavy
28.850 Pink Rough
28.858 Orange Smooth
28.874 Magenta Soft
28.905 Cyan Soft
28.907 Pink Smooth
28.914 Violet Raw
28.925 Azure Rough
28.927 Lime Smooth
28.930 Brown Raw
28.931 Salmon Wavy
28.934 Violet Soft
28.944 Pink Smooth
28.951 Azure Smooth
28.972 Cyan Wavy
28.990 Red Smooth
28.999 Cyan Soft
29.002 Lime Smooth
29.007 Purple Smooth
29.013 Azure Raw
29.020 Violet Soft
29.023 Brown Soft
29.030 Gray Wavy
29.052 Yellow Smooth
29.056 Orange Soft
29.068 Yellow Raw
29.073 Salmon Wavy
29.077 Azure Soft
29.079 Azure Wavy
29.084 Red Soft
29.086 Lime Rough
29.124 Red Rough
29.127 Magenta Raw
29.142 Magenta Smooth
29.144 Red Raw
29.163 Purple Rough
29.172 Yellow Wavy
29.174 Lime Raw
29.183 White Raw
29.200 Cyan Soft
29.208 Violet Smooth
29.215 Yellow Soft
29.226 Brown Smooth
29.227 Cyan Soft
29.240 Red Smooth
29.245 White Wavy
29.252 Yellow Rough
29.261 Azure Rough
29.287 Crimson Smooth
29.300 Yellow Soft
29.317 Cyan Raw
29.319 Violet Raw
29.329 Cyan Soft
29.341 Lime Smooth
29.359 Lime Rough
29.371 Violet Soft
29.390 Pink Smooth
29.396 White Wavy
29.412 Brown Raw
29.426 Cyan Smooth
29.433 Lime Wavy
29.442 Gray Smooth
29.447 Salmon Raw
29.462 Azure Wavy
29.475 Crimson Raw
29.502 Silver Wavy
29.526 Lime Wavy
29.531 Violet Rough
29.539 Silver Soft
29.565 Cyan Wavy
29.566 Orange Smooth
29.567 Silver Smooth
29.574 Gray Raw
29.575 Purple Rough
29.579 Pink Soft
29.584 Salmon Wavy
29.606 White Smooth
29.609 Red Raw
29.614 Orange Raw
29.622 Violet Raw
29.623 Azure Soft
29.639 Azure Wavy
29.642 Silver Wavy
29.646 Gray Wavy
29.656 Magenta Wavy
29.660 White Soft
29.664 Salmon Rough
29.669 White Raw
29.670 Red Wavy
29.683 Orange Smooth
29.692 Purple Wavy
29.723 Crimson Raw
29.734 Salmon Soft
29.739 Violet Soft
29.744 Yellow Raw
29.751 Salmon Smooth
29.771 Silver Soft
29.772 Violet Wavy
29.774 Pink Rough
29.788 Gray Soft
29.791 Cyan Raw
29.796 Purple Wavy
29.810 Violet Smooth
29.811 Orange Rough
29.812 Silver Wavy
29.830 Violet Rough
29.841 Gray Rough
29.848 Orange Rough
29.865 Purple Rough
29.875 Yellow Wavy
29.888 Violet Soft
29.889 Crimson Soft
29.890 Yellow Rough
29.904 Salmon Wavy
29.921 Orange Smooth
29.924 Silver Smooth
29.931 Orange Soft
29.933 Magenta Soft
29.935 Brown Rough
29.946 Red Raw
29.951 Gray Smooth
29.955 Pink Rough
29.966 Yellow Wavy
29.971 Yellow Soft
29.974 White Rough
29.975 Crimson Wavy
29.984 Azure Raw
29.991 Gray Rough
30.000 Salmon Soft
30.024 Lime Raw
30.028 Silver Rough
30.066 Lime Rough
30.076 Magenta Smooth
30.083 White Rough
30.098 Red Rough
30.107 Crimson Smooth
30.109 Salmon Soft
30.117 Pink Smooth
30.155 Lime Soft
30.171 Magenta Rough
30.184 Salmon Rough
30.186 Salmon Wavy
30.188 Lime Raw
30.193 Yellow Rough
30.223 Cyan Soft
30.264 Magenta Raw
30.281 Azure Rough
30.282 Azure Smooth
30.287 Yellow Soft
30.290 Cyan Rough
30.296 Pink Raw
30.314 Purple Soft
30.336 Orange Raw
30.338 Red Raw
30.360 Red Smooth
30.363 Orange Soft
30.388 Lime Smooth
30.402 Yellow Wavy
30.411 Yellow Smooth
30.415 Purple Wavy
30.419 Violet Soft
30.420 Silver Rough
30.426 Orange Raw
30.436 Salmon Smooth
30.446 Azure Wavy
30.454 Violet Wavy
30.460 Orange Rough
30.462 Cyan Smooth
30.471 Crimson Soft
30.473 White Wavy
30.476 Yellow Raw
30.521 Crimson Soft
30.531 Gray Rough
30.546 Crimson Rough
30.548 White Wavy
30.550 Violet Smooth
30.561 Gray Raw
30.586 Brown Wavy
30.587 Azure Wavy
30.590 White Raw
30.595 Red Rough
30.607 Crimson Soft
30.623 Pink Smooth
30.625 Violet Rough
30.626 Crimson Rough
30.627 Purple Smooth
30.630 Cyan Raw
30.631 Cyan Soft
30.636 Crimson Wavy
30.639 Salmon Soft
30.645 Cyan Raw
30.680 Crimson Wavy
30.682 White Rough
30.690 Magenta Raw
30.694 Violet Soft
30.713 Crimson Smooth
30.734 Pink Raw
30.738 Azure Soft
30.740 Orange Rough
30.747 Cyan Wavy
30.757 Magenta Raw
30.762 Gray Wavy
30.774 Yellow Rough
30.784 Azure Smooth
30.800 Lime Soft
30.811 Violet Smooth
30.812 Azure Wavy
30.818 Purple Soft
30.819 White Raw
30.823 Magenta Raw
30.824 Salmon Soft
30.841 Silver Wavy
30.864 Violet Soft
30.879 Orange Wavy
30.906 Azure Raw
30.908 Lime Wavy
30.943 Lime Smooth
30.964 Cyan Smooth
30.977 Pink Smooth
30.980 Brown Wavy
30.983 White Rough
30.994 Lime Raw
31.008 Azure Smooth
31.013 Purple Raw
31.032 Azure Raw
31.034 Orange Smooth
31.044 Purple Smooth
31.045 Pink Smooth
31.054 Gray Soft
31.065 Azure Smooth
31.073 Pink Smooth
31.080 Gray Raw
31.082 Yellow Raw
31.105 Pink Rough
31.106 Yellow Soft
31.107 Orange Soft
31.119 Magenta Soft
31.132 Red Raw
31.135 Yellow Wavy
31.157 Yellow Rough
31.161 Purple Rough
31.163 Purple Smooth
31.164 Magenta Wavy
31.167 Magenta Smooth
31.173 Magenta Rough
31.178 Magenta Wavy
31.179 Violet Wavy
31.189 Lime Smooth
31.208 Cyan Rough
31.209 Violet Soft
31.212 Violet Smooth
31.219 Lime Soft
31.224 Violet Wavy
31.227 Crimson Rough
31.244 White Soft
31.261 Red Soft
31.273 Orange Soft
31.277 Magenta Soft
31.285 Crimson Soft
31.289 Brown Raw
31.298 Red Wavy
31.301 Purple Smooth
31.304 Orange Rough
31.321 Gray Rough
31.334 Violet Soft
31.341 Cyan Soft
31.346 Gray Soft
31.348 Purple Raw
31.351 Yellow Soft
31.359 Pink Smooth
31.360 Purple Rough
31.361 Purple Soft
31.368 Lime Wavy
31.374 Pink Smooth
31.375 Brown Smooth
31.377 Brown Wavy
31.383 Silver Soft
31.387 Violet Raw
31.398 Gray Rough
31.402 Purple Rough
31.409 Brown Rough
31.425 Red Raw
31.429 White Soft
31.448 Violet Raw
31.449 Orange Raw
31.474 Gray Raw
31.487 Silver Smooth
31.491 Crimson Wavy
31.497 Crimson Raw
31.498 Crimson Raw
31.519 Purple Smooth
31.523 Violet Rough
31.546 Salmon Raw
31.551 Salmon Smooth
31.577 Pink Rough
31.592 Purple Wavy
31.593 Violet Wavy
31.594 Cyan Smooth
31.604 Red Wavy
31.612 Red Soft
31.616 Magenta Smooth
31.637 White Rough
31.640 Salmon Smooth
31.643 Pink Soft
31.647 Silver Wavy
31.660 Salmon Soft
31.664 Crimson Soft
31.701 Silver Wavy
31.704 Lime Wavy
31.713 Yellow Wavy
31.729 Brown Raw
31.739 Salmon Smooth
31.753 Brown Raw
31.773 Pink Wavy
31.784 Magenta Wavy
31.801 Salmon Soft
31.808 Red Rough
31.817 Lime Smooth
31.838 Magenta Rough
31.857 Brown Rough
31.858 Pink Smooth
31.864 Lime Rough
31.873 Crimson Raw
31.890 Salmon Soft
31.893 Silver Wavy
31.895 Gray Rough
31.909 White Wavy
31.913 Violet Soft
31.914 Yellow Wavy
31.937 Red Smooth
31.967 Azure Raw
32.000 Violet Soft
32.007 Pink Rough
32.017 Magenta Raw
32.045 Orange Soft
32.068 Cyan Wavy
32.077 Silver Smooth
32.083 Yellow Wavy
32.093 Crimson Raw
32.103 Purple Smooth
32.107 Yellow Soft
32.122 Salmon Soft
32.141 Gray Raw
32.146 White Rough
32.157 Crimson Smooth
32.182 Azure Raw
32.208 Red Soft
32.227 Crimson Rough
32.237 Violet Raw
32.261 Brown Raw
32.271 Brown Smooth
32.278 Silver Smooth
32.287 Brown Wavy
32.289 Pink Raw
32.294 Magenta Raw
32.312 Gray Wavy
32.318 Red Soft
32.322 Red Raw
32.346 Cyan Rough
32.347 Gray Raw
32.356 White Soft
32.357 Yellow Rough
32.383 Gray Soft
32.384 Gray Smooth
32.391 Azure Wavy
32.411 Azure Raw
32.430 Salmon Soft
32.434 Lime Wavy
32.436 Red Rough
32.443 Violet Smooth
32.452 Lime Raw
32.473 Red Smooth
32.502 Crimson Raw
32.514 Violet Raw
32.523 Yellow Rough
32.525 Yellow Smooth
32.543 Violet Rough
32.555 White Raw
32.579 Crimson Rough
32.588 Magenta Wavy
32.604 Yellow Wavy
32.608 Lime Wavy
32.623 Crimson Raw
32.624 Silver Wavy
32.648 Lime Soft
32.655 Red Raw
32.680 Yellow Rough
32.682 Crimson Smooth
32.696 Azure Raw
32.704 White Rough
32.719 Gray Soft
32.736 Violet Smooth
32.737 Brown Wavy
32.745 Azure Soft
32.746 Silver Raw
32.752 Silver Wavy
32.760 Yellow Soft
32.765 Lime Wavy
32.772 Yellow Rough
32.784 Cyan Smooth
32.792 Magenta Wavy
32.796 Orange Rough
32.801 Cyan Soft
32.802 Pink Wavy
32.806 Yellow Raw
32.824 Orange Rough
32.826 Yellow Wavy
32.833 White Rough
32.856 Crimson Wavy
32.858 Silver Soft
32.860 Pink Wavy
32.868 Orange Soft
32.875 Orange Smooth
32.881 Magenta Rough
32.887 Cyan Raw
32.912 Crimson Wavy
32.923 Orange Rough
32.925 Red Soft
32.933 Cyan Wavy
32.937 Orange Wavy
32.966 Red Raw
32.977 Azure Wavy
32.986 Yellow Raw
32.993 Violet Smooth
33.003 Purple Raw
33.020 Red Wavy
33.023 White Raw
33.025 Yellow Raw
33.030 Yellow Raw
33.035 Salmon Rough
33.040 Azure Smooth
33.042 Azure Smooth
33.054 Cyan Soft
33.055 Silver Soft
33.056 Silver Wavy
33.065 Lime Rough
33.076 Gray Smooth
33.080 Purple Rough
33.091 Violet Raw
33.103 Red Soft
33.107 Violet Smooth
33.121 Silver Rough
33.126 Silver Smooth
33.142 Pink Wavy
33.145 White Soft
33.150 Yellow Soft
33.151 Lime Rough
33.163 Azure Soft
33.179 Gray Wavy
33.182 Yellow Smooth
33.192 Azure Wavy
33.197 Yellow Rough
33.198 Red Smooth
33.199 Orange Soft
33.212 Red Smooth
33.229 Yellow Wavy
33.230 Orange Raw
33.236 Cyan Raw
33.250 Gray Soft
33.254 Magenta Rough
33.256 Lime Wavy
33.300 Magenta Soft
33.309 Orange Wavy
33.318 Cyan Raw
33.355 Gray Rough
33.369 Red Soft
33.372 Orange Wavy
33.387 Brown Smooth
33.396 Cyan Wavy
33.402 Pink Raw
33.403 Cyan Rough
33.407 Gray Soft
33.408 Lime Raw
33.448 Silver Smooth
33.453 White Soft
33.463 Violet Wavy
33.471 Magenta Raw
33.509 Crimson Soft
33.519 Cyan Raw
33.526 Gray Rough
33.529 Brown Wavy
33.536 Azure Wavy
33.546 Pink Rough
33.592 Purple Rough
33.596 Pink Soft
33.614 Azure Rough
33.624 Salmon Rough
33.626 Yellow Raw
33.638 Cyan Rough
33.653 Gray Raw
33.669 Azure Wavy
33.690 Magenta Raw
33.704 Crimson Soft
33.713 Purple Soft
33.736 Brown Soft
33.739 Violet Wavy
33.741 Silver Raw
33.743 Red Soft
33.748 Silver Rough
33.753 Lime Smooth
33.758 Gray Soft
33.785 Purple Rough
33.790 Pink Soft
33.791 Pink Smooth
33.795 Yellow Wavy
33.804 Orange Raw
33.810 Pink Rough
33.820 Orange Smooth
33.821 Pink Smooth
33.822 Violet Raw
33.829 Cyan Smooth
33.833 Brown Raw
33.838 Lime Smooth
33.841 Brown Wavy
33.843 Purple Wavy
33.845 Violet Rough
33.860 Pink Smooth
33.879 Azure Wavy
33.896 Lime Rough
33.932 Lime Smooth
33.941 Red Smooth
33.953 White Rough
33.970 Gray Soft
33.980 Red Soft
33.982 Gray Rough
33.989 Cyan Rough
34.002 Yellow Smooth
34.012 Violet Wavy
34.016 Gray Wavy
34.019 Orange Smooth
34.024 Pink Raw
34.025 Brown Raw
34.033 Purple Rough
34.041 Magenta Raw
34.046 Crimson Wavy
34.052 Yellow Smooth
34.055 Yellow Raw
34.058 Azure Raw
34.062 Pink Soft
34.068 Magenta Smooth
34.079 Red Rough
34.086 Cyan Smooth
34.094 Orange Wavy
34.095 Pink Rough
34.097 Gray Wavy
34.103 Yellow Smooth
34.110 Salmon Rough
34.115 Gray Soft
34.116 Salmon Smooth
34.120 Silver Smooth
34.124 Red Wavy
34.128 Silver Smooth
34.130 Cyan Smooth
34.138 Red Soft
34.145 Cyan Smooth
34.152 Purple Soft
34.162 Crimson Soft
34.178 Red Smooth
34.189 Azure Wavy
34.191 Yellow Soft
34.206 Azure Rough
34.210 Magenta Soft
34.214 Red Soft
34.230 Pink Smooth
34.246 Lime Rough
34.249 Red Rough
34.251 Violet Raw
34.253 Cyan Soft
34.291 Crimson Smooth
34.307 Silver Rough
34.312 Red Raw
34.332 Gray Rough
34.338 Violet Soft
34.343 Violet Rough
34.351 Violet Soft
34.354 Silver Raw
34.355 Lime Rough
34.360 Purple Soft
34.375 Pink Smooth
34.387 Crimson Soft
34.391 Azure Raw
34.393 Crimson Soft
34.395 Pink Wavy
34.413 Cyan Rough
34.424 Purple Rough
34.439 White Rough
34.440 Red Rough
34.442 Crimson Wavy
34.449 Cyan Rough
34.450 Brown Raw
34.469 Cyan Raw
34.470 Brown Wavy
34.474 Azure Smooth
34.480 Pink Smooth
34.488 Salmon Raw
34.498 Azure Soft
34.506 Lime Wavy
34.528 Lime Wavy
34.538 White Wavy
34.539 Yellow Smooth
34.544 Red Rough
34.590 Salmon Wavy
34.603 Orange Wavy
34.613 Brown Rough
34.620 Crimson Soft
34.623 White Smooth
34.644 Silver Smooth
34.649 Magenta Raw
34.653 Crimson Wavy
34.669 Silver Soft
34.682 Silver Smooth
34.683 Lime Rough
34.692 Gray Smooth
34.703 Salmon Rough
34.711 Cyan Soft
34.716 White Wavy
34.718 Crimson Soft
34.719 White Raw
34.720 Silver Raw
34.729 Yellow Wavy
34.732 Magenta Raw
34.733 Azure Wavy
34.757 Brown Rough
34.760 Purple Rough
34.781 Lime Soft
34.790 Pink Raw
34.798 Magenta Soft
34.802 Yellow Rough
34.810 Brown Soft
34.813 Brown Wavy
34.815 Brown Raw
34.818 Brown Soft
34.823 Red Wavy
34.826 Silver Soft
34.831 Azure Smooth
34.833 Crimson Smooth
34.843 Lime Wavy
34.847 Purple Soft
34.850 Pink Soft
34.856 Magenta Soft
34.857 Purple Smooth
34.885 Gray Smooth
34.886 Orange Smooth
34.892 Cyan Smooth
34.895 Brown Smooth
34.913 Salmon Raw
34.914 Red Rough
34.920 Orange Rough
34.935 Azure Raw
34.944 Silver Smooth
34.946 Silver Soft
34.957 Azure Soft
34.958 Magenta Rough
34.971 Crimson Wavy
34.972 Yellow Wavy
34.977 Cyan Smooth
34.991 Magenta Raw
35.011 Purple Rough
35.039 Salmon Raw
35.068 Crimson Soft
35.083 Azure Soft
35.085 Brown Rough
35.091 Purple Raw
35.117 Brown Wavy
35.128 Gray Wavy
35.133 Brown Rough
35.143 Cyan Raw
35.146 Magenta Rough
35.148 Pink Smooth
35.150 Salmon Smooth
35.151 Violet Wavy
35.153 Yellow Raw
35.179 Crimson Raw
35.191 Gray Rough
35.197 Silver Rough
35.209 Pink Wavy
35.215 Pink Raw
35.218 Red Smooth
35.240 Silver Rough
35.243 Orange Rough
35.247 Yellow Raw
35.263 Purple Soft
35.269 Pink Soft
35.271 Pink Rough
35.301 Yellow Wavy
35.308 Lime Raw
35.322 Lime Wavy
35.331 Brown Wavy
35.342 Lime Soft
35.348 Crimson Soft
35.363 Yellow Raw
35.371 Lime Rough
35.379 Lime Soft
35.390 Azure Soft
35.420 Azure Rough
35.433 Salmon Rough
35.439 Crimson Raw
35.442 Magenta Smooth
35.451 Lime Wavy
35.461 Red Smooth
35.470 Purple Rough
35.484 Crimson Raw
35.485 Crimson Wavy
35.493 Brown Smooth
35.495 Red Wavy
35.502 Gray Raw
35.513 Brown Smooth
35.519 Magenta Smooth
35.523 Pink Raw
35.527 Yellow Soft
35.530 Red Smooth
35.534 Cyan Rough
35.541 Brown Raw
35.549 Brown Smooth
35.554 Red Soft
35.559 Lime Soft
35.572 Lime Wavy
35.574 Violet Soft
35.605 Salmon Rough
35.607 Silver Wavy
35.610 Salmon Rough
35.614 Cyan Raw
35.617 White Smooth
35.629 Magenta Smooth
35.631 Lime Smooth
35.639 Cyan Raw
35.642 Purple Rough
35.648 Cyan Rough
35.661 White Raw
35.665 Gray Raw
35.683 Crimson Smooth
35.705 Orange Smooth
35.714 Gray Rough
35.732 Gray Smooth
35.733 Pink Wavy
35.734 Orange Wavy
35.749 Brown Raw
35.753 Azure Soft
35.778 Salmon Smooth
35.780 Magenta Smooth
35.788 Pink Soft
35.797 Yellow Soft
35.798 Yellow Raw
35.809 Cyan Wavy
35.816 Yellow Rough
35.823 Orange Raw
35.828 Azure Smooth
35.829 White Soft
35.830 Gray Smooth
35.866 Crimson Smooth
35.904 Cyan Wavy
35.906 Gray Soft
35.924 Orange Raw
35.929 Red Wavy
35.931 Violet Rough
35.955 Magenta Raw
35.962 Red Rough
35.969 Pink Wavy
35.989 Gray Raw
35.993 Salmon Rough
36.005 Yellow Smooth
36.019 Azure Raw
36.061 Crimson Wavy
36.062 Brown Raw
36.075 Cyan Wavy
36.079 Salmon Smooth
36.085 Magenta Smooth
36.097 White Soft
36.114 Pink Wavy
36.121 Magenta Rough
36.122 Salmon Smooth
36.130 Purple Soft
36.143 Gray Rough
36.187 Crimson Rough
36.196 Yellow Smooth
36.197 Magenta Smooth
36.243 Yellow Soft
36.247 Crimson Smooth
36.258 Salmon Wavy
36.273 Lime Wavy
36.277 Yellow Wavy
36.313 Silver Raw
36.326 Violet Soft
36.338 Red Rough
36.349 White Wavy
36.360 Violet Raw
36.372 Cyan Smooth
36.384 Pink Rough
36.392 Purple Rough
36.431 Red Rough
36.442 Orange Smooth
36.456 Pink Raw
36.465 Violet Raw
36.468 White Raw
36.474 Yellow Soft
36.490 Cyan Rough
36.492 White Wavy
36.510 Purple Smooth
36.512 Brown Soft
36.530 Violet Wavy
36.534 Purple Wavy
36.540 Azure Smooth
36.550 Cyan Raw
36.560 Silver Wavy
36.564 Gray Wavy
36.567 Silver Soft
36.608 Violet Soft
36.624 Yellow Soft
36.625 Azure Raw
36.631 Silver Soft
36.640 Gray Wavy
36.653 Lime Smooth
36.662 Purple Soft
36.674 Azure Smooth
36.684 Gray Smooth
36.687 Gray Wavy
36.690 Cyan Raw
36.695 Violet Soft
36.704 Cyan Raw
36.720 Magenta Raw
36.725 Cyan Raw
36.727 Red Raw
36.734 Magenta Wavy
36.736 Pink Wavy
36.764 Magenta Wavy
36.778 Pink Rough
36.785 Orange Raw
36.816 Salmon Smooth
36.825 Purple Smooth
36.827 Silver Wavy
36.835 Brown Wavy
36.847 Purple Rough
36.850 Purple Wavy
36.866 Azure Wavy
36.875 Magenta Wavy
36.878 Crimson Wavy
36.917 Violet Smooth
36.934 Lime Smooth
36.946 Azure Wavy
36.967 Brown Raw
36.969 Orange Wavy
36.976 Crimson Raw
36.990 Crimson Wavy
36.997 Azure Smooth
37.010 Purple Raw
37.022 Red Wavy
37.024 Magenta Soft
37.032 Magenta Raw
37.035 Crimson Raw
37.036 Orange Rough
37.051 Brown Soft
37.053 Magenta Wavy
37.084 Pink Smooth
37.087 Red Rough
37.088 Pink Raw
37.097 Cyan Smooth
37.098 Silver Soft
37.113 Salmon Raw
37.121 White Raw
37.131 Brown Soft
37.151 Salmon Smooth
37.152 Yellow Smooth
37.171 Lime Smooth
37.182 Azure Wavy
37.184 Violet Rough
37.192 Red Soft
37.196 Gray Rough
37.218 Salmon Wavy
37.234 Brown Rough
37.248 Violet Rough
37.258 Cyan Wavy
37.260 Brown Soft
37.264 Purple Smooth
37.280 Brown Wavy
37.287 Azure Soft
37.304 Silver Wavy
37.305 White Soft
37.314 Lime Raw
37.339 Yellow Raw
37.350 White Smooth
37.355 White Raw
37.357 White Soft
37.358 Silver Soft
37.364 Crimson Smooth
37.371 Crimson Rough
37.372 Cyan Soft
37.396 Cyan Smooth
37.404 Salmon Soft
37.408 Pink Rough
37.427 Brown Rough
37.429 Violet Raw
37.444 Cyan Soft
37.481 Silver Raw
37.499 Purple Rough
37.511 Brown Rough
37.517 Cyan Raw
37.519 Silver Rough
37.532 Orange Wavy
37.540 White Rough
37.547 Azure Soft
37.557 White Rough
37.569 Azure Raw
37.570 Magenta Wavy
37.571 Cyan Rough
37.575 Pink Rough
37.581 Yellow Raw
37.617 Red Soft
37.629 Orange Wavy
37.634 Salmon Rough
37.639 Gray Smooth
37.643 Magenta Rough
37.648 Violet Wavy
37.651 Brown Rough
37.653 Azure Raw
37.657 White Rough
37.663 Brown Smooth
37.672 Cyan Wavy
37.696 White Wavy
37.698 Orange Soft
37.727 Orange Soft
37.746 Lime Raw
37.752 Crimson Raw
37.798 Salmon Smooth
37.818 Pink Soft
37.819 Purple Rough
37.846 Silver Raw
37.848 Yellow Soft
37.875 Yellow Rough
37.925 Orange Rough
37.928 Violet Wavy
37.952 Yellow Smooth
37.958 White Smooth
37.974 Lime Wavy
37.986 Lime Raw
37.988 Silver Rough
37.989 Red Smooth
37.995 Gray Rough
38.002 Azure Raw
38.010 Yellow Raw
38.012 Salmon Raw
38.015 Brown Wavy
38.024 Pink Wavy
38.027 Red Soft
38.038 Violet Rough
38.065 Purple Wavy
38.075 Silver Smooth
38.101 Orange Soft
38.109 Purple Raw
38.112 Red Wavy
38.127 Brown Wavy
38.129 Yellow Soft
38.134 Red Raw
38.137 Salmon Raw
38.139 Crimson Wavy
38.140 Orange Rough
38.143 Salmon Raw
38.168 Purple Wavy
38.183 Magenta Wavy
38.190 Gray Smooth
38.195 Silver Raw
38.210 Orange Raw
38.228 Yellow Smooth
38.234 Pink Raw
38.250 Salmon Raw
38.278 Magenta Raw
38.303 Silver Rough
38.312 Crimson Soft
38.314 Magenta Rough
38.315 Cyan Wavy
38.337 Violet Soft
38.338 Purple Raw
38.339 Violet Raw
38.350 Purple Raw
38.389 Cyan Soft
38.398 Lime Wavy
38.404 Purple Smooth
38.446 Lime Smooth
38.450 Magenta Raw
38.456 Azure Soft
38.469 Salmon Rough
38.470 Brown Rough
38.484 Lime Soft
38.485 Azure Rough
38.489 Violet Rough
38.504 Lime Rough
38.510 Lime Soft
38.515 Silver Soft
38.525 Violet Soft
38.528 Violet Raw
38.534 Orange Raw
38.572 Purple Raw
38.578 Crimson Wavy
38.581 Lime Raw
38.585 Crimson Rough
38.593 Gray Wavy
38.594 Brown Smooth
38.596 Magenta Wavy
38.599 White Smooth
38.613 Silver Rough
38.622 Azure Soft
38.624 Pink Wavy
38.626 Gray Wavy
38.628 Gray Rough
38.639 Brown Wavy
38.650 Violet Raw
38.661 Cyan Raw
38.669 Violet Rough
38.672 Crimson Raw
38.685 Lime Wavy
38.693 Azure Soft
38.709 Silver Rough
38.716 Crimson Smooth
38.723 Azure Wavy
38.730 White Soft
38.735 Purple Soft
38.750 Orange Smooth
38.753 Gray Raw
38.782 Pink Raw
38.810 Brown Soft
38.816 Purple Smooth
38.821 Azure Soft
38.838 Gray Raw
38.845 White Rough
38.847 Orange Soft
38.852 Magenta Soft
38.874 Purple Raw
38.875 Gray Rough
38.876 Crimson Wavy
38.889 Brown Raw
38.891 Lime Soft
38.901 White Soft
38.903 Magenta Wavy
38.920 Crimson Wavy
38.922 Brown Smooth
38.923 Yellow Rough
38.969 Crimson Rough
38.976 White Soft
38.984 Cyan Soft
38.985 Crimson Wavy
39.015 Red Raw
39.027 Purple Smooth
39.030 Silver Wavy
39.032 Silver Raw
39.037 Azure Rough
39.057 Orange Smooth
39.066 Salmon Rough
39.083 Red Smooth
39.091 Purple Wavy
39.113 Red Wavy
39.123 Pink Rough
39.125 Salmon Smooth
39.156 Cyan Wavy
39.162 Crimson Raw
39.164 White Soft
39.195 Violet Wavy
39.200 Pink Rough
39.206 White Smooth
39.207 Salmon Smooth
39.213 Red Smooth
39.247 Silver Wavy
39.259 Silver Raw
39.266 Crimson Wavy
39.268 Lime Raw
39.272 Violet Rough
39.275 Pink Smooth
39.289 Cyan Raw
39.290 Brown Raw
39.293 Purple Raw
39.311 Red Raw
39.324 Azure Smooth
39.344 Brown Smooth
39.371 Yellow Wavy
39.384 Salmon Rough
39.403 Gray Wavy
39.406 Crimson Raw
39.417 Magenta Raw
39.423 Red Smooth
39.428 Orange Soft
39.433 Azure Smooth
39.435 Azure Raw
39.437 Salmon Rough
39.454 Silver Raw
39.460 Magenta Wavy
39.465 Magenta Rough
39.478 Violet Wavy
39.479 Crimson Smooth
39.483 Purple Smooth
39.488 Lime Smooth
39.489 Violet Raw
39.500 Salmon Wavy
39.507 Purple Wavy
39.508 Red Soft
39.511 Gray Rough
39.560 Purple Raw
39.568 Lime Wavy
39.570 Magenta Rough
39.577 Azure Wavy
39.585 Orange Raw
39.590 Gray Wavy
39.602 Orange Wavy
39.612 Gray Soft
39.623 Purple Wavy
39.630 Magenta Raw
39.634 Crimson Raw
39.637 Orange Raw
39.691 Pink Wavy
39.696 Purple Rough
39.699 Brown Soft
39.705 Lime Smooth
39.721 Yellow Raw
39.740 Yellow Wavy
39.742 Lime Wavy
39.748 White Wavy
39.778 Salmon Wavy
39.780 Yellow Rough
39.796 Magenta Raw
39.810 Lime Rough
39.824 Azure Rough
39.836 Silver Soft
39.874 Lime Soft
39.876 Silver Soft
39.879 Silver Wavy
39.914 Azure Smooth
39.924 Azure Wavy
39.928 Cyan Wavy
39.952 Lime Raw
39.960 Salmon Soft
39.967 Violet Soft
39.982 Silver Wavy
40.005 White Raw
40.045 Gray Soft
40.049 Purple Wavy
40.062 Orange Raw
40.074 Orange Soft
40.090 Yellow Soft
40.108 Magenta Raw
40.132 Crimson Soft
40.139 Red Soft
40.144 Azure Wavy
40.146 Cyan Raw
40.180 Red Rough
40.191 Orange Wavy
40.200 Gray Soft
40.218 Gray Smooth
40.238 Brown Soft
40.242 Pink Raw
40.245 Gray Wavy
40.254 Violet Smooth
40.272 Brown Rough
40.273 Lime Raw
40.283 Crimson Soft
40.288 Crimson Soft
40.309 Violet Soft
40.331 Purple Wavy
40.339 Violet Soft
40.343 Violet Rough
40.349 Salmon Rough
40.352 Orange Rough
40.360 Pink Raw
40.365 Gray Raw
40.368 Yellow Smooth
40.384 Brown Smooth
40.385 Cyan Smooth
40.395 Magenta Smooth
40.399 Salmon Wavy
40.407 Gray Raw
40.413 Purple Wavy
40.423 Gray Soft
40.445 Purple Wavy
40.448 Violet Soft
40.453 Cyan Rough
40.460 Crimson Wavy
40.467 Salmon Raw
40.473 White Rough
40.482 Lime Soft
40.499 Purple Soft
40.525 White Soft
40.542 Violet Soft
40.548 Magenta Rough
40.553 White Rough
40.561 Azure Raw
40.563 Orange Smooth
40.582 Purple Smooth
40.584 Purple Soft
40.587 Violet Rough
40.593 Orange Raw
40.621 Pink Rough
40.649 White Wavy
40.656 Silver Rough
40.668 Cyan Rough
40.700 Azure Soft
40.739 Salmon Wavy
40.751 Crimson Wavy
40.761 Brown Raw
40.802 Magenta Soft
40.816 Lime Soft
40.820 Silver Wavy
40.825 Yellow Smooth
40.828 Azure Soft
40.835 Purple Raw
40.838 White Rough
40.854 Silver Smooth
40.855 Azure Rough
40.859 Orange Soft
40.889 Violet Wavy
40.904 Magenta Raw
40.913 Crimson Smooth
40.915 Red Smooth
40.930 Salmon Wavy
40.937 White Raw
40.948 Red Smooth
40.957 Silver Soft
40.958 Lime Rough
40.964 Lime Wavy
40.965 Magenta Soft
40.967 Azure Rough
40.970 Violet Rough
40.982 Pink Raw
40.993 Lime Raw
40.996 Cyan Soft
41.003 Salmon Raw
41.015 Crimson Wavy
41.044 Gray Smooth
41.049 Salmon Smooth
41.057 Orange Rough
41.063 Cyan Smooth
41.064 Gray Wavy
41.083 Lime Wavy
41.085 Crimson Smooth
41.092 Purple Wavy
41.100 Silver Smooth
41.105 White Raw
41.120 Violet Soft
41.122 Lime Wavy
41.125 Purple Raw
41.133 Silver Raw
41.140 Violet Raw
41.141 Cyan Soft
41.143 Violet Wavy
41.153 Brown Wavy
41.163 Orange Raw
41.182 White Rough
41.185 Orange Raw
41.186 Cyan Wavy
41.190 Crimson Soft
41.194 Gray Wavy
41.198 Violet Rough
41.202 White Raw
41.214 Violet Soft
41.216 Crimson Rough
41.223 Crimson Smooth
41.231 Crimson Smooth
41.235 Salmon Rough
41.262 Orange Raw
41.271 Pink Wavy
41.273 Azure Raw
41.279 Crimson Wavy
41.291 Cyan Smooth
41.293 Purple Wavy
41.316 Salmon Rough
41.344 Violet Smooth
41.357 Pink Rough
41.369 Pink Soft
41.374 Pink Rough
41.377 Red Wavy
41.391 Gray Rough
41.394 Orange Raw
41.421 Pink Smooth
41.429 White Soft
41.430 Magenta Soft
41.446 Salmon Soft
41.447 Yellow Smooth
41.471 Magenta Rough
41.500 Orange Raw
41.520 White Rough
41.530 Cyan Smooth
41.531 Violet Rough
41.533 Salmon Soft
41.539 Brown Smooth
41.540 Pink Smooth
41.555 Azure Rough
41.560 Crimson Wavy
41.586 Magenta Smooth
41.587 Magenta Smooth
41.596 Brown Soft
41.604 Pink Smooth
41.616 Crimson Smooth
41.631 Salmon Wavy
41.639 Salmon Raw
41.643 Red Soft
41.646 Gray Smooth
41.661 Brown Wavy
41.671 Yellow Raw
41.673 Orange Raw
41.699 Yellow Raw
41.700 Magenta Rough
41.710 Violet Rough
41.711 Violet Raw
41.723 Yellow Smooth
41.724 Magenta Soft
41.760 Brown Rough
41.761 Red Rough
41.763 Red Raw
41.786 White Soft
41.789 Crimson Smooth
41.796 Yellow Smooth
41.798 Salmon Wavy
41.804 Salmon Rough
41.810 Purple Smooth
41.811 Brown Raw
41.857 Lime Raw
41.860 Violet Soft
41.865 Gray Rough
41.867 Azure Smooth
41.877 Yellow Raw
41.893 Lime Raw
41.904 Pink Wavy
41.905 Lime Soft
41.921 Violet Rough
41.925 Cyan Rough
41.930 Lime Soft
41.941 White Wavy
41.954 Orange Raw
41.961 Violet Rough
41.977 Orange Smooth
41.989 Violet Rough
41.995 Orange Rough
42.008 Orange Wavy
42.014 Violet Smooth
42.036 Orange Wavy
42.049 Pink Rough
42.051 Azure Rough
42.056 Gray Wavy
42.059 Red Smooth
42.061 Brown Rough
42.071 Pink Soft
42.072 Gray Soft
42.084 Pink Rough
42.085 Pink Smooth
42.115 Crimson Soft
42.117 Azure Rough
42.126 Silver Soft
42.128 Crimson Soft
42.135 Azure Raw
42.136 Crimson Rough
42.145 Silver Raw
42.156 Pink Wavy
42.170 Lime Smooth
42.175 Salmon Rough
42.181 Cyan Wavy
42.185 Azure Smooth
42.206 White Wavy
42.217 Crimson Rough
42.230 Crimson Soft
42.249 Crimson Rough
42.278 Red Wavy
42.288 Lime Soft
42.292 Magenta Wavy
42.301 Crimson Smooth
42.308 Violet Wavy
42.331 Cyan Raw
42.345 Brown Smooth
42.351 Yellow Raw
42.354 White Raw
42.359 Yellow Soft
42.370 Gray Soft
42.371 Brown Smooth
42.373 Gray Rough
42.378 Purple Rough
42.384 Brown Wavy
42.385 Purple Smooth
42.395 Azure Smooth
42.408 Crimson Raw
42.411 Magenta Smooth
42.427 Purple Raw
42.440 Red Wavy
42.441 Orange Rough
42.451 Red Soft
42.456 Orange Smooth
42.462 Lime Soft
42.481 Lime Soft
42.487 Brown Soft
42.494 Orange Raw
42.520 Pink Smooth
42.574 Silver Rough
42.575 Lime Rough
42.608 White Raw
42.613 Crimson Raw
42.616 Salmon Soft
42.631 Salmon Soft
42.633 Silver Raw
42.642 Orange Smooth
42.650 Brown Wavy
42.654 Crimson Soft
42.655 Lime Smooth
42.664 Orange Soft
42.668 Cyan Raw
42.676 Brown Raw
42.689 Salmon Rough
42.713 Purple Soft
42.721 Salmon Soft
42.725 White Raw
42.730 Silver Soft
42.732 Magenta Smooth
42.752 Gray Smooth
42.756 Brown Rough
42.758 Pink Soft
42.763 Azure Soft
42.764 Salmon Smooth
42.774 Orange Raw
42.777 Cyan Rough
42.795 Cyan Smooth
42.811 Silver Raw
42.820 Purple Smooth
42.823 Purple Soft
42.829 Yellow Rough
42.844 Gray Soft
42.847 Purple Soft
42.848 Pink Smooth
42.863 Orange Smooth
42.895 Purple Soft
42.898 Gray Wavy
42.913 Brown Smooth
42.917 Yellow Soft
42.918 Yellow Smooth
42.923 Cyan Smooth
42.947 Lime Rough
42.963 Lime Smooth
42.980 Yellow Smooth
42.989 Orange Smooth
42.994 Cyan Soft
43.007 Brown Raw
43.016 Purple Rough
43.031 Orange Raw
43.037 Purple Wavy
43.057 Cyan Smooth
43.062 White Soft
43.067 Brown Smooth
43.069 Cyan Rough
43.078 White Smooth
43.110 Cyan Soft
43.111 Crimson Raw
43.115 Yellow Rough
43.119 Salmon Rough
43.123 Brown Smooth
43.176 Violet Smooth
43.184 Magenta Raw
43.193 Salmon Rough
43.195 Pink Raw
43.204 White Raw
43.214 Red Raw
43.239 Yellow Smooth
43.267 Violet Smooth
43.269 Azure Smooth
43.291 Red Soft
43.297 Crimson Wavy
43.302 White Soft
43.304 Magenta Wavy
43.325 Orange Soft
43.332 Crimson Wavy
43.336 Purple Smooth
43.347 White Raw
43.373 Salmon Smooth
43.377 Yellow Soft
43.380 Cyan Rough
43.382 Silver Smooth
43.384 Violet Soft
43.387 Salmon Soft
43.394 Salmon Soft
43.399 Yellow Rough
43.408 Gray Soft
43.412 Gray Wavy
43.418 Salmon Rough
43.422 Gray Soft
43.424 Brown Smooth
43.433 Violet Rough
43.438 Violet Smooth
43.465 Gray Wavy
43.486 Pink Wavy
43.492 Yellow Soft
43.511 Magenta Rough
43.533 Silver Smooth
43.555 Salmon Wavy
43.556 Lime Raw
43.562 Azure Smooth
43.585 Yellow Wavy
43.587 Gray Smooth
43.599 Lime Raw
43.600 Gray Raw
43.605 Lime Soft
43.608 Salmon Smooth
43.610 White Soft
43.624 Lime Wavy
43.630 Violet Soft
43.660 Azure Raw
43.661 Red Rough
43.686 Azure Rough
43.692 Orange Raw
43.702 Yellow Soft
43.713 White Raw
43.721 Pink Raw
43.725 Magenta Wavy
43.731 Silver Smooth
43.747 Purple Rough
43.759 Gray Rough
43.771 White Soft
43.784 Lime Soft
43.803 Azure Rough
43.825 Orange Wavy
43.848 Purple Smooth
43.864 White Wavy
43.874 White Smooth
43.889 Silver Smooth
43.898 Red Smooth
43.899 Silver Smooth
43.901 Brown Rough
43.902 Violet Rough
43.906 Magenta Smooth
43.943 Gray Raw
43.944 Orange Smooth
43.958 Salmon Smooth
43.966 White Soft
43.974 Yellow Raw
43.982 Lime Rough
44.010 Azure Rough
44.020 Red Wavy
44.024 Salmon Raw
44.045 Silver Smooth
44.048 Pink Rough
44.084 Salmon Wavy
44.087 Yellow Rough
44.109 Brown Smooth
44.116 Yellow Rough
44.119 Violet Rough
44.130 Cyan Wavy
44.163 Purple Wavy
44.189 Purple Rough
44.203 Silver Smooth
44.213 Salmon Soft
44.222 Crimson Raw
44.225 Cyan Smooth
44.226 Crimson Rough
44.244 Silver Raw
44.252 Lime Raw
44.271 Lime Soft
44.285 Silver Smooth
44.311 Gray Rough
44.312 Crimson Raw
44.315 Gray Smooth
44.333 White Rough
44.335 Red Smooth
44.355 Magenta Raw
44.356 Pink Soft
44.374 Pink Smooth
44.377 Azure Rough
44.384 Violet Smooth
44.388 Brown Smooth
44.392 Azure Soft
44.394 White Wavy
44.405 Lime Rough
44.411 Brown Wavy
44.413 Silver Soft
44.416 Orange Raw
44.428 Salmon Rough
44.432 Red Wavy
44.434 Silver Wavy
44.438 White Rough
44.459 Red Smooth
44.461 Azure Smooth
44.482 Orange Smooth
44.484 Violet Raw
44.506 Lime Raw
44.517 Yellow Soft
44.532 Gray Raw
44.547 Brown Rough
44.552 Lime Smooth
44.557 Gray Raw
44.565 Purple Rough
44.593 Purple Rough
44.613 Crimson Rough
44.625 Red Soft
44.633 Purple Smooth
44.645 Magenta Raw
44.659 Gray Wavy
44.660 Orange Rough
44.667 Lime Raw
44.675 Yellow Smooth
44.679 Gray Rough
44.703 Violet Soft
44.704 Crimson Rough
44.721 Violet Smooth
44.722 Red Rough
44.724 Orange Soft
44.726 White Rough
44.727 Azure Soft
44.757 Orange Wavy
44.759 Purple Smooth
44.768 Yellow Smooth
44.789 Cyan Smooth
44.796 Red Soft
44.797 Brown Smooth
44.802 Crimson Raw
44.813 Red Raw
44.815 Pink Smooth
44.831 Orange Wavy
44.832 Brown Wavy
44.837 Lime Smooth
44.853 Silver Soft
44.856 Brown Wavy
44.858 Yellow Raw
44.867 Orange Raw
44.878 Pink Raw
44.896 Silver Wavy
44.922 Salmon Rough
44.938 Azure Rough
44.940 Salmon Wavy
44.952 Azure Soft
44.959 Brown Raw
44.964 Salmon Soft
44.967 Crimson Rough
44.969 Red Smooth
44.983 Magenta Raw
44.987 Lime Soft
44.989 Salmon Smooth
44.991 Purple Raw
45.003 Red Raw
45.005 Pink Raw
45.017 Crimson Smooth
45.019 Pink Wavy
45.030 Lime Raw
45.041 Salmon Smooth
45.043 Pink Smooth
45.046 Orange Smooth
45.048 Azure Wavy
45.050 Silver Rough
45.057 Azure Wavy
45.070 Violet Smooth
45.081 Lime Wavy
45.085 Gray Wavy
45.096 Magenta Rough
45.097 Red Raw
45.105 Purple Soft
45.112 Pink Rough
45.114 Lime Rough
45.121 Pink Soft
45.122 Lime Rough
45.127 Pink Raw
45.134 Brown Soft
45.138 Orange Smooth
45.143 Silver Soft
45.154 Brown Soft
45.158 Azure Rough
45.159 Cyan Rough
45.165 Red Smooth
45.175 Magenta Soft
45.188 Azure Smooth
45.193 White Smooth
45.195 Azure Soft
45.199 Azure Smooth
45.215 Pink Rough
45.216 Yellow Rough
45.218 Silver Rough
45.232 Cyan Smooth
45.256 Magenta Soft
45.283 Magenta Raw
45.288 Magenta Wavy
45.298 White Wavy
45.304 Salmon Raw
45.321 Lime Smooth
45.322 Purple Smooth
45.341 Brown Soft
45.343 Orange Smooth
45.379 Magenta Smooth
45.380 Brown Smooth
45.400 Gray Smooth
45.416 Yellow Wavy
45.421 Magenta Wavy
45.423 Cyan Soft
45.435 White Raw
45.441 Azure Soft
45.443 Orange Smooth
45.446 White Rough
45.465 Orange Rough
45.466 Red Soft
45.518 Salmon Soft
45.537 Orange Wavy
45.542 Cyan Wavy
45.552 Cyan Wavy
45.553 Violet Wavy
45.563 Crimson Wavy
45.581 Yellow Soft
45.590 Silver Smooth
45.592 White Smooth
45.594 Yellow Wavy
45.599 Magenta Smooth
45.601 Lime Raw
45.614 Salmon Soft
45.617 Violet Wavy
45.622 Salmon Raw
45.630 Pink Rough
45.642 Azure Smooth
45.647 Gray Smooth
45.649 White Rough
45.650 Salmon Smooth
45.668 Red Wavy
45.690 Red Raw
45.696 White Smooth
45.700 Gray Rough
45.706 Crimson Soft
45.709 Salmon Smooth
45.714 Silver Rough
45.730 Pink Rough
45.735 Pink Rough
45.753 Red Raw
45.760 White Wavy
45.761 Silver Smooth
45.763 Brown Soft
45.765 White Soft
45.805 Lime Rough
45.806 Red Rough
45.807 Violet Rough
45.817 Cyan Rough
45.824 Lime Raw
45.836 Violet Smooth
45.838 Silver Rough
45.842 Brown Rough
45.860 Violet Soft
45.865 Yellow Wavy
45.870 Cyan Soft
45.872 Magenta Wavy
45.886 Yellow Soft
45.893 Silver Rough
45.894 White Rough
45.901 Gray Rough
45.905 Pink Soft
45.909 Lime Wavy
45.917 Purple Raw
45.918 Red Raw
45.920 Lime Wavy
45.929 Silver Wavy
45.930 Red Soft
45.937 Yellow Raw
45.938 Brown Wavy
45.970 Azure Smooth
45.973 Azure Smooth
45.983 Red Soft
45.990 Brown Raw
45.993 Brown Rough
45.997 Silver Smooth
46.001 Pink Wavy
46.008 Purple Wavy
46.009 Salmon Rough
46.023 Gray Smooth
46.025 Azure Rough
46.028 Red Rough
46.031 Orange Wavy
46.050 Azure Rough
46.059 Gray Wavy
46.072 Red Rough
46.099 Red Raw
46.104 Yellow Soft
46.109 Violet Wavy
46.127 Purple Wavy
46.139 Lime Soft
46.142 Pink Smooth
46.143 Brown Soft
46.144 Violet Smooth
46.166 Azure Smooth
46.175 Red Wavy
46.178 Silver Smooth
46.181 Red Wavy
46.200 Red Wavy
46.205 Purple Rough
46.210 Yellow Raw
46.216 Magenta Rough
46.221 Cyan Smooth
46.249 Silver Raw
46.263 Purple Rough
46.269 Red Smooth
46.277 Brown Wavy
46.281 Orange Soft
46.313 Salmon Smooth
46.321 Azure Raw
46.326 White Rough
46.329 Purple Wavy
46.332 Gray Raw
46.345 Red Rough
46.354 White Smooth
46.370 Violet Wavy
46.375 Cyan Smooth
46.385 Lime Smooth
46.406 White Wavy
46.418 Brown Smooth
46.429 Red Rough
46.435 Pink Smooth
46.452 Gray Wavy
46.457 Gray Soft
46.459 Purple Rough
46.461 Gray Rough
46.471 Magenta Soft
46.473 Pink Wavy
46.474 Salmon Raw
46.489 Magenta Wavy
46.504 Crimson Soft
46.520 Brown Wavy
46.529 Brown Rough
46.546 Gray Smooth
46.561 Yellow Smooth
46.563 Magenta Smooth
46.582 Purple Smooth
46.593 Orange Wavy
46.595 Silver Rough
46.611 Red Raw
46.653 Silver Wavy
46.688 Gray Wavy
46.692 Orange Wavy
46.700 White Wavy
46.721 Cyan Rough
46.736 Orange Raw
46.756 Silver Wavy
46.765 Gray Rough
46.785 Cyan Rough
46.790 Lime Smooth
46.794 Yellow Rough
46.826 Salmon Raw
46.847 Yellow Wavy
46.848 Cyan Raw
46.852 Magenta Wavy
46.905 Purple Soft
46.909 Azure Wavy
46.913 Gray Raw
46.920 Lime Raw
46.925 Silver Soft
46.930 Violet Wavy
46.934 Lime Wavy
46.936 Crimson Wavy
46.939 Silver Soft
46.940 Red Wavy
46.952 Azure Wavy
46.953 Violet Smooth
46.964 Magenta Soft
46.995 Silver Rough
47.013 Crimson Wavy
47.015 Lime Smooth
47.024 Salmon Rough
47.038 Purple Wavy
47.043 Pink Rough
47.047 Red Rough
47.053 Orange Smooth
47.061 Cyan Wavy
47.080 Yellow Smooth
47.094 Crimson Smooth
47.098 Violet Wavy
47.108 Azure Smooth
47.125 Crimson Smooth
47.133 Silver Raw
47.139 Violet Rough
47.145 Azure Wavy
47.182 Violet Wavy
47.183 Crimson Smooth
47.185 Violet Rough
47.187 Crimson Soft
47.193 Red Rough
47.195 Crimson Wavy
47.216 Silver Wavy
47.232 Pink Soft
47.239 Yellow Rough
47.250 Brown Smooth
47.252 Salmon Wavy
47.268 Salmon Soft
47.269 Lime Raw
47.284 Lime Rough
47.289 Red Raw
47.293 Purple Rough
47.303 Orange Wavy
47.311 Purple Wavy
47.316 Red Wavy
47.323 Violet Wavy
47.325 Silver Raw
47.337 Cyan Raw
47.368 Cyan Rough
47.387 Gray Rough
47.415 Magenta Rough
47.420 Brown Wavy
47.434 Azure Wavy
47.435 Silver Rough
47.485 Brown Wavy
47.508 Crimson Rough
47.518 Gray Soft
47.527 Red Soft
47.553 Magenta Raw
47.561 Gray Raw
47.566 Violet Wavy
47.571 Magenta Soft
47.573 Gray Raw
47.586 Salmon Raw
47.607 Lime Rough
47.614 Silver Smooth
47.638 Yellow Rough
47.646 Violet Rough
47.665 Brown Soft
47.681 Brown Rough
47.689 White Smooth
47.694 Magenta Wavy
47.699 Gray Smooth
47.704 Violet Smooth
47.706 Silver Rough
47.709 Lime Rough
47.724 Brown Soft
47.739 Magenta Soft
47.748 Yellow Wavy
47.750 Azure Rough
47.771 Yellow Rough
47.803 Crimson Rough
47.806 Violet Raw
47.808 White Wavy
47.809 Crimson Wavy
47.819 Red Smooth
47.824 Red Soft
47.832 Red Wavy
47.867 Orange Smooth
47.872 Yellow Smooth
47.873 Brown Raw
47.875 Red Smooth
47.879 Purple Rough
47.884 Red Raw
47.898 Brown Raw
47.913 White Smooth
47.931 Lime Rough
47.945 Violet Raw
47.947 Purple Soft
47.951 Gray Wavy
47.954 Gray Raw
47.960 Salmon Raw
47.974 Violet Soft
47.980 Silver Soft
47.989 Crimson Raw
47.997 Pink Smooth
48.050 Gray Rough
48.054 Yellow Wavy
48.081 Gray Smooth
48.083 Silver Smooth
48.084 Azure Raw
48.085 Orange Rough
48.087 Cyan Raw
48.091 Orange Wavy
48.108 Cyan Smooth
48.126 Azure Wavy
48.135 Salmon Soft
48.139 Purple Smooth
48.159 Silver Rough
48.164 Gray Wavy
48.180 Red Soft
48.213 Pink Smooth
48.228 Salmon Smooth
48.233 Lime Soft
48.242 Purple Rough
48.248 Brown Rough
48.255 Red Smooth
48.256 Red Soft
48.309 Silver Wavy
48.323 Azure Raw
48.325 Yellow Raw
48.340 Purple Raw
48.341 Purple Raw
48.342 Gray Raw
48.343 Cyan Wavy
48.362 Lime Smooth
48.370 Orange Smooth
48.378 Salmon Smooth
48.383 Lime Soft
48.384 Brown Wavy
48.389 Brown Raw
48.403 Purple Raw
48.404 Pink Rough
48.406 Violet Smooth
48.416 Gray Wavy
48.424 White Smooth
48.426 Red Rough
48.460 Silver Soft
48.464 Yellow Wavy
48.476 Lime Smooth
48.491 Brown Rough
48.501 Cyan Soft
48.519 Brown Wavy
48.523 Yellow Rough
48.526 Gray Rough
48.527 Yellow Wavy
48.534 Violet Wavy
48.540 Cyan Wavy
48.541 Orange Smooth
48.542 Lime Soft
48.543 Magenta Soft
48.545 Red Raw
48.549 Brown Raw
48.555 Magenta Smooth
48.558 Salmon Rough
48.563 Brown Smooth
48.582 Purple Rough
48.590 Magenta Soft
48.592 Purple Soft
48.609 Pink Rough
48.621 Brown Wavy
48.644 Violet Smooth
48.653 Cyan Wavy
48.669 Azure Smooth
48.674 Crimson Raw
48.678 Brown Smooth
48.697 Pink Smooth
48.721 White Raw
48.725 Crimson Wavy
48.733 White Wavy
48.742 Azure Rough
48.746 Lime Raw
48.766 Purple Wavy
48.769 Salmon Raw
48.776 Silver Soft
48.787 White Wavy
48.790 Salmon Rough
48.791 Lime Smooth
48.806 Silver Wavy
48.807 Purple Soft
48.813 Lime Rough
48.836 Gray Soft
48.848 Violet Soft
48.900 Crimson Wavy
48.908 Azure Wavy
48.916 Yellow Smooth
48.954 Cyan Rough
48.971 Lime Raw
48.977 Azure Raw
48.978 Lime Raw
49.028 Brown Soft
49.031 Salmon Smooth
49.036 Orange Soft
49.037 Salmon Wavy
49.046 Gray Soft
49.050 White Wavy
49.066 Crimson Rough
49.073 Purple Wavy
49.075 Orange Soft
49.096 Gray Rough
49.098 Crimson Wavy
49.106 Cyan Rough
49.155 Violet Wavy
49.158 Brown Rough
49.161 Cyan Raw
49.165 Red Raw
49.185 Lime Rough
49.189 Orange Smooth
49.196 Orange Smooth
49.214 Lime Wavy
49.223 Cyan Rough
49.270 Cyan Soft
49.282 Violet Soft
49.285 Crimson Soft
49.287 Purple Raw
49.301 Cyan Raw
49.308 Gray Soft
49.323 Lime Smooth
49.357 Silver Smooth
49.361 Crimson Raw
49.362 Azure Soft
49.367 Pink Wavy
49.375 Gray Raw
49.379 Red Soft
49.395 Brown Smooth
49.398 Purple Rough
49.407 Violet Rough
49.408 Silver Raw
49.409 Purple Raw
49.413 Violet Rough
49.428 Orange Rough
49.440 Orange Smooth
49.467 Silver Rough
49.472 Azure Smooth
49.479 Silver Soft
49.517 Crimson Soft
49.527 Crimson Raw
49.535 Salmon Soft
49.543 Azure Soft
49.557 Brown Rough
49.569 Orange Rough
49.570 Violet Wavy
49.571 Brown Smooth
49.585 Crimson Raw
49.588 Cyan Wavy
49.610 Brown Wavy
49.624 Violet Soft
49.628 White Wavy
49.640 Salmon Wavy
49.644 Magenta Wavy
49.665 Brown Rough
49.669 Red Soft
49.671 White Raw
49.695 Magenta Wavy
49.703 Cyan Soft
49.706 Salmon Raw
49.712 Brown Smooth
49.713 Azure Raw
49.716 Silver Rough
49.718 Crimson Smooth
49.727 Gray Rough
49.735 Brown Raw
49.744 Magenta Soft
49.745 White Soft
49.746 Silver Soft
49.755 Magenta Soft
49.760 White Raw
49.778 Pink Soft
49.785 White Raw
49.811 Purple Rough
49.821 Violet Soft
49.825 Magenta Raw
49.832 Violet Rough
49.847 Crimson Wavy
49.849 Magenta Raw
49.861 Pink Soft
49.896 White Smooth
49.920 Crimson Raw
49.923 Magenta Wavy
49.925 Brown Soft
49.926 Pink Wavy
49.930 Silver Rough
49.935 Red Wavy
49.943 Red Smooth
49.954 Magenta Raw
49.967 Salmon Soft
49.975 Crimson Smooth
50.005 Salmon Wavy
50.017 Brown Rough
50.019 Salmon Rough
50.030 Yellow Soft
50.043 Purple Soft
50.044 Cyan Smooth
50.056 White Smooth
50.068 Pink Smooth
50.084 Crimson Smooth
50.098 Orange Rough
50.124 Silver Soft
50.132 Purple Wavy
50.147 Crimson Raw
50.184 Cyan Raw
50.192 Magenta Soft
50.193 Purple Soft
50.217 Cyan Smooth
50.218 Cyan Soft
50.229 Lime Soft
50.236 Pink Soft
50.239 Red Raw
50.248 Purple Soft
50.255 Brown Smooth
50.257 Orange Raw
50.260 White Raw
50.262 Lime Wavy
50.264 Crimson Smooth
50.278 Violet Raw
50.280 White Soft
50.281 Magenta Raw
50.286 Violet Rough
50.288 Pink Raw
50.291 Magenta Rough
50.292 Gray Rough
50.320 Purple Soft
50.336 Silver Wavy
50.346 Yellow Soft
50.353 Cyan Soft
50.391 Crimson Soft
50.403 Silver Wavy
50.417 Cyan Rough
50.421 Lime Soft
50.433 Crimson Soft
50.438 Orange Raw
50.446 Salmon Raw
50.453 White Smooth
50.467 Crimson Rough
50.471 Gray Wavy
50.473 Salmon Soft
50.484 Lime Wavy
50.488 Orange Soft
50.499 Gray Soft
50.518 Lime Raw
50.519 Salmon Raw
50.561 Brown Soft
50.562 Red Raw
50.566 Cyan Smooth
50.569 Gray Soft
50.572 Azure Raw
50.577 Silver Rough
50.596 Silver Rough
50.624 Magenta Soft
50.625 Pink Rough
50.634 Brown Rough
50.648 Azure Soft
50.663 Brown Rough
50.666 Cyan Smooth
50.675 Azure Soft
50.679 Azure Wavy
50.682 White Soft
50.689 White Smooth
50.703 Crimson Soft
50.715 Orange Rough
50.720 Brown Rough
50.722 Silver Soft
50.731 Orange Rough
50.763 Magenta Rough
50.764 White Smooth
50.787 Red Rough
50.791 Gray Raw
50.795 Red Raw
50.805 Yellow Rough
50.824 Purple Smooth
50.826 Brown Raw
50.828 Yellow Raw
50.831 White Smooth
50.833 Crimson Soft
50.838 Crimson Raw
50.839 Silver Raw
50.850 Salmon Smooth
50.851 Orange Smooth
50.875 Violet Soft
50.882 Purple Rough
50.883 Azure Wavy
50.885 Purple Soft
50.888 Pink Soft
50.898 Magenta Rough
50.903 Pink Raw
50.919 Cyan Rough
50.928 Gray Wavy
50.957 Azure Wavy
