Saida do programa:
5 / 3 = 1
NOTA: para mudar os valores, altere os ultimos dois valores da fita

Estado final da fita:
7
510
78
3
78
511
81
6
81
88
2
511
83
81
1
78
81
78
1
79
85
79
5
86
9
510
8
89
8
90
8
89
9
511
8
89
8
93
8
89
9
79
8
87
7
164
80
7
91
76
5
82
0
7
80
57
7
163
77
4
84
77
81
6
81
94
8
77
1
85
80
80
5
92
5
76
52
0
2
1
163
1
53
-1
0
1
3
10
24
32
47
52
53
61
74
78
79
84
65
58
32
112
97
114
97
32
109
117
100
97
114
32
111
115
32
118
97
108
111
114
101
115
44
32
97
108
116
101
114
101
32
111
115
32
117
108
116
105
109
111
115
32
100
111
105
115
32
118
97
108
111
114
101
115
32
100
97
32
102
105
116
97
10
0
95
0
0
0
0
0
0
0
0
0
0
0
0
0
0
0
0
0
0
0
0
0
0
0
0
0
0
0
0
0
0
0
0
0
0
0
0
0
0
0
0
0
0
0
0
0
0
0
0
0
0
0
0
0
0
0
0
0
0
0
0
0
0
0
0
0
0
0
0
0
0
0
0
0
0
0
0
0
0
0
0
0
0
0
0
0
0
0
0
0
0
0
0
0
0
0
0
0
0
0
0
0
0
0
0
0
0
0
0
0
0
0
0
0
0
0
0
0
0
0
0
0
0
0
0
0
0
0
0
0
0
0
0
0
0
0
0
0
0
0
0
0
0
0
0
0
0
0
0
0
0
0
0
0
0
0
0
0
0
0
0
0
0
0
0
0
0
0
0
0
0
0
0
0
0
0
0
0
0
0
0
0
0
0
0
0
0
0
0
0
0
0
0
0
0
0
0
0
0
0
0
0
0
0
0
0
0
0
0
0
0
0
0
0
0
0
0
0
0
0
0
0
0
0
0
0
0
0
0
0
0
0
0
0
0
0
0
0
0
0
0
0
0
0
0
0
0
0
0
0
0
0
0
0
0
0
0
0
0
0
0
0
0
0
0
0
0
0
0
0
0
0
0
0
0
0
0
0
0
0
0
0
0
0
0
0
0
0
0
0
0
0
0
0
0
0
0
0
0
0
0
0
0
0
0
0
0
0
0
0
0
0
0
0
0
0
0
0
0
0
0
0
0
0
0
0
0
0
0
0
0
0
0
0
0
0
0
0
0
0
0
0
0
0
0
0
5
3
