Saida do programa:
Calculando fibonacci(10) = 55
NOTA: Altere o ultimo valor da fita para mudar o valor a ser calculado

Estado final da fita:
7
294
5
7
396
510
1
294
400
294
7
294
15
7
405
509
1
294
400
294
5
398
1
294
402
294
9
511
7
294
33
7
395
510
1
294
400
294
7
294
43
7
406
509
1
294
400
294
5
398
1
294
402
294
7
294
59
7
511
510
1
294
400
294
7
294
69
7
407
509
1
294
400
294
5
394
9
288
8
404
7
294
85
7
397
509
1
294
400
294
7
294
95
7
408
508
1
294
400
294
5
398
1
294
402
294
0
1
294
403
290
7
290
115
7
495
292
3
292
403
289
6
289
411
1
292
400
289
7
294
133
7
289
496
1
294
400
294
7
294
143
7
409
495
1
294
400
294
5
394
1
294
402
294
1
294
403
290
7
290
162
7
498
292
7
294
169
7
288
496
1
294
400
294
1
292
399
289
7
294
183
7
289
495
1
294
400
294
7
294
193
7
410
494
1
294
400
294
5
394
1
294
402
294
1
294
402
294
7
294
212
7
508
289
1
289
288
288
1
294
402
294
7
294
226
7
509
293
5
293
7
292
288
1
294
402
294
7
294
241
7
494
293
5
293
1
294
403
290
7
290
253
7
509
291
7
291
259
7
393
289
4
401
289
293
6
293
413
8
289
1
402
291
291
5
412
1
294
402
294
7
294
284
7
508
293
5
293
55
0
509
393
0
102
509
67
97
108
99
117
108
97
110
100
111
32
102
105
98
111
110
97
99
99
105
40
0
41
32
61
32
0
78
79
84
65
58
32
65
108
116
101
114
101
32
111
32
117
108
116
105
109
111
32
118
97
108
111
114
32
100
97
32
102
105
116
97
32
112
97
114
97
32
109
117
100
97
114
32
111
32
118
97
108
111
114
32
97
32
115
101
114
32
99
97
108
99
117
108
97
100
111
10
0
107
317
295
322
245
-2
-1
0
1
2
10
22
50
76
102
150
200
230
255
276
0
0
0
0
0
0
0
0
0
0
0
0
0
0
0
0
0
0
0
0
0
0
0
0
0
0
0
0
0
0
0
0
0
0
0
0
0
0
0
0
0
0
0
0
0
0
0
0
0
0
0
0
0
0
0
0
0
0
0
0
0
0
0
0
0
0
0
0
0
0
0
0
0
0
0
0
200
200
200
200
200
0
1
200
2
2
200
4
5
200
6
13
200
8
102
322
10
10
