Saida do programa:
Voce e do rock???
R: ha duvidas?? eu sou o proprio Punk ...

Estado final da fita:
7
136
50
5
140
6
51
138
5
139
0
7
132
52
7
137
50
5
140
7
133
52
7
137
50
5
140
7
52
31
7
114
48
4
134
48
49
6
49
50
8
48
1
135
52
52
5
140
0
1
10
1
114
86
111
99
101
32
101
32
100
111
32
114
111
99
107
63
63
63
10
0
82
58
32
104
97
32
100
117
118
105
100
97
115
63
63
32
101
117
32
115
111
117
32
111
32
112
114
111
112
114
105
111
32
80
117
110
107
32
46
46
46
10
0
82
58
32
111
113
32
115
101
114
32
114
111
99
107
63
10
0
72
115
0
1
5
10
11
19
27
0
0
0
0
0
0
0
0
0
0
0
0
0
0
0
0
0
0
0
0
0
0
0
0
0
0
0
0
0
0
0
0
0
0
0
0
0
0
0
0
0
0
0
0
0
0
0
0
0
0
0
0
0
0
0
0
0
0
0
0
0
0
0
0
0
0
0
0
0
0
0
0
0
0
0
0
0
0
0
0
0
0
0
0
0
0
0
0
0
0
0
0
0
0
0
0
0
0
0
0
0
0
0
0
0
0
0
0
0
0
0
0
0
0
0
0
0
0
0
0
0
0
0
0
0
0
0
0
0
0
0
0
0
0
0
0
0
0
0
0
0
0
0
0
0
0
0
0
0
0
0
0
0
0
0
0
0
0
0
0
0
0
0
0
0
0
0
0
0
0
0
0
0
0
0
0
0
0
0
0
0
0
0
0
0
0
0
0
0
0
0
0
0
0
0
0
0
0
0
0
0
0
0
0
0
0
0
0
0
0
0
0
0
0
0
0
0
0
0
0
0
0
0
0
0
0
0
0
0
0
0
0
0
0
0
0
0
0
0
0
0
0
0
0
0
0
0
0
0
0
0
0
0
0
0
0
0
0
0
0
0
0
0
0
0
0
0
0
0
0
0
0
0
0
0
0
0
0
0
0
0
0
0
0
0
0
0
0
0
0
0
0
0
0
0
0
0
0
0
0
0
0
0
0
0
0
0
0
0
0
0
0
0
0
0
0
0
0
0
0
0
0
0
0
0
0
0
0
0
0
0
0
0
0
0
0
0
0
0
0
0
0
0
0
0
0
0
0
0
0
0
0
0
0
0
0
0
0
0
0
0
0
0
0
0
0
0
0
0
0
0
